#
# There is insufficient memory for the Java Runtime Environment to continue.
# Native memory allocation (malloc) failed to allocate 1048576 bytes. Error detail: AllocateHeap
# Possible reasons:
#   The system is out of physical RAM or swap space
#   This process is running with CompressedOops enabled, and the Java Heap may be blocking the growth of the native heap
# Possible solutions:
#   Reduce memory load on the system
#   Increase physical memory or swap space
#   Check if swap backing store is full
#   Decrease Java heap size (-Xmx/-Xms)
#   Decrease number of Java threads
#   Decrease Java thread stack sizes (-Xss)
#   Set larger code cache with -XX:ReservedCodeCacheSize=
#   JVM is running with Unscaled Compressed Oops mode in which the Java heap is
#     placed in the first 4GB address space. The Java Heap base address is the
#     maximum limit for the native heap growth. Please use -XX:HeapBaseMinAddress
#     to set the Java Heap base and to place the Java Heap above 4GB virtual address.
# This output file may be truncated or incomplete.
#
#  Out of Memory Error (allocation.cpp:44), pid=10012, tid=14188
#
# JRE version: OpenJDK Runtime Environment Temurin-17.0.11+9 (17.0.11+9) (build 17.0.11+9)
# Java VM: OpenJDK 64-Bit Server VM Temurin-17.0.11+9 (17.0.11+9, mixed mode, emulated-client, tiered, compressed oops, compressed class ptrs, g1 gc, windows-amd64)
# No core dump will be written. Minidumps are not enabled by default on client versions of Windows
#

---------------  S U M M A R Y ------------

Command Line: -Xmx1024m -Dsts.lsp.client=vscode -Dsts.log.file=/dev/null -XX:TieredStopAtLevel=1 -Xlog:jni+resolve=off -Dspring.config.location=file:c:\Users\hp\.vscode\extensions\vmware.vscode-spring-boot-1.56.0\language-server\BOOT-INF\classes\application.properties org.springframework.ide.vscode.boot.app.BootLanguageServerBootApp

Host: Intel(R) Core(TM) i5-6300U CPU @ 2.40GHz, 4 cores, 7G,  Windows 10 , 64 bit Build 19041 (10.0.19041.4597)
Time: Thu Aug 15 11:13:20 2024 Paris, Madrid (heure duild 19041 (10.0.19041.4597) elapsed time: 1736.144363 seconds (0d 0h 28m 56s)

---------------  T H R E A D  ---------------

Current thread (0x000001cb9bd3b020):  VMThread "VM Thread" [stack: 0x0000005996600000,0x0000005996700000] [id=14188]

Stack: [0x0000005996600000,0x0000005996700000]
Native frames: (J=compiled Java code, j=interpreted, Vv=VM code, C=native code)
V  [jvm.dll+0x67d429]
V  [jvm.dll+0x834b7a]
V  [jvm.dll+0x83663e]
V  [jvm.dll+0x836ca3]
V  [jvm.dll+0x247dbf]
V  [jvm.dll+0xa6cb3]
V  [jvm.dll+0x2f8ad3]
V  [jvm.dll+0x2f4750]
V  [jvm.dll+0x2dcf67]
V  [jvm.dll+0x31fb67]
V  [jvm.dll+0x83b19b]
V  [jvm.dll+0x83bed2]
V  [jvm.dll+0x83c3ed]
V  [jvm.dll+0x83c7c4]
V  [jvm.dll+0x83c890]
V  [jvm.dll+0x7e410a]
V  [jvm.dll+0x67c315]
C  [ucrtbase.dll+0x21bb2]
C  [KERNEL32.DLL+0x17374]
C  [ntdll.dll+0x4cc91]

VM_Operation (0x00000059978feb70): G1CollectFull, mode: safepoint, requested by thread 0x000001cba0b3cf00


---------------  P R O C E S S  ---------------

Threads class SMR info:
_java_thread_list=0x000001cba1aa2800, length=21, elements={
0x000001cb9bd4f380, 0x000001cb9bd50110, 0x000001cb9bd92010, 0x000001cb9bd949f0,
0x000001cb9bd952c0, 0x000001cb9bd95b90, 0x000001cb9bd96510, 0x000001cba0020430,
0x000001cba0217640, 0x000001cba021c720, 0x000001cba1914880, 0x000001cba0b3cf00,
0x000001cba0b3d3e0, 0x000001cb917c9390, 0x000001cba1909e20, 0x000001cba1aa92e0,
0x000001cba1aa97c0, 0x000001cba1adfff0, 0x000001cba1adf0c0, 0x000001cba1addc80,
0x000001cba1ade190
}

Java Threads: ( => current thread )
  0x000001cb9bd4f380 JavaThread "Reference Handler" daemon [_thread_blocked, id=15580, stack(0x0000005996700000,0x0000005996800000)]
  0x000001cb9bd50110 JavaThread "Finalizer" daemon [_thread_blocked, id=13972, stack(0x0000005996800000,0x0000005996900000)]
  0x000001cb9bd92010 JavaThread "Signal Dispatcher" daemon [_thread_blocked, id=14236, stack(0x0000005996900000,0x0000005996a00000)]
  0x000001cb9bd949f0 JavaThread "Attach Listener" daemon [_thread_blocked, id=7076, stack(0x0000005996a00000,0x0000005996b00000)]
  0x000001cb9bd952c0 JavaThread "Service Thread" daemon [_thread_blocked, id=21208, stack(0x0000005996b00000,0x0000005996c00000)]
  0x000001cb9bd95b90 JavaThread "Monitor Deflation Thread" daemon [_thread_blocked, id=18212, stack(0x0000005996c00000,0x0000005996d00000)]
  0x000001cb9bd96510 JavaThread "C1 CompilerThread0" daemon [_thread_blocked, id=12308, stack(0x0000005996d00000,0x0000005996e00000)]
  0x000001cba0020430 JavaThread "Sweeper thread" daemon [_thread_blocked, id=16252, stack(0x0000005996e00000,0x0000005996f00000)]
  0x000001cba0217640 JavaThread "Notification Thread" daemon [_thread_blocked, id=15068, stack(0x0000005997100000,0x0000005997200000)]
  0x000001cba021c720 JavaThread "Common-Cleaner" daemon [_thread_blocked, id=21464, stack(0x0000005997300000,0x0000005997400000)]
  0x000001cba1914880 JavaThread "boundedElastic-evictor-1" daemon [_thread_blocked, id=19732, stack(0x0000005997700000,0x0000005997800000)]
  0x000001cba0b3cf00 JavaThread "pool-13-thread-1" [_thread_blocked, id=16956, stack(0x0000005997800000,0x0000005997900000)]
  0x000001cba0b3d3e0 JavaThread "LanguageServerApp-lifecycle" [_thread_blocked, id=4396, stack(0x0000005997900000,0x0000005997a00000)]
  0x000001cb917c9390 JavaThread "DestroyJavaVM" [_thread_blocked, id=14572, stack(0x0000005995f00000,0x0000005996000000)]
  0x000001cba1909e20 JavaThread "pool-14-thread-1" [_thread_in_native, id=8008, stack(0x0000005997a00000,0x0000005997b00000)]
  0x000001cba1aa92e0 JavaThread "Simple-Language-Server main thread" daemon [_thread_blocked, id=5540, stack(0x0000005997b00000,0x0000005997c00000)]
  0x000001cba1aa97c0 JavaThread "pool-8-thread-1" [_thread_blocked, id=7092, stack(0x0000005997c00000,0x0000005997d00000)]
  0x000001cba1adfff0 JavaThread "parallel-1" daemon [_thread_blocked, id=13912, stack(0x0000005997d00000,0x0000005997e00000)]
  0x000001cba1adf0c0 JavaThread "pool-6-thread-1" [_thread_blocked, id=2316, stack(0x0000005997f00000,0x0000005998000000)]
  0x000001cba1addc80 JavaThread "parallel-2" daemon [_thread_blocked, id=2748, stack(0x0000005998000000,0x0000005998100000)]
  0x000001cba1ade190 JavaThread "Reconciler-1" daemon [_thread_blocked, id=1084, stack(0x0000005998500000,0x0000005998600000)]

Other Threads:
=>0x000001cb9bd3b020 VMThread "VM Thread" [stack: 0x0000005996600000,0x0000005996700000] [id=14188]
  0x000001cba0217b20 WatcherThread [stack: 0x0000005997200000,0x0000005997300000] [id=18324]
  0x000001cb91808220 GCTaskThread "GC Thread#0" [stack: 0x0000005996100000,0x0000005996200000] [id=13960]
  0x000001cba0879020 GCTaskThread "GC Thread#1" [stack: 0x0000005997400000,0x0000005997500000] [id=16352]
  0x000001cba08792e0 GCTaskThread "GC Thread#2" [stack: 0x0000005997500000,0x0000005997600000] [id=8068]
  0x000001cba0bf9d00 GCTaskThread "GC Thread#3" [stack: 0x0000005997600000,0x0000005997700000] [id=3956]
  0x000001cb91811080 ConcurrentGCThread "G1 Main Marker" [stack: 0x0000005996200000,0x0000005996300000] [id=19812]
  0x000001cb918119b0 ConcurrentGCThread "G1 Conc#0" [stack: 0x0000005996300000,0x0000005996400000] [id=20364]
  0x000001cb91876b20 ConcurrentGCThread "G1 Refine#0" [stack: 0x0000005996400000,0x0000005996500000] [id=19216]
  0x000001cb91877460 ConcurrentGCThread "G1 Service" [stack: 0x0000005996500000,0x0000005996600000] [id=14212]

Threads with active compile tasks:

VM state: at safepoint (normal execution)

VM Mutex/Monitor currently owned by a thread:  ([mutex/lock_event])
[0x000001cb8f51c250] Threads_lock - owner thread: 0x000001cb9bd3b020
[0x000001cb917c60c0] Heap_lock - owner thread: 0x000001cba0b3cf00

Heap address: 0x00000000c0000000, size: 1024 MB, Compressed Oops mode: 32-bit

CDS archive(s) not mapped
Compressed class space mapped at: 0x0000000100000000-0x0000000140000000, reserved size: 1073741824
Narrow klass base: 0x0000000000000000, Narrow klass shift: 3, Narrow klass range: 0x140000000

GC Precious Log:
 CPUs: 4 total, 4 available
 Memory: 8039M
 Large Page Support: Disabled
 NUMA Support: Disabled
 Compressed Oops: Enabled (32-bit)
 Heap Region Size: 1M
 Heap Min Capacity: 8M
 Heap Initial Capacity: 126M
 Heap Max Capacity: 1G
 Pre-touch: Disabled
 Parallel Workers: 4
 Concurrent Workers: 1
 Concurrent Refinement Workers: 4
 Periodic GC: Disabled

Heap:
 garbage-first heap   total 75776K, used 25171K [0x00000000c0000000, 0x0000000100000000)
  region size 1024K, 1 young (1024K), 0 survivors (0K)
 Metaspace       used 40974K, committed 41600K, reserved 1114112K
  class space    used 5236K, committed 5504K, reserved 1048576K

Heap Regions: E=young(eden), S=young(survivor), O=old, HS=humongous(starts), HC=humongous(continues), CS=collection set, F=free, OA=open archive, CA=closed archive, TAMS=top-at-mark-start (previous, next)
|   0|0x00000000c0000000, 0x00000000c0100000, 0x00000000c0100000|100%|HS|  |TAMS 0x00000000c0100000, 0x00000000c0000000| Untracked 
|   1|0x00000000c0100000, 0x00000000c0200000, 0x00000000c0200000|100%|HC|  |TAMS 0x00000000c0200000, 0x00000000c0100000| Untracked 
|   2|0x00000000c0200000, 0x00000000c0300000, 0x00000000c0300000|100%|HC|  |TAMS 0x00000000c0300000, 0x00000000c0200000| Untracked 
|   3|0x00000000c0300000, 0x00000000c0400000, 0x00000000c0400000|100%|HC|  |TAMS 0x00000000c0400000, 0x00000000c0300000| Untracked 
|   4|0x00000000c0400000, 0x00000000c04fe8f0, 0x00000000c0500000| 99%| O|  |TAMS 0x00000000c04fe8f0, 0x00000000c0400000| Untracked 
|   5|0x00000000c0500000, 0x00000000c05ff158, 0x00000000c0600000| 99%| O|  |TAMS 0x00000000c05ff158, 0x00000000c0500000| Untracked 
|   6|0x00000000c0600000, 0x00000000c06ff5d0, 0x00000000c0700000| 99%| O|  |TAMS 0x00000000c06ff5d0, 0x00000000c0600000| Untracked 
|   7|0x00000000c0700000, 0x00000000c0800000, 0x00000000c0800000|100%| O|  |TAMS 0x00000000c0800000, 0x00000000c0700000| Untracked 
|   8|0x00000000c0800000, 0x00000000c0900000, 0x00000000c0900000|100%| O|  |TAMS 0x00000000c0900000, 0x00000000c0800000| Untracked 
|   9|0x00000000c0900000, 0x00000000c0a00000, 0x00000000c0a00000|100%| O|  |TAMS 0x00000000c0a00000, 0x00000000c0900000| Untracked 
|  10|0x00000000c0a00000, 0x00000000c0b00000, 0x00000000c0b00000|100%|HS|  |TAMS 0x00000000c0b00000, 0x00000000c0a00000| Untracked 
|  11|0x00000000c0b00000, 0x00000000c0c00000, 0x00000000c0c00000|100%|HC|  |TAMS 0x00000000c0c00000, 0x00000000c0b00000| Untracked 
|  12|0x00000000c0c00000, 0x00000000c0d00000, 0x00000000c0d00000|100%| O|  |TAMS 0x00000000c0d00000, 0x00000000c0c00000| Untracked 
|  13|0x00000000c0d00000, 0x00000000c0dffff8, 0x00000000c0e00000| 99%| O|  |TAMS 0x00000000c0dffff8, 0x00000000c0d00000| Untracked 
|  14|0x00000000c0e00000, 0x00000000c0f00000, 0x00000000c0f00000|100%| O|  |TAMS 0x00000000c0f00000, 0x00000000c0e00000| Untracked 
|  15|0x00000000c0f00000, 0x00000000c1000000, 0x00000000c1000000|100%| O|  |TAMS 0x00000000c1000000, 0x00000000c0f00000| Untracked 
|  16|0x00000000c1000000, 0x00000000c10fffe8, 0x00000000c1100000| 99%| O|  |TAMS 0x00000000c10fffe8, 0x00000000c1000000| Untracked 
|  17|0x00000000c1100000, 0x00000000c11fffe0, 0x00000000c1200000| 99%| O|  |TAMS 0x00000000c11fffe0, 0x00000000c1100000| Untracked 
|  18|0x00000000c1200000, 0x00000000c12ffff8, 0x00000000c1300000| 99%| O|  |TAMS 0x00000000c12ffff8, 0x00000000c1200000| Untracked 
|  19|0x00000000c1300000, 0x00000000c13ffff8, 0x00000000c1400000| 99%| O|  |TAMS 0x00000000c13ffff8, 0x00000000c1300000| Untracked 
|  20|0x00000000c1400000, 0x00000000c14ffff8, 0x00000000c1500000| 99%| O|  |TAMS 0x00000000c14ffff8, 0x00000000c1400000| Untracked 
|  21|0x00000000c1500000, 0x00000000c15fff80, 0x00000000c1600000| 99%| O|  |TAMS 0x00000000c15fff80, 0x00000000c1500000| Untracked 
|  22|0x00000000c1600000, 0x00000000c16fffd8, 0x00000000c1700000| 99%| O|  |TAMS 0x00000000c16fffd8, 0x00000000c1600000| Untracked 
|  23|0x00000000c1700000, 0x00000000c17bf308, 0x00000000c1800000| 74%| O|  |TAMS 0x00000000c1700000, 0x00000000c1700000| Untracked 
|  24|0x00000000c1800000, 0x00000000c18d8a98, 0x00000000c1900000| 84%| O|  |TAMS 0x00000000c1800000, 0x00000000c1800000| Untracked 
|  25|0x00000000c1900000, 0x00000000c1900000, 0x00000000c1a00000|  0%| F|  |TAMS 0x00000000c1900000, 0x00000000c1900000| Untracked 
|  26|0x00000000c1a00000, 0x00000000c1a00000, 0x00000000c1b00000|  0%| F|  |TAMS 0x00000000c1a00000, 0x00000000c1a00000| Untracked 
|  27|0x00000000c1b00000, 0x00000000c1b00000, 0x00000000c1c00000|  0%| F|  |TAMS 0x00000000c1b00000, 0x00000000c1b00000| Untracked 
|  28|0x00000000c1c00000, 0x00000000c1c00000, 0x00000000c1d00000|  0%| F|  |TAMS 0x00000000c1c00000, 0x00000000c1c00000| Untracked 
|  29|0x00000000c1d00000, 0x00000000c1d00000, 0x00000000c1e00000|  0%| F|  |TAMS 0x00000000c1d00000, 0x00000000c1d00000| Untracked 
|  30|0x00000000c1e00000, 0x00000000c1e00000, 0x00000000c1f00000|  0%| F|  |TAMS 0x00000000c1e00000, 0x00000000c1e00000| Untracked 
|  31|0x00000000c1f00000, 0x00000000c1f00000, 0x00000000c2000000|  0%| F|  |TAMS 0x00000000c1f00000, 0x00000000c1f00000| Untracked 
|  32|0x00000000c2000000, 0x00000000c2000000, 0x00000000c2100000|  0%| F|  |TAMS 0x00000000c2000000, 0x00000000c2000000| Untracked 
|  33|0x00000000c2100000, 0x00000000c2100000, 0x00000000c2200000|  0%| F|  |TAMS 0x00000000c2100000, 0x00000000c2100000| Untracked 
|  34|0x00000000c2200000, 0x00000000c2200000, 0x00000000c2300000|  0%| F|  |TAMS 0x00000000c2200000, 0x00000000c2200000| Untracked 
|  35|0x00000000c2300000, 0x00000000c2300000, 0x00000000c2400000|  0%| F|  |TAMS 0x00000000c2300000, 0x00000000c2300000| Untracked 
|  36|0x00000000c2400000, 0x00000000c2400000, 0x00000000c2500000|  0%| F|  |TAMS 0x00000000c2400000, 0x00000000c2400000| Untracked 
|  37|0x00000000c2500000, 0x00000000c2500000, 0x00000000c2600000|  0%| F|  |TAMS 0x00000000c2500000, 0x00000000c2500000| Untracked 
|  38|0x00000000c2600000, 0x00000000c2600000, 0x00000000c2700000|  0%| F|  |TAMS 0x00000000c2600000, 0x00000000c2600000| Untracked 
|  39|0x00000000c2700000, 0x00000000c2700000, 0x00000000c2800000|  0%| F|  |TAMS 0x00000000c2700000, 0x00000000c2700000| Untracked 
|  40|0x00000000c2800000, 0x00000000c2800000, 0x00000000c2900000|  0%| F|  |TAMS 0x00000000c2800000, 0x00000000c2800000| Untracked 
|  41|0x00000000c2900000, 0x00000000c2900000, 0x00000000c2a00000|  0%| F|  |TAMS 0x00000000c2900000, 0x00000000c2900000| Untracked 
|  42|0x00000000c2a00000, 0x00000000c2a00000, 0x00000000c2b00000|  0%| F|  |TAMS 0x00000000c2a00000, 0x00000000c2a00000| Untracked 
|  43|0x00000000c2b00000, 0x00000000c2b00000, 0x00000000c2c00000|  0%| F|  |TAMS 0x00000000c2b00000, 0x00000000c2b00000| Untracked 
|  44|0x00000000c2c00000, 0x00000000c2c00000, 0x00000000c2d00000|  0%| F|  |TAMS 0x00000000c2c00000, 0x00000000c2c00000| Untracked 
|  45|0x00000000c2d00000, 0x00000000c2d00000, 0x00000000c2e00000|  0%| F|  |TAMS 0x00000000c2d00000, 0x00000000c2d00000| Untracked 
|  46|0x00000000c2e00000, 0x00000000c2e00000, 0x00000000c2f00000|  0%| F|  |TAMS 0x00000000c2e00000, 0x00000000c2e00000| Untracked 
|  47|0x00000000c2f00000, 0x00000000c2f00000, 0x00000000c3000000|  0%| F|  |TAMS 0x00000000c2f00000, 0x00000000c2f00000| Untracked 
|  48|0x00000000c3000000, 0x00000000c3000000, 0x00000000c3100000|  0%| F|  |TAMS 0x00000000c3000000, 0x00000000c3000000| Untracked 
|  49|0x00000000c3100000, 0x00000000c3100000, 0x00000000c3200000|  0%| F|  |TAMS 0x00000000c3100000, 0x00000000c3100000| Untracked 
|  50|0x00000000c3200000, 0x00000000c3200000, 0x00000000c3300000|  0%| F|  |TAMS 0x00000000c3200000, 0x00000000c3200000| Untracked 
|  51|0x00000000c3300000, 0x00000000c3300000, 0x00000000c3400000|  0%| F|  |TAMS 0x00000000c3300000, 0x00000000c3300000| Untracked 
|  52|0x00000000c3400000, 0x00000000c3400000, 0x00000000c3500000|  0%| F|  |TAMS 0x00000000c3400000, 0x00000000c3400000| Untracked 
|  53|0x00000000c3500000, 0x00000000c3500000, 0x00000000c3600000|  0%| F|  |TAMS 0x00000000c3500000, 0x00000000c3500000| Untracked 
|  54|0x00000000c3600000, 0x00000000c3600000, 0x00000000c3700000|  0%| F|  |TAMS 0x00000000c3600000, 0x00000000c3600000| Untracked 
|  55|0x00000000c3700000, 0x00000000c3700000, 0x00000000c3800000|  0%| F|  |TAMS 0x00000000c3700000, 0x00000000c3700000| Untracked 
|  56|0x00000000c3800000, 0x00000000c3800000, 0x00000000c3900000|  0%| F|  |TAMS 0x00000000c3800000, 0x00000000c3800000| Untracked 
|  57|0x00000000c3900000, 0x00000000c3900000, 0x00000000c3a00000|  0%| F|  |TAMS 0x00000000c3900000, 0x00000000c3900000| Untracked 
|  58|0x00000000c3a00000, 0x00000000c3a00000, 0x00000000c3b00000|  0%| F|  |TAMS 0x00000000c3a00000, 0x00000000c3a00000| Untracked 
|  59|0x00000000c3b00000, 0x00000000c3b00000, 0x00000000c3c00000|  0%| F|  |TAMS 0x00000000c3b00000, 0x00000000c3b00000| Untracked 
|  60|0x00000000c3c00000, 0x00000000c3c00000, 0x00000000c3d00000|  0%| F|  |TAMS 0x00000000c3c00000, 0x00000000c3c00000| Untracked 
|  61|0x00000000c3d00000, 0x00000000c3d00000, 0x00000000c3e00000|  0%| F|  |TAMS 0x00000000c3d00000, 0x00000000c3d00000| Untracked 
|  62|0x00000000c3e00000, 0x00000000c3e00000, 0x00000000c3f00000|  0%| F|  |TAMS 0x00000000c3e00000, 0x00000000c3e00000| Untracked 
|  63|0x00000000c3f00000, 0x00000000c3f00000, 0x00000000c4000000|  0%| F|  |TAMS 0x00000000c3f00000, 0x00000000c3f00000| Untracked 
|  64|0x00000000c4000000, 0x00000000c4000000, 0x00000000c4100000|  0%| F|  |TAMS 0x00000000c4000000, 0x00000000c4000000| Untracked 
|  65|0x00000000c4100000, 0x00000000c4100000, 0x00000000c4200000|  0%| F|  |TAMS 0x00000000c4100000, 0x00000000c4100000| Untracked 
|  66|0x00000000c4200000, 0x00000000c4200000, 0x00000000c4300000|  0%| F|  |TAMS 0x00000000c4200000, 0x00000000c4200000| Untracked 
|  67|0x00000000c4300000, 0x00000000c4300000, 0x00000000c4400000|  0%| F|  |TAMS 0x00000000c4300000, 0x00000000c4300000| Untracked 
|  78|0x00000000c4e00000, 0x00000000c4e00000, 0x00000000c4f00000|  0%| F|  |TAMS 0x00000000c4e00000, 0x00000000c4e00000| Untracked 
|  79|0x00000000c4f00000, 0x00000000c4f00000, 0x00000000c5000000|  0%| F|  |TAMS 0x00000000c4f00000, 0x00000000c4f00000| Untracked 
|  80|0x00000000c5000000, 0x00000000c5000000, 0x00000000c5100000|  0%| F|  |TAMS 0x00000000c5000000, 0x00000000c5000000| Untracked 
|  81|0x00000000c5100000, 0x00000000c5100000, 0x00000000c5200000|  0%| F|  |TAMS 0x00000000c5100000, 0x00000000c5100000| Untracked 
|  82|0x00000000c5200000, 0x00000000c5200000, 0x00000000c5300000|  0%| F|  |TAMS 0x00000000c5200000, 0x00000000c5200000| Untracked 
| 125|0x00000000c7d00000, 0x00000000c7d26698, 0x00000000c7e00000| 15%| E|  |TAMS 0x00000000c7d00000, 0x00000000c7d00000| Complete 

Card table byte_map: [0x000001cb97460000,0x000001cb97660000] _byte_map_base: 0x000001cb96e60000

Marking Bits (Prev, Next): (CMBitMap*) 0x000001cb91808790, (CMBitMap*) 0x000001cb91808750
 Prev Bits: [0x000001cb98860000, 0x000001cb99860000)
 Next Bits: [0x000001cb97860000, 0x000001cb98860000)

Polling page: 0x000001cb8f6f0000

Metaspace:

Usage:
  Non-class:     34.90 MB used.
      Class:      5.11 MB used.
       Both:     40.01 MB used.

Virtual space:
  Non-class space:       64.00 MB reserved,      35.25 MB ( 55%) committed,  1 nodes.
      Class space:        1.00 GB reserved,       5.38 MB ( <1%) committed,  1 nodes.
             Both:        1.06 GB reserved,      40.62 MB (  4%) committed. 

Chunk freelists:
   Non-Class:  12.29 MB
       Class:  10.70 MB
        Both:  22.98 MB

MaxMetaspaceSize: unlimited
CompressedClassSpaceSize: 1.00 GB
Initial GC threshold: 21.00 MB
Current GC threshold: 67.62 MB
CDS: off
MetaspaceReclaimPolicy: balanced
 - commit_granule_bytes: 65536.
 - commit_granule_words: 8192.
 - virtual_space_node_default_size: 8388608.
 - enlarge_chunks_in_place: 1.
 - new_chunks_are_fully_committed: 0.
 - uncommit_free_chunks: 1.
 - use_allocation_guard: 0.
 - handle_deallocations: 1.


Internal statistics:

num_allocs_failed_limit: 6.
num_arena_births: 502.
num_arena_deaths: 152.
num_vsnodes_births: 2.
num_vsnodes_deaths: 0.
num_space_committed: 649.
num_space_uncommitted: 0.
num_chunks_returned_to_freelist: 176.
num_chunks_taken_from_freelist: 1724.
num_chunk_merges: 54.
num_chunk_splits: 1208.
num_chunks_enlarged: 915.
num_inconsistent_stats: 0.

CodeCache: size=49152Kb used=6902Kb max_used=7894Kb free=42249Kb
 bounds [0x000001cb94460000, 0x000001cb94c20000, 0x000001cb97460000]
 total_blobs=4276 nmethods=3728 adapters=475
 compilation: enabled
              stopped_count=0, restarted_count=0
 full_count=0

Compilation events (20 events):
Event: 1321.444 Thread 0x000001cb9bd96510 3722       1       java.util.concurrent.ScheduledThreadPoolExecutor$ScheduledFutureTask::setNextRunTime (38 bytes)
Event: 1321.444 Thread 0x000001cb9bd96510 nmethod 3722 0x000001cb94676e10 code [0x000001cb94676fc0, 0x000001cb946771a8]
Event: 1321.444 Thread 0x000001cb9bd96510 3723       1       java.util.concurrent.ScheduledThreadPoolExecutor::reExecutePeriodic (49 bytes)
Event: 1321.444 Thread 0x000001cb9bd96510 nmethod 3723 0x000001cb94676810 code [0x000001cb94676a00, 0x000001cb94676c48]
Event: 1342.028 Thread 0x000001cb9bd96510 3724       1       org.springframework.ide.vscode.commons.languageserver.util.SimpleLanguageServer::getParentProcessId (5 bytes)
Event: 1342.029 Thread 0x000001cb9bd96510 nmethod 3724 0x000001cb94676510 code [0x000001cb946766a0, 0x000001cb94676778]
Event: 1372.680 Thread 0x000001cb9bd96510 3725       1       java.io.FileInputStream::<init> (59 bytes)
Event: 1372.696 Thread 0x000001cb9bd96510 nmethod 3725 0x000001cb94675c10 code [0x000001cb94675e00, 0x000001cb946762c8]
Event: 1372.696 Thread 0x000001cb9bd96510 3726       1       java.lang.Process$PipeInputStream::<init> (6 bytes)
Event: 1372.696 Thread 0x000001cb9bd96510 nmethod 3726 0x000001cb94675910 code [0x000001cb94675aa0, 0x000001cb94675b88]
Event: 1372.837 Thread 0x000001cb9bd96510 3727       1       java.lang.ProcessImpl::exitValue (28 bytes)
Event: 1372.865 Thread 0x000001cb9bd96510 nmethod 3727 0x000001cb94675510 code [0x000001cb946756c0, 0x000001cb94675818]
Event: 1372.865 Thread 0x000001cb9bd96510 3730   !   1       com.google.common.io.Closeables::closeQuietly (19 bytes)
Event: 1372.865 Thread 0x000001cb9bd96510 nmethod 3730 0x000001cb94675110 code [0x000001cb946752c0, 0x000001cb94675438]
Event: 1372.865 Thread 0x000001cb9bd96510 3728       1       java.lang.ProcessImpl::getInputStream (5 bytes)
Event: 1372.865 Thread 0x000001cb9bd96510 nmethod 3728 0x000001cb94674e10 code [0x000001cb94674fa0, 0x000001cb94675078]
Event: 1372.865 Thread 0x000001cb9bd96510 3729       1       java.lang.ProcessImpl::getErrorStream (5 bytes)
Event: 1372.865 Thread 0x000001cb9bd96510 nmethod 3729 0x000001cb94674b10 code [0x000001cb94674ca0, 0x000001cb94674d78]
Event: 1372.865 Thread 0x000001cb9bd96510 3731       1       java.lang.ProcessImpl::getOutputStream (5 bytes)
Event: 1372.866 Thread 0x000001cb9bd96510 nmethod 3731 0x000001cb94674810 code [0x000001cb946749a0, 0x000001cb94674a78]

GC Heap History (20 events):
Event: 1618.897 GC heap before
{Heap before GC invocations=161 (full 151):
 garbage-first heap   total 75776K, used 25171K [0x00000000c0000000, 0x0000000100000000)
  region size 1024K, 1 young (1024K), 0 survivors (0K)
 Metaspace       used 40974K, committed 41600K, reserved 1114112K
  class space    used 5236K, committed 5504K, reserved 1048576K
}
Event: 1618.933 GC heap after
{Heap after GC invocations=162 (full 152):
 garbage-first heap   total 75776K, used 25171K [0x00000000c0000000, 0x0000000100000000)
  region size 1024K, 0 young (0K), 0 survivors (0K)
 Metaspace       used 40974K, committed 41600K, reserved 1114112K
  class space    used 5236K, committed 5504K, reserved 1048576K
}
Event: 1629.742 GC heap before
{Heap before GC invocations=162 (full 152):
 garbage-first heap   total 75776K, used 25171K [0x00000000c0000000, 0x0000000100000000)
  region size 1024K, 1 young (1024K), 0 survivors (0K)
 Metaspace       used 40974K, committed 41600K, reserved 1114112K
  class space    used 5236K, committed 5504K, reserved 1048576K
}
Event: 1629.774 GC heap after
{Heap after GC invocations=163 (full 153):
 garbage-first heap   total 75776K, used 25171K [0x00000000c0000000, 0x0000000100000000)
  region size 1024K, 0 young (0K), 0 survivors (0K)
 Metaspace       used 40974K, committed 41600K, reserved 1114112K
  class space    used 5236K, committed 5504K, reserved 1048576K
}
Event: 1640.037 GC heap before
{Heap before GC invocations=163 (full 153):
 garbage-first heap   total 75776K, used 25171K [0x00000000c0000000, 0x0000000100000000)
  region size 1024K, 1 young (1024K), 0 survivors (0K)
 Metaspace       used 40974K, committed 41600K, reserved 1114112K
  class space    used 5236K, committed 5504K, reserved 1048576K
}
Event: 1640.066 GC heap after
{Heap after GC invocations=164 (full 154):
 garbage-first heap   total 75776K, used 25171K [0x00000000c0000000, 0x0000000100000000)
  region size 1024K, 0 young (0K), 0 survivors (0K)
 Metaspace       used 40974K, committed 41600K, reserved 1114112K
  class space    used 5236K, committed 5504K, reserved 1048576K
}
Event: 1652.600 GC heap before
{Heap before GC invocations=164 (full 154):
 garbage-first heap   total 75776K, used 25171K [0x00000000c0000000, 0x0000000100000000)
  region size 1024K, 1 young (1024K), 0 survivors (0K)
 Metaspace       used 40974K, committed 41600K, reserved 1114112K
  class space    used 5236K, committed 5504K, reserved 1048576K
}
Event: 1652.634 GC heap after
{Heap after GC invocations=165 (full 155):
 garbage-first heap   total 75776K, used 25171K [0x00000000c0000000, 0x0000000100000000)
  region size 1024K, 0 young (0K), 0 survivors (0K)
 Metaspace       used 40974K, committed 41600K, reserved 1114112K
  class space    used 5236K, committed 5504K, reserved 1048576K
}
Event: 1662.795 GC heap before
{Heap before GC invocations=165 (full 155):
 garbage-first heap   total 75776K, used 25171K [0x00000000c0000000, 0x0000000100000000)
  region size 1024K, 1 young (1024K), 0 survivors (0K)
 Metaspace       used 40974K, committed 41600K, reserved 1114112K
  class space    used 5236K, committed 5504K, reserved 1048576K
}
Event: 1662.823 GC heap after
{Heap after GC invocations=166 (full 156):
 garbage-first heap   total 75776K, used 25171K [0x00000000c0000000, 0x0000000100000000)
  region size 1024K, 0 young (0K), 0 survivors (0K)
 Metaspace       used 40974K, committed 41600K, reserved 1114112K
  class space    used 5236K, committed 5504K, reserved 1048576K
}
Event: 1673.244 GC heap before
{Heap before GC invocations=166 (full 156):
 garbage-first heap   total 75776K, used 25171K [0x00000000c0000000, 0x0000000100000000)
  region size 1024K, 1 young (1024K), 0 survivors (0K)
 Metaspace       used 40974K, committed 41600K, reserved 1114112K
  class space    used 5236K, committed 5504K, reserved 1048576K
}
Event: 1673.280 GC heap after
{Heap after GC invocations=167 (full 157):
 garbage-first heap   total 75776K, used 25171K [0x00000000c0000000, 0x0000000100000000)
  region size 1024K, 0 young (0K), 0 survivors (0K)
 Metaspace       used 40974K, committed 41600K, reserved 1114112K
  class space    used 5236K, committed 5504K, reserved 1048576K
}
Event: 1685.319 GC heap before
{Heap before GC invocations=167 (full 157):
 garbage-first heap   total 75776K, used 25171K [0x00000000c0000000, 0x0000000100000000)
  region size 1024K, 1 young (1024K), 0 survivors (0K)
 Metaspace       used 40974K, committed 41600K, reserved 1114112K
  class space    used 5236K, committed 5504K, reserved 1048576K
}
Event: 1685.355 GC heap after
{Heap after GC invocations=168 (full 158):
 garbage-first heap   total 75776K, used 25171K [0x00000000c0000000, 0x0000000100000000)
  region size 1024K, 0 young (0K), 0 survivors (0K)
 Metaspace       used 40974K, committed 41600K, reserved 1114112K
  class space    used 5236K, committed 5504K, reserved 1048576K
}
Event: 1696.978 GC heap before
{Heap before GC invocations=168 (full 158):
 garbage-first heap   total 75776K, used 25171K [0x00000000c0000000, 0x0000000100000000)
  region size 1024K, 1 young (1024K), 0 survivors (0K)
 Metaspace       used 40974K, committed 41600K, reserved 1114112K
  class space    used 5236K, committed 5504K, reserved 1048576K
}
Event: 1697.007 GC heap after
{Heap after GC invocations=169 (full 159):
 garbage-first heap   total 75776K, used 25171K [0x00000000c0000000, 0x0000000100000000)
  region size 1024K, 0 young (0K), 0 survivors (0K)
 Metaspace       used 40974K, committed 41600K, reserved 1114112K
  class space    used 5236K, committed 5504K, reserved 1048576K
}
Event: 1714.886 GC heap before
{Heap before GC invocations=169 (full 159):
 garbage-first heap   total 75776K, used 25171K [0x00000000c0000000, 0x0000000100000000)
  region size 1024K, 1 young (1024K), 0 survivors (0K)
 Metaspace       used 40974K, committed 41600K, reserved 1114112K
  class space    used 5236K, committed 5504K, reserved 1048576K
}
Event: 1714.918 GC heap after
{Heap after GC invocations=170 (full 160):
 garbage-first heap   total 75776K, used 25171K [0x00000000c0000000, 0x0000000100000000)
  region size 1024K, 0 young (0K), 0 survivors (0K)
 Metaspace       used 40974K, committed 41600K, reserved 1114112K
  class space    used 5236K, committed 5504K, reserved 1048576K
}
Event: 1725.915 GC heap before
{Heap before GC invocations=170 (full 160):
 garbage-first heap   total 75776K, used 25171K [0x00000000c0000000, 0x0000000100000000)
  region size 1024K, 1 young (1024K), 0 survivors (0K)
 Metaspace       used 40974K, committed 41600K, reserved 1114112K
  class space    used 5236K, committed 5504K, reserved 1048576K
}
Event: 1725.952 GC heap after
{Heap after GC invocations=171 (full 161):
 garbage-first heap   total 75776K, used 25171K [0x00000000c0000000, 0x0000000100000000)
  region size 1024K, 0 young (0K), 0 survivors (0K)
 Metaspace       used 40974K, committed 41600K, reserved 1114112K
  class space    used 5236K, committed 5504K, reserved 1048576K
}

Dll operation events (8 events):
Event: 0.011 Loaded shared library c:\Users\hp\.vscode\extensions\redhat.java-1.33.0-win32-x64\jre\17.0.11-win32-x86_64\bin\java.dll
Event: 1.851 Loaded shared library C:\Users\hp\.vscode\extensions\redhat.java-1.33.0-win32-x64\jre\17.0.11-win32-x86_64\bin\net.dll
Event: 1.854 Loaded shared library C:\Users\hp\.vscode\extensions\redhat.java-1.33.0-win32-x64\jre\17.0.11-win32-x86_64\bin\nio.dll
Event: 1.868 Loaded shared library C:\Users\hp\.vscode\extensions\redhat.java-1.33.0-win32-x64\jre\17.0.11-win32-x86_64\bin\zip.dll
Event: 3.174 Loaded shared library C:\Users\hp\.vscode\extensions\redhat.java-1.33.0-win32-x64\jre\17.0.11-win32-x86_64\bin\jimage.dll
Event: 9.513 Loaded shared library c:\Users\hp\.vscode\extensions\redhat.java-1.33.0-win32-x64\jre\17.0.11-win32-x86_64\bin\verify.dll
Event: 18.376 Loaded shared library C:\Users\hp\.vscode\extensions\redhat.java-1.33.0-win32-x64\jre\17.0.11-win32-x86_64\bin\management.dll
Event: 18.382 Loaded shared library C:\Users\hp\.vscode\extensions\redhat.java-1.33.0-win32-x64\jre\17.0.11-win32-x86_64\bin\management_ext.dll

Deoptimization events (0 events):
No events

Classes unloaded (20 events):
Event: 79.053 Thread 0x000001cb9bd3b020 Unloading class 0x00000001003b1400 'java/lang/invoke/LambdaForm$MH+0x00000001003b1400'
Event: 79.053 Thread 0x000001cb9bd3b020 Unloading class 0x00000001003b1000 'java/lang/invoke/LambdaForm$MH+0x00000001003b1000'
Event: 79.053 Thread 0x000001cb9bd3b020 Unloading class 0x0000000100096000 'java/lang/invoke/LambdaForm$MH+0x0000000100096000'
Event: 79.053 Thread 0x000001cb9bd3b020 Unloading class 0x0000000100095c00 'java/lang/invoke/LambdaForm$MH+0x0000000100095c00'
Event: 79.053 Thread 0x000001cb9bd3b020 Unloading class 0x0000000100095800 'java/lang/invoke/LambdaForm$MH+0x0000000100095800'
Event: 79.053 Thread 0x000001cb9bd3b020 Unloading class 0x0000000100095400 'java/lang/invoke/LambdaForm$MH+0x0000000100095400'
Event: 79.053 Thread 0x000001cb9bd3b020 Unloading class 0x0000000100095000 'java/lang/invoke/LambdaForm$MH+0x0000000100095000'
Event: 79.053 Thread 0x000001cb9bd3b020 Unloading class 0x0000000100094c00 'java/lang/invoke/LambdaForm$MH+0x0000000100094c00'
Event: 79.053 Thread 0x000001cb9bd3b020 Unloading class 0x0000000100094800 'java/lang/invoke/LambdaForm$MH+0x0000000100094800'
Event: 79.053 Thread 0x000001cb9bd3b020 Unloading class 0x0000000100094400 'java/lang/invoke/LambdaForm$MH+0x0000000100094400'
Event: 79.053 Thread 0x000001cb9bd3b020 Unloading class 0x000000010008e800 'java/lang/invoke/LambdaForm$MH+0x000000010008e800'
Event: 79.053 Thread 0x000001cb9bd3b020 Unloading class 0x000000010008e400 'java/lang/invoke/LambdaForm$MH+0x000000010008e400'
Event: 79.053 Thread 0x000001cb9bd3b020 Unloading class 0x000000010008e000 'java/lang/invoke/LambdaForm$MH+0x000000010008e000'
Event: 79.053 Thread 0x000001cb9bd3b020 Unloading class 0x000000010008dc00 'java/lang/invoke/LambdaForm$MH+0x000000010008dc00'
Event: 79.053 Thread 0x000001cb9bd3b020 Unloading class 0x000000010008d800 'java/lang/invoke/LambdaForm$MH+0x000000010008d800'
Event: 79.053 Thread 0x000001cb9bd3b020 Unloading class 0x000000010008d400 'java/lang/invoke/LambdaForm$MH+0x000000010008d400'
Event: 79.053 Thread 0x000001cb9bd3b020 Unloading class 0x000000010008cc00 'java/lang/invoke/LambdaForm$MH+0x000000010008cc00'
Event: 79.053 Thread 0x000001cb9bd3b020 Unloading class 0x000000010008c800 'java/lang/invoke/LambdaForm$MH+0x000000010008c800'
Event: 79.053 Thread 0x000001cb9bd3b020 Unloading class 0x000000010008c000 'java/lang/invoke/LambdaForm$MH+0x000000010008c000'
Event: 79.053 Thread 0x000001cb9bd3b020 Unloading class 0x000000010008bc00 'java/lang/invoke/LambdaForm$MH+0x000000010008bc00'

Classes redefined (0 events):
No events

Internal exceptions (20 events):
Event: 14.711 Thread 0x000001cb917c9390 Exception <a 'java/lang/NoSuchMethodError'{0x00000000c3ffc2a0}: 'java.lang.Object java.lang.invoke.Invokers$Holder.invoke_MT(java.lang.Object, java.lang.Object, java.lang.Object, java.lang.Object, java.lang.Object, java.lang.Object, java.lang.Object, java.lang.Object, java.lang.Object, java.lang.Object)'> (0x00000000c3ffc2a0) 
thrown [s\src\hotspot\share\interpreter\linkResolver.cpp, line 759]
Event: 14.763 Thread 0x000001cb917c9390 Exception <a 'java/lang/NoSuchMethodError'{0x00000000c3e44a58}: 'java.lang.Object java.lang.invoke.DirectMethodHandle$Holder.invokeSpecial(java.lang.Object, java.lang.Object, int, java.lang.Object, java.lang.Object)'> (0x00000000c3e44a58) 
thrown [s\src\hotspot\share\interpreter\linkResolver.cpp, line 759]
Event: 14.767 Thread 0x000001cb917c9390 Exception <a 'java/lang/NoSuchMethodError'{0x00000000c3e48700}: 'java.lang.Object java.lang.invoke.DelegatingMethodHandle$Holder.delegate(java.lang.Object, int, java.lang.Object, java.lang.Object)'> (0x00000000c3e48700) 
thrown [s\src\hotspot\share\interpreter\linkResolver.cpp, line 759]
Event: 14.769 Thread 0x000001cb917c9390 Exception <a 'java/lang/NoSuchMethodError'{0x00000000c3e59588}: 'int java.lang.invoke.Invokers$Holder.linkToTargetMethod(java.lang.Object, java.lang.Object, java.lang.Object)'> (0x00000000c3e59588) 
thrown [s\src\hotspot\share\interpreter\linkResolver.cpp, line 759]
Event: 15.530 Thread 0x000001cb917c9390 Exception <a 'java/lang/NoSuchMethodError'{0x00000000c39013b0}: 'java.lang.Object java.lang.invoke.DirectMethodHandle$Holder.invokeStaticInit(java.lang.Object, int, int, int, int)'> (0x00000000c39013b0) 
thrown [s\src\hotspot\share\interpreter\linkResolver.cpp, line 759]
Event: 15.974 Thread 0x000001cb917c9390 Exception <a 'java/lang/NoSuchMethodError'{0x00000000c3949b38}: 'java.lang.Object java.lang.invoke.DirectMethodHandle$Holder.invokeStaticInit(java.lang.Object, java.lang.Object, int, int, int, int)'> (0x00000000c3949b38) 
thrown [s\src\hotspot\share\interpreter\linkResolver.cpp, line 759]
Event: 16.513 Thread 0x000001cb917c9390 Exception <a 'java/lang/NoSuchMethodError'{0x00000000c31c78c8}: 'void java.lang.invoke.DirectMethodHandle$Holder.invokeSpecialIFC(java.lang.Object, java.lang.Object, java.lang.Object)'> (0x00000000c31c78c8) 
thrown [s\src\hotspot\share\interpreter\linkResolver.cpp, line 759]
Event: 17.425 Thread 0x000001cb917c9390 Exception <a 'java/lang/NoSuchMethodError'{0x00000000c34f4828}: 'int java.lang.invoke.DirectMethodHandle$Holder.invokeStaticInit(java.lang.Object, java.lang.Object, int, java.lang.Object)'> (0x00000000c34f4828) 
thrown [s\src\hotspot\share\interpreter\linkResolver.cpp, line 759]
Event: 17.543 Thread 0x000001cb917c9390 Exception <a 'java/lang/NoSuchMethodError'{0x00000000c7d97408}: 'void java.lang.invoke.DirectMethodHandle$Holder.invokeSpecial(java.lang.Object, java.lang.Object, java.lang.Object, java.lang.Object, java.lang.Object, java.lang.Object, java.lang.Object)'> (0x00000000c7d97408) 
thrown [s\src\hotspot\share\interpreter\linkResolver.cpp, line 759]
Event: 17.956 Thread 0x000001cb917c9390 Exception <a 'java/lang/NoSuchMethodError'{0x00000000c4ee8478}: 'java.lang.Object java.lang.invoke.DirectMethodHandle$Holder.invokeInterface(java.lang.Object, java.lang.Object, int)'> (0x00000000c4ee8478) 
thrown [s\src\hotspot\share\interpreter\linkResolver.cpp, line 759]
Event: 17.959 Thread 0x000001cb917c9390 Exception <a 'java/lang/IncompatibleClassChangeError'{0x00000000c4eff190}: Found class java.lang.Object, but interface was expected> (0x00000000c4eff190) 
thrown [s\src\hotspot\share\interpreter\linkResolver.cpp, line 826]
Event: 18.341 Thread 0x000001cb917c9390 Exception <a 'java/lang/NoSuchMethodError'{0x00000000c3effe38}: 'java.lang.Object java.lang.invoke.DirectMethodHandle$Holder.newInvokeSpecial(java.lang.Object, java.lang.Object, int, java.lang.Object, java.lang.Object)'> (0x00000000c3effe38) 
thrown [s\src\hotspot\share\interpreter\linkResolver.cpp, line 759]
Event: 18.361 Thread 0x000001cb917c9390 Exception <a 'java/lang/NoSuchMethodError'{0x00000000c3d17238}: 'java.lang.Object java.lang.invoke.DirectMethodHandle$Holder.newInvokeSpecial(java.lang.Object, java.lang.Object, java.lang.Object, int)'> (0x00000000c3d17238) 
thrown [s\src\hotspot\share\interpreter\linkResolver.cpp, line 759]
Event: 18.362 Thread 0x000001cb917c9390 Exception <a 'java/lang/NoSuchMethodError'{0x00000000c3d1b520}: 'java.lang.Object java.lang.invoke.DirectMethodHandle$Holder.invokeSpecial(java.lang.Object, java.lang.Object, java.lang.Object, java.lang.Object, int)'> (0x00000000c3d1b520) 
thrown [s\src\hotspot\share\interpreter\linkResolver.cpp, line 759]
Event: 18.362 Thread 0x000001cb917c9390 Exception <a 'java/lang/NoSuchMethodError'{0x00000000c3d1f0e8}: 'java.lang.Object java.lang.invoke.Invokers$Holder.linkToTargetMethod(java.lang.Object, java.lang.Object, int, java.lang.Object)'> (0x00000000c3d1f0e8) 
thrown [s\src\hotspot\share\interpreter\linkResolver.cpp, line 759]
Event: 19.630 Thread 0x000001cba1909e20 Exception <a 'java/lang/NoSuchMethodError'{0x00000000c338c680}: 'java.lang.Object java.lang.invoke.DirectMethodHandle$Holder.invokeStatic(java.lang.Object, java.lang.Object, java.lang.Object, int, java.lang.Object, java.lang.Object)'> (0x00000000c338c680) 
thrown [s\src\hotspot\share\interpreter\linkResolver.cpp, line 759]
Event: 20.653 Thread 0x000001cba1ade190 Exception <a 'java/lang/NoSuchMethodError'{0x00000000c4f6ba50}: 'int java.lang.invoke.DirectMethodHandle$Holder.invokeStatic(java.lang.Object)'> (0x00000000c4f6ba50) 
thrown [s\src\hotspot\share\interpreter\linkResolver.cpp, line 759]
Event: 20.655 Thread 0x000001cba1ade190 Exception <a 'java/lang/NoSuchMethodError'{0x00000000c4f6ee88}: 'int java.lang.invoke.DirectMethodHandle$Holder.invokeStaticInit(java.lang.Object)'> (0x00000000c4f6ee88) 
thrown [s\src\hotspot\share\interpreter\linkResolver.cpp, line 759]
Event: 58.378 Thread 0x000001cba0b3cf00 Exception <a 'java/lang/NoSuchMethodError'{0x00000000c4fcbbd8}: 'void java.lang.invoke.DirectMethodHandle$Holder.invokeStatic(java.lang.Object, long)'> (0x00000000c4fcbbd8) 
thrown [s\src\hotspot\share\interpreter\linkResolver.cpp, line 759]
Event: 58.378 Thread 0x000001cba0b3cf00 Exception <a 'java/lang/NoSuchMethodError'{0x00000000c4fd0f80}: 'java.lang.Object java.lang.invoke.DirectMethodHandle$Holder.newInvokeSpecial(java.lang.Object, long)'> (0x00000000c4fd0f80) 
thrown [s\src\hotspot\share\interpreter\linkResolver.cpp, line 759]

VM Operations (20 events):
Event: 1618.933 Executing VM operation: G1CollectFull done
Event: 1629.742 Executing VM operation: G1CollectFull
Event: 1629.775 Executing VM operation: G1CollectFull done
Event: 1640.037 Executing VM operation: G1CollectFull
Event: 1640.066 Executing VM operation: G1CollectFull done
Event: 1652.600 Executing VM operation: G1CollectFull
Event: 1652.634 Executing VM operation: G1CollectFull done
Event: 1662.795 Executing VM operation: G1CollectFull
Event: 1662.823 Executing VM operation: G1CollectFull done
Event: 1673.244 Executing VM operation: G1CollectFull
Event: 1673.280 Executing VM operation: G1CollectFull done
Event: 1685.319 Executing VM operation: G1CollectFull
Event: 1685.355 Executing VM operation: G1CollectFull done
Event: 1696.978 Executing VM operation: G1CollectFull
Event: 1697.007 Executing VM operation: G1CollectFull done
Event: 1714.886 Executing VM operation: G1CollectFull
Event: 1714.918 Executing VM operation: G1CollectFull done
Event: 1725.915 Executing VM operation: G1CollectFull
Event: 1725.953 Executing VM operation: G1CollectFull done
Event: 1736.131 Executing VM operation: G1CollectFull

Events (20 events):
Event: 20.659 loading class java/util/concurrent/atomic/AtomicLongFieldUpdater$CASUpdater done
Event: 20.659 loading class java/util/concurrent/atomic/AtomicLongFieldUpdater$CASUpdater$1
Event: 20.659 loading class java/util/concurrent/atomic/AtomicLongFieldUpdater$CASUpdater$1 done
Event: 58.364 loading class java/lang/ProcessBuilder
Event: 58.365 loading class java/lang/ProcessBuilder done
Event: 58.365 loading class java/lang/ProcessImpl
Event: 58.366 loading class java/lang/ProcessImpl done
Event: 58.379 loading class java/lang/ProcessImpl$2
Event: 58.379 loading class java/lang/ProcessImpl$2 done
Event: 58.379 loading class java/lang/Process$PipeInputStream
Event: 58.379 loading class java/lang/Process$PipeInputStream done
Event: 58.380 loading class jdk/internal/event/ProcessStartEvent
Event: 58.380 loading class jdk/internal/event/ProcessStartEvent done
Event: 58.542 loading class java/io/FileOutputStream$1
Event: 58.542 loading class java/io/FileOutputStream$1 done
Event: 80.007 Thread 0x000001cba1ae0500 Thread exited: 0x000001cba1ae0500
Event: 80.007 Thread 0x000001cba1adfae0 Thread exited: 0x000001cba1adfae0
Event: 80.009 Thread 0x000001cba1adf5d0 Thread exited: 0x000001cba1adf5d0
Event: 80.022 Thread 0x000001cba1add770 Thread exited: 0x000001cba1add770
Event: 80.843 Thread 0x000001cba1adcd50 Thread exited: 0x000001cba1adcd50


Dynamic libraries:
0x00007ff6f5fd0000 - 0x00007ff6f5fde000 	c:\Users\hp\.vscode\extensions\redhat.java-1.33.0-win32-x64\jre\17.0.11-win32-x86_64\bin\java.exe
0x00007ffcfcb90000 - 0x00007ffcfcd88000 	C:\WINDOWS\SYSTEM32\ntdll.dll
0x00007ffcfc860000 - 0x00007ffcfc921000 	C:\WINDOWS\System32\KERNEL32.DLL
0x00007ffcfa320000 - 0x00007ffcfa616000 	C:\WINDOWS\System32\KERNELBASE.dll
0x00007ffcfa850000 - 0x00007ffcfa950000 	C:\WINDOWS\System32\ucrtbase.dll
0x00007ffccc3c0000 - 0x00007ffccc3d7000 	c:\Users\hp\.vscode\extensions\redhat.java-1.33.0-win32-x64\jre\17.0.11-win32-x86_64\bin\jli.dll
0x00007ffcfc2d0000 - 0x00007ffcfc46f000 	C:\WINDOWS\System32\USER32.dll
0x00007ffcfa2f0000 - 0x00007ffcfa312000 	C:\WINDOWS\System32\win32u.dll
0x00007ffcfb200000 - 0x00007ffcfb22b000 	C:\WINDOWS\System32\GDI32.dll
0x00007ffcfa9e0000 - 0x00007ffcfaaf7000 	C:\WINDOWS\System32\gdi32full.dll
0x00007ffcfa650000 - 0x00007ffcfa6ed000 	C:\WINDOWS\System32\msvcp_win.dll
0x00007ffca1ee0000 - 0x00007ffca1efb000 	c:\Users\hp\.vscode\extensions\redhat.java-1.33.0-win32-x64\jre\17.0.11-win32-x86_64\bin\VCRUNTIME140.dll
0x00007ffce0570000 - 0x00007ffce080a000 	C:\WINDOWS\WinSxS\amd64_microsoft.windows.common-controls_6595b64144ccf1df_6.0.19041.4355_none_60b8b9eb71f62e16\COMCTL32.dll
0x00007ffcfb300000 - 0x00007ffcfb39e000 	C:\WINDOWS\System32\msvcrt.dll
0x00007ffcfc540000 - 0x00007ffcfc56f000 	C:\WINDOWS\System32\IMM32.DLL
0x00007ffcdff00000 - 0x00007ffcdff0c000 	c:\Users\hp\.vscode\extensions\redhat.java-1.33.0-win32-x64\jre\17.0.11-win32-x86_64\bin\vcruntime140_1.dll
0x00007ffc9f870000 - 0x00007ffc9f8fd000 	c:\Users\hp\.vscode\extensions\redhat.java-1.33.0-win32-x64\jre\17.0.11-win32-x86_64\bin\msvcp140.dll
0x00007ffc991d0000 - 0x00007ffc99e32000 	c:\Users\hp\.vscode\extensions\redhat.java-1.33.0-win32-x64\jre\17.0.11-win32-x86_64\bin\server\jvm.dll
0x00007ffcfb3a0000 - 0x00007ffcfb450000 	C:\WINDOWS\System32\ADVAPI32.dll
0x00007ffcfc480000 - 0x00007ffcfc520000 	C:\WINDOWS\System32\sechost.dll
0x00007ffcfb450000 - 0x00007ffcfb573000 	C:\WINDOWS\System32\RPCRT4.dll
0x00007ffcfa620000 - 0x00007ffcfa647000 	C:\WINDOWS\System32\bcrypt.dll
0x00007ffcfa090000 - 0x00007ffcfa0db000 	C:\WINDOWS\SYSTEM32\POWRPROF.dll
0x00007ffccf770000 - 0x00007ffccf779000 	C:\WINDOWS\SYSTEM32\WSOCK32.dll
0x00007ffcfbcf0000 - 0x00007ffcfbd5b000 	C:\WINDOWS\System32\WS2_32.dll
0x00007ffce0490000 - 0x00007ffce04b7000 	C:\WINDOWS\SYSTEM32\WINMM.dll
0x00007ffcf5250000 - 0x00007ffcf525a000 	C:\WINDOWS\SYSTEM32\VERSION.dll
0x00007ffcfa070000 - 0x00007ffcfa082000 	C:\WINDOWS\SYSTEM32\UMPDC.dll
0x00007ffcf80c0000 - 0x00007ffcf80d2000 	C:\WINDOWS\SYSTEM32\kernel.appcore.dll
0x00007ffcdef50000 - 0x00007ffcdef5a000 	c:\Users\hp\.vscode\extensions\redhat.java-1.33.0-win32-x64\jre\17.0.11-win32-x86_64\bin\jimage.dll
0x00007ffce2450000 - 0x00007ffce2634000 	C:\WINDOWS\SYSTEM32\DBGHELP.DLL
0x00007ffcccb70000 - 0x00007ffcccba4000 	C:\WINDOWS\SYSTEM32\dbgcore.DLL
0x00007ffcfa950000 - 0x00007ffcfa9d2000 	C:\WINDOWS\System32\bcryptPrimitives.dll
0x00007ffca6a40000 - 0x00007ffca6a65000 	c:\Users\hp\.vscode\extensions\redhat.java-1.33.0-win32-x64\jre\17.0.11-win32-x86_64\bin\java.dll
0x00007ffcaf500000 - 0x00007ffcaf518000 	c:\Users\hp\.vscode\extensions\redhat.java-1.33.0-win32-x64\jre\17.0.11-win32-x86_64\bin\zip.dll
0x00007ffcfb580000 - 0x00007ffcfbcec000 	C:\WINDOWS\System32\SHELL32.dll
0x00007ffcf82c0000 - 0x00007ffcf8a5e000 	C:\WINDOWS\SYSTEM32\windows.storage.dll
0x00007ffcfbf70000 - 0x00007ffcfc2c3000 	C:\WINDOWS\System32\combase.dll
0x00007ffcf9bf0000 - 0x00007ffcf9c1e000 	C:\WINDOWS\SYSTEM32\Wldp.dll
0x00007ffcfb230000 - 0x00007ffcfb2fd000 	C:\WINDOWS\System32\OLEAUT32.dll
0x00007ffcfcaa0000 - 0x00007ffcfcb4d000 	C:\WINDOWS\System32\SHCORE.dll
0x00007ffcfc800000 - 0x00007ffcfc855000 	C:\WINDOWS\System32\shlwapi.dll
0x00007ffcfa170000 - 0x00007ffcfa194000 	C:\WINDOWS\SYSTEM32\profapi.dll
0x00007ffcaf110000 - 0x00007ffcaf129000 	C:\Users\hp\.vscode\extensions\redhat.java-1.33.0-win32-x64\jre\17.0.11-win32-x86_64\bin\net.dll
0x00007ffcf1d10000 - 0x00007ffcf1e1a000 	C:\WINDOWS\SYSTEM32\WINHTTP.dll
0x00007ffcf9950000 - 0x00007ffcf99ba000 	C:\WINDOWS\system32\mswsock.dll
0x00007ffcad8e0000 - 0x00007ffcad8f6000 	C:\Users\hp\.vscode\extensions\redhat.java-1.33.0-win32-x64\jre\17.0.11-win32-x86_64\bin\nio.dll
0x00007ffcddcb0000 - 0x00007ffcddcc0000 	c:\Users\hp\.vscode\extensions\redhat.java-1.33.0-win32-x64\jre\17.0.11-win32-x86_64\bin\verify.dll
0x00007ffcf9b40000 - 0x00007ffcf9b58000 	C:\WINDOWS\SYSTEM32\CRYPTSP.dll
0x00007ffcf9270000 - 0x00007ffcf92a4000 	C:\WINDOWS\system32\rsaenh.dll
0x00007ffcfa0e0000 - 0x00007ffcfa10e000 	C:\WINDOWS\SYSTEM32\USERENV.dll
0x00007ffcf9b60000 - 0x00007ffcf9b6c000 	C:\WINDOWS\SYSTEM32\CRYPTBASE.dll
0x00007ffcf9630000 - 0x00007ffcf966b000 	C:\WINDOWS\SYSTEM32\IPHLPAPI.DLL
0x00007ffcfc470000 - 0x00007ffcfc478000 	C:\WINDOWS\System32\NSI.dll
0x00007ffcf3730000 - 0x00007ffcf3747000 	C:\WINDOWS\SYSTEM32\dhcpcsvc6.DLL
0x00007ffcf4750000 - 0x00007ffcf476d000 	C:\WINDOWS\SYSTEM32\dhcpcsvc.DLL
0x00007ffcf9670000 - 0x00007ffcf973a000 	C:\WINDOWS\SYSTEM32\DNSAPI.dll
0x00007ffcd17b0000 - 0x00007ffcd17b9000 	C:\Users\hp\.vscode\extensions\redhat.java-1.33.0-win32-x64\jre\17.0.11-win32-x86_64\bin\management.dll
0x00007ffcccb60000 - 0x00007ffcccb6b000 	C:\Users\hp\.vscode\extensions\redhat.java-1.33.0-win32-x64\jre\17.0.11-win32-x86_64\bin\management_ext.dll
0x00007ffcfc520000 - 0x00007ffcfc528000 	C:\WINDOWS\System32\PSAPI.DLL

dbghelp: loaded successfully - version: 4.0.5 - missing functions: none
symbol engine: initialized successfully - sym options: 0x614 - pdb path: .;c:\Users\hp\.vscode\extensions\redhat.java-1.33.0-win32-x64\jre\17.0.11-win32-x86_64\bin;C:\WINDOWS\SYSTEM32;C:\WINDOWS\WinSxS\amd64_microsoft.windows.common-controls_6595b64144ccf1df_6.0.19041.4355_none_60b8b9eb71f62e16;c:\Users\hp\.vscode\extensions\redhat.java-1.33.0-win32-x64\jre\17.0.11-win32-x86_64\bin\server

VM Arguments:
jvm_args: -Xmx1024m -Dsts.lsp.client=vscode -Dsts.log.file=/dev/null -XX:TieredStopAtLevel=1 -Xlog:jni+resolve=off -Dspring.config.location=file:c:\Users\hp\.vscode\extensions\vmware.vscode-spring-boot-1.56.0\language-server\BOOT-INF\classes\application.properties 
java_command: org.springframework.ide.vscode.boot.app.BootLanguageServerBootApp
java_class_path (initial): c:\Users\hp\.vscode\extensions\vmware.vscode-spring-boot-1.56.0\language-server\BOOT-INF\classes;c:\Users\hp\.vscode\extensions\vmware.vscode-spring-boot-1.56.0\language-server\BOOT-INF\lib\annotations-24.1.0.jar;c:\Users\hp\.vscode\extensions\vmware.vscode-spring-boot-1.56.0\language-server\BOOT-INF\lib\antlr4-runtime-4.13.1.jar;c:\Users\hp\.vscode\extensions\vmware.vscode-spring-boot-1.56.0\language-server\BOOT-INF\lib\asm-9.7.jar;c:\Users\hp\.vscode\extensions\vmware.vscode-spring-boot-1.56.0\language-server\BOOT-INF\lib\asm-analysis-9.7.jar;c:\Users\hp\.vscode\extensions\vmware.vscode-spring-boot-1.56.0\language-server\BOOT-INF\lib\asm-tree-9.7.jar;c:\Users\hp\.vscode\extensions\vmware.vscode-spring-boot-1.56.0\language-server\BOOT-INF\lib\asm-util-9.7.jar;c:\Users\hp\.vscode\extensions\vmware.vscode-spring-boot-1.56.0\language-server\BOOT-INF\lib\caffeine-3.1.8.jar;c:\Users\hp\.vscode\extensions\vmware.vscode-spring-boot-1.56.0\language-server\BOOT-INF\lib\checker-qual-3.12.0.jar;c:\Users\hp\.vscode\extensions\vmware.vscode-spring-boot-1.56.0\language-server\BOOT-INF\lib\classgraph-4.8.149.jar;c:\Users\hp\.vscode\extensions\vmware.vscode-spring-boot-1.56.0\language-server\BOOT-INF\lib\commons-codec-1.16.1.jar;c:\Users\hp\.vscode\extensions\vmware.vscode-spring-boot-1.56.0\language-server\BOOT-INF\lib\commons-compress-1.26.2.jar;c:\Users\hp\.vscode\extensions\vmware.vscode-spring-boot-1.56.0\language-server\BOOT-INF\lib\commons-io-2.16.1.jar;c:\Users\hp\.vscode\extensions\vmware.vscode-spring-boot-1.56.0\language-server\BOOT-INF\lib\commons-java-1.56.0-SNAPSHOT.jar;c:\Users\hp\.vscode\extensions\vmware.vscode-spring-boot-1.56.0\language-server\BOOT-INF\lib\commons-lang3-3.14.0.jar;c:\Users\hp\.vscode\extensions\vmware.vscode-spring-boot-1.56.0\language-server\BOOT-INF\lib\commons-language-server-1.56.0-SNAPSHOT.jar;c:\Users\hp\.vscode\extensions\vmware.vscode-spring-boot-1.56.0\language-server\BOOT-INF\lib\commons-lsp-extensions-1.56
Launcher Type: SUN_STANDARD

[Global flags]
     intx CICompilerCount                          = 3                                         {product} {ergonomic}
     uint ConcGCThreads                            = 1                                         {product} {ergonomic}
     uint G1ConcRefinementThreads                  = 4                                         {product} {ergonomic}
   size_t G1HeapRegionSize                         = 1048576                                   {product} {ergonomic}
    uintx GCDrainStackTargetSize                   = 64                                        {product} {ergonomic}
   size_t InitialHeapSize                          = 132120576                                 {product} {ergonomic}
   size_t MarkStackSize                            = 4194304                                   {product} {ergonomic}
   size_t MaxHeapSize                              = 1073741824                                {product} {command line}
   size_t MaxNewSize                               = 643825664                                 {product} {ergonomic}
   size_t MinHeapDeltaBytes                        = 1048576                                   {product} {ergonomic}
   size_t MinHeapSize                              = 8388608                                   {product} {ergonomic}
    uintx NonProfiledCodeHeapSize                  = 0                                      {pd product} {ergonomic}
     bool ProfileInterpreter                       = false                                  {pd product} {command line}
    uintx ProfiledCodeHeapSize                     = 0                                      {pd product} {ergonomic}
   size_t SoftMaxHeapSize                          = 1073741824                             {manageable} {ergonomic}
     intx TieredStopAtLevel                        = 1                                         {product} {command line}
     bool UseCompressedClassPointers               = true                           {product lp64_product} {ergonomic}
     bool UseCompressedOops                        = true                           {product lp64_product} {ergonomic}
     bool UseG1GC                                  = true                                      {product} {ergonomic}
     bool UseLargePagesIndividualAllocation        = false                                  {pd product} {ergonomic}

Logging:
Log output configuration:
 #0: stdout all=warning,jni+resolve=off uptime,level,tags
 #1: stderr all=off uptime,level,tags

Environment Variables:
JAVA_HOME=C:\Program Files\Java\jdk-19
PATH=C:\Program Files\Common Files\Oracle\Java\javapath;C:\Program Files (x86)\Common Files\Oracle\Java\javapath;C:\WINDOWS\system32;C:\WINDOWS;C:\WINDOWS\System32\Wbem;C:\WINDOWS\System32\WindowsPowerShell\v1.0\;C:\WINDOWS\System32\OpenSSH\;C:\Program Files\Microsoft SQL Server\150\Tools\Binn\;C:\Program Files (x86)\dotnet\;C:\Program Files\Microsoft SQL Server\Client SDK\ODBC\170\Tools\Binn\;C:\Program Files (x86)\Microsoft SQL Server\150\Tools\Binn\;C:\Program Files\Microsoft SQL Server\150\DTS\Binn\;C:\Program Files\nodejs\;C:\Program Files\Git\cmd;C:\Program Files\MongoDB\mongosh-2.1.1-win32-x64\mongosh-2.1.1-win32-x64\bin;C:\Program Files\MongoDB\Tools\100\bin;C:\Hdo\elasticsearch-8.11.3-windows-x86_64\elasticsearch-8.11.3\bin;C:\Hdo\kibana-8.11.3-windows-x86_64\kibana-8.11.3\bin;C:\Hdo\logstash-8.11.3-windows-x86_64\logstash-8.11.3\bin;C:\Users\hp\Downloads\apache-maven-3.9.5-bin\apache-maven-3.9.5\bin;C:\Users\hp\AppData\Local\Microsoft\WindowsApps;C:\Users\hp\AppData\Local\Programs\Microsoft VS Code\bin;C:\MAMP\bin\mysql\bin;C:\Program Files\Azure Data Studio\bin;C:\Users\hp\AppData\Roaming\npm;C:\Program Files\Java\jdk-19\bin;C:\Program Files\JetBrains\IntelliJ IDEA 2023.2.4\bin;;C:\flutter\flutter_windows_3.19.5-stable\flutter\bin;C:\Users\hp\Downloads\apache-maven-3.9.7-bin\apache-maven-3.9.7\bin;
USERNAME=hp
OS=Windows_NT
PROCESSOR_IDENTIFIER=Intel64 Family 6 Model 78 Stepping 3, GenuineIntel
TMP=C:\Users\hp\AppData\Local\Temp
TEMP=C:\Users\hp\AppData\Local\Temp



Periodic native trim disabled


---------------  S Y S T E M  ---------------

OS:
 Windows 10 , 64 bit Build 19041 (10.0.19041.4597)
OS uptime: 1 days 22:36 hours

CPU: total 4 (initial active 4) (2 cores per cpu, 2 threads per core) family 6 model 78 stepping 3 microcode 0xcc, cx8, cmov, fxsr, ht, mmx, 3dnowpref, sse, sse2, sse3, ssse3, sse4.1, sse4.2, popcnt, lzcnt, tsc, tscinvbit, avx, avx2, aes, erms, clmul, bmi1, bmi2, rtm, adx, fma, vzeroupper, clflush, clflushopt
Processor Information for all 4 processors :
  Max Mhz: 2496, Current Mhz: 2396, Mhz Limit: 2396

Memory: 4k page, system-wide physical 8039M (234M free)
TotalPageFile size 16319M (AvailPageFile size 6M)
current process WorkingSet (physical memory assigned to process): 47M, peak: 170M
current process commit charge ("private bytes"): 200M, peak: 222M

vm_info: OpenJDK 64-Bit Server VM (17.0.11+9) for windows-amd64 JRE (17.0.11+9), built on Apr 17 2024 06:07:48 by "admin" with MS VC++ 16.10 / 16.11 (VS2019)

END.
