#
# There is insufficient memory for the Java Runtime Environment to continue.
# Native memory allocation (malloc) failed to allocate 2097152 bytes. Error detail: AllocateHeap
# Possible reasons:
#   The system is out of physical RAM or swap space
#   This process is running with CompressedOops enabled, and the Java Heap may be blocking the growth of the native heap
# Possible solutions:
#   Reduce memory load on the system
#   Increase physical memory or swap space
#   Check if swap backing store is full
#   Decrease Java heap size (-Xmx/-Xms)
#   Decrease number of Java threads
#   Decrease Java thread stack sizes (-Xss)
#   Set larger code cache with -XX:ReservedCodeCacheSize=
#   JVM is running with Unscaled Compressed Oops mode in which the Java heap is
#     placed in the first 4GB address space. The Java Heap base address is the
#     maximum limit for the native heap growth. Please use -XX:HeapBaseMinAddress
#     to set the Java Heap base and to place the Java Heap above 4GB virtual address.
# This output file may be truncated or incomplete.
#
#  Out of Memory Error (allocation.cpp:44), pid=13708, tid=15152
#
# JRE version: OpenJDK Runtime Environment Temurin-17.0.11+9 (17.0.11+9) (build 17.0.11+9)
# Java VM: OpenJDK 64-Bit Server VM Temurin-17.0.11+9 (17.0.11+9, mixed mode, emulated-client, tiered, compressed oops, compressed class ptrs, g1 gc, windows-amd64)
# No core dump will be written. Minidumps are not enabled by default on client versions of Windows
#

---------------  S U M M A R Y ------------

Command Line: -Xmx1024m -Dsts.lsp.client=vscode -Dsts.log.file=/dev/null -XX:TieredStopAtLevel=1 -Xlog:jni+resolve=off -Dspring.config.location=file:c:\Users\hp\.vscode\extensions\vmware.vscode-spring-boot-1.56.0\language-server\BOOT-INF\classes\application.properties org.springframework.ide.vscode.boot.app.BootLanguageServerBootApp

Host: Intel(R) Core(TM) i5-6300U CPU @ 2.40GHz, 4 cores, 7G,  Windows 10 , 64 bit Build 19041 (10.0.19041.4717)
Time: Tue Aug 20 17:03:33 2024 Paris, Madrid (heure duild 19041 (10.0.19041.4717) elapsed time: 623.171755 seconds (0d 0h 10m 23s)

---------------  T H R E A D  ---------------

Current thread (0x000001a8d0b1ab10):  VMThread "VM Thread" [stack: 0x000000076a800000,0x000000076a900000] [id=15152]

Stack: [0x000000076a800000,0x000000076a900000]
Native frames: (J=compiled Java code, j=interpreted, Vv=VM code, C=native code)
V  [jvm.dll+0x67d429]
V  [jvm.dll+0x834b7a]
V  [jvm.dll+0x83663e]
V  [jvm.dll+0x836ca3]
V  [jvm.dll+0x247dbf]
V  [jvm.dll+0xa6cb3]
V  [jvm.dll+0x2f8b61]
V  [jvm.dll+0x2f4750]
V  [jvm.dll+0x2dcf67]
V  [jvm.dll+0x31fb67]
V  [jvm.dll+0x83b19b]
V  [jvm.dll+0x83bed2]
V  [jvm.dll+0x83c3ed]
V  [jvm.dll+0x83c7c4]
V  [jvm.dll+0x83c890]
V  [jvm.dll+0x7e410a]
V  [jvm.dll+0x67c315]
C  [ucrtbase.dll+0x21bb2]
C  [KERNEL32.DLL+0x17374]
C  [ntdll.dll+0x4cc91]

VM_Operation (0x000000076baff2b0): G1CollectFull, mode: safepoint, requested by thread 0x000001a8d68b79b0


---------------  P R O C E S S  ---------------

Threads class SMR info:
_java_thread_list=0x000001a8d69dab40, length=23, elements={
0x000001a8d0b2f740, 0x000001a8d0b304d0, 0x000001a8d0b62ae0, 0x000001a8d0b633b0,
0x000001a8d0b63c80, 0x000001a8d0b64550, 0x000001a8d0b64ed0, 0x000001a8d0b66790,
0x000001a8d51f6510, 0x000001a8d51fa670, 0x000001a8d68b6570, 0x000001a8d68b79b0,
0x000001a8d68b83d0, 0x000001a8d68b88e0, 0x000001a8d68b9300, 0x000001a8d68b8df0,
0x000001a8d68b9810, 0x000001a8d68b6f90, 0x000001a8d68b7ec0, 0x000001a8d68b6a80,
0x000001a8d68b74a0, 0x000001a8d69b5670, 0x000001a8d69b0a80
}

Java Threads: ( => current thread )
  0x000001a8d0b2f740 JavaThread "Reference Handler" daemon [_thread_blocked, id=14436, stack(0x000000076a900000,0x000000076aa00000)]
  0x000001a8d0b304d0 JavaThread "Finalizer" daemon [_thread_blocked, id=3352, stack(0x000000076aa00000,0x000000076ab00000)]
  0x000001a8d0b62ae0 JavaThread "Signal Dispatcher" daemon [_thread_blocked, id=14200, stack(0x000000076ab00000,0x000000076ac00000)]
  0x000001a8d0b633b0 JavaThread "Attach Listener" daemon [_thread_blocked, id=14768, stack(0x000000076ac00000,0x000000076ad00000)]
  0x000001a8d0b63c80 JavaThread "Service Thread" daemon [_thread_blocked, id=11972, stack(0x000000076ad00000,0x000000076ae00000)]
  0x000001a8d0b64550 JavaThread "Monitor Deflation Thread" daemon [_thread_blocked, id=14060, stack(0x000000076ae00000,0x000000076af00000)]
  0x000001a8d0b64ed0 JavaThread "C1 CompilerThread0" daemon [_thread_blocked, id=10200, stack(0x000000076af00000,0x000000076b000000)]
  0x000001a8d0b66790 JavaThread "Sweeper thread" daemon [_thread_blocked, id=4612, stack(0x000000076b000000,0x000000076b100000)]
  0x000001a8d51f6510 JavaThread "Notification Thread" daemon [_thread_blocked, id=16152, stack(0x000000076b200000,0x000000076b300000)]
  0x000001a8d51fa670 JavaThread "Common-Cleaner" daemon [_thread_blocked, id=10632, stack(0x000000076b400000,0x000000076b500000)]
  0x000001a8d68b6570 JavaThread "boundedElastic-evictor-1" daemon [_thread_blocked, id=15528, stack(0x000000076b900000,0x000000076ba00000)]
  0x000001a8d68b79b0 JavaThread "pool-13-thread-1" [_thread_blocked, id=14212, stack(0x000000076ba00000,0x000000076bb00000)]
  0x000001a8d68b83d0 JavaThread "LanguageServerApp-lifecycle" [_thread_blocked, id=3708, stack(0x000000076bb00000,0x000000076bc00000)]
  0x000001a8d68b88e0 JavaThread "DestroyJavaVM" [_thread_blocked, id=10776, stack(0x000000076a200000,0x000000076a300000)]
  0x000001a8d68b9300 JavaThread "pool-14-thread-1" [_thread_in_native, id=8400, stack(0x000000076bc00000,0x000000076bd00000)]
  0x000001a8d68b8df0 JavaThread "Simple-Language-Server main thread" daemon [_thread_blocked, id=10308, stack(0x000000076bd00000,0x000000076be00000)]
  0x000001a8d68b9810 JavaThread "pool-8-thread-1" [_thread_blocked, id=1948, stack(0x000000076be00000,0x000000076bf00000)]
  0x000001a8d68b6f90 JavaThread "parallel-1" daemon [_thread_blocked, id=3764, stack(0x000000076bf00000,0x000000076c000000)]
  0x000001a8d68b7ec0 JavaThread "parallel-2" daemon [_thread_blocked, id=16092, stack(0x000000076c000000,0x000000076c100000)]
  0x000001a8d68b6a80 JavaThread "parallel-3" daemon [_thread_blocked, id=1368, stack(0x000000076c100000,0x000000076c200000)]
  0x000001a8d68b74a0 JavaThread "parallel-4" daemon [_thread_blocked, id=12424, stack(0x000000076c200000,0x000000076c300000)]
  0x000001a8d69b5670 JavaThread "pool-6-thread-1" [_thread_blocked, id=1808, stack(0x000000076c400000,0x000000076c500000)]
  0x000001a8d69b0a80 JavaThread "Reconciler-1" daemon [_thread_blocked, id=844, stack(0x000000076b700000,0x000000076b800000)]

Other Threads:
=>0x000001a8d0b1ab10 VMThread "VM Thread" [stack: 0x000000076a800000,0x000000076a900000] [id=15152]
  0x000001a8d51f9210 WatcherThread [stack: 0x000000076b300000,0x000000076b400000] [id=9796]
  0x000001a8c65f8e90 GCTaskThread "GC Thread#0" [stack: 0x000000076a300000,0x000000076a400000] [id=3376]
  0x000001a8d5845eb0 GCTaskThread "GC Thread#1" [stack: 0x000000076b500000,0x000000076b600000] [id=6172]
  0x000001a8d5846170 GCTaskThread "GC Thread#2" [stack: 0x000000076b600000,0x000000076b700000] [id=11176]
  0x000001a8d5c1c840 GCTaskThread "GC Thread#3" [stack: 0x000000076b100000,0x000000076b200000] [id=15996]
  0x000001a8c6601cf0 ConcurrentGCThread "G1 Main Marker" [stack: 0x000000076a400000,0x000000076a500000] [id=13328]
  0x000001a8c6602620 ConcurrentGCThread "G1 Conc#0" [stack: 0x000000076a500000,0x000000076a600000] [id=14236]
  0x000001a8c66685d0 ConcurrentGCThread "G1 Refine#0" [stack: 0x000000076a600000,0x000000076a700000] [id=12200]
  0x000001a8c6668f10 ConcurrentGCThread "G1 Service" [stack: 0x000000076a700000,0x000000076a800000] [id=2980]

Threads with active compile tasks:

VM state: at safepoint (normal execution)

VM Mutex/Monitor currently owned by a thread:  ([mutex/lock_event])
[0x000001a8c450ef70] Threads_lock - owner thread: 0x000001a8d0b1ab10
[0x000001a8c65b9660] Heap_lock - owner thread: 0x000001a8d68b79b0

Heap address: 0x00000000c0000000, size: 1024 MB, Compressed Oops mode: 32-bit

CDS archive(s) not mapped
Compressed class space mapped at: 0x0000000100000000-0x0000000140000000, reserved size: 1073741824
Narrow klass base: 0x0000000000000000, Narrow klass shift: 3, Narrow klass range: 0x140000000

GC Precious Log:
 CPUs: 4 total, 4 available
 Memory: 8039M
 Large Page Support: Disabled
 NUMA Support: Disabled
 Compressed Oops: Enabled (32-bit)
 Heap Region Size: 1M
 Heap Min Capacity: 8M
 Heap Initial Capacity: 126M
 Heap Max Capacity: 1G
 Pre-touch: Disabled
 Parallel Workers: 4
 Concurrent Workers: 1
 Concurrent Refinement Workers: 4
 Periodic GC: Disabled

Heap:
 garbage-first heap   total 75776K, used 25320K [0x00000000c0000000, 0x0000000100000000)
  region size 1024K, 1 young (1024K), 0 survivors (0K)
 Metaspace       used 40980K, committed 41600K, reserved 1114112K
  class space    used 5242K, committed 5504K, reserved 1048576K

Heap Regions: E=young(eden), S=young(survivor), O=old, HS=humongous(starts), HC=humongous(continues), CS=collection set, F=free, OA=open archive, CA=closed archive, TAMS=top-at-mark-start (previous, next)
|   0|0x00000000c0000000, 0x00000000c0100000, 0x00000000c0100000|100%|HS|  |TAMS 0x00000000c0100000, 0x00000000c0000000| Untracked 
|   1|0x00000000c0100000, 0x00000000c0200000, 0x00000000c0200000|100%|HC|  |TAMS 0x00000000c0200000, 0x00000000c0100000| Untracked 
|   2|0x00000000c0200000, 0x00000000c0300000, 0x00000000c0300000|100%|HC|  |TAMS 0x00000000c0300000, 0x00000000c0200000| Untracked 
|   3|0x00000000c0300000, 0x00000000c0400000, 0x00000000c0400000|100%|HC|  |TAMS 0x00000000c0400000, 0x00000000c0300000| Untracked 
|   4|0x00000000c0400000, 0x00000000c04ffff8, 0x00000000c0500000| 99%| O|  |TAMS 0x00000000c04ffff8, 0x00000000c0400000| Untracked 
|   5|0x00000000c0500000, 0x00000000c05fb770, 0x00000000c0600000| 98%| O|  |TAMS 0x00000000c05fb770, 0x00000000c0500000| Untracked 
|   6|0x00000000c0600000, 0x00000000c06fc248, 0x00000000c0700000| 98%| O|  |TAMS 0x00000000c06fc248, 0x00000000c0600000| Untracked 
|   7|0x00000000c0700000, 0x00000000c0800000, 0x00000000c0800000|100%| O|  |TAMS 0x00000000c0800000, 0x00000000c0700000| Untracked 
|   8|0x00000000c0800000, 0x00000000c0900000, 0x00000000c0900000|100%| O|  |TAMS 0x00000000c0900000, 0x00000000c0800000| Untracked 
|   9|0x00000000c0900000, 0x00000000c09ff698, 0x00000000c0a00000| 99%| O|  |TAMS 0x00000000c09ff698, 0x00000000c0900000| Untracked 
|  10|0x00000000c0a00000, 0x00000000c0b00000, 0x00000000c0b00000|100%|HS|  |TAMS 0x00000000c0b00000, 0x00000000c0a00000| Untracked 
|  11|0x00000000c0b00000, 0x00000000c0c00000, 0x00000000c0c00000|100%|HC|  |TAMS 0x00000000c0c00000, 0x00000000c0b00000| Untracked 
|  12|0x00000000c0c00000, 0x00000000c0d00000, 0x00000000c0d00000|100%| O|  |TAMS 0x00000000c0d00000, 0x00000000c0c00000| Untracked 
|  13|0x00000000c0d00000, 0x00000000c0dfffe8, 0x00000000c0e00000| 99%| O|  |TAMS 0x00000000c0dfffe8, 0x00000000c0d00000| Untracked 
|  14|0x00000000c0e00000, 0x00000000c0f00000, 0x00000000c0f00000|100%| O|  |TAMS 0x00000000c0f00000, 0x00000000c0e00000| Untracked 
|  15|0x00000000c0f00000, 0x00000000c0fffff0, 0x00000000c1000000| 99%| O|  |TAMS 0x00000000c0fffff0, 0x00000000c0f00000| Untracked 
|  16|0x00000000c1000000, 0x00000000c1100000, 0x00000000c1100000|100%| O|  |TAMS 0x00000000c1100000, 0x00000000c1000000| Untracked 
|  17|0x00000000c1100000, 0x00000000c11fffe8, 0x00000000c1200000| 99%| O|  |TAMS 0x00000000c11fffe8, 0x00000000c1100000| Untracked 
|  18|0x00000000c1200000, 0x00000000c12ffff8, 0x00000000c1300000| 99%| O|  |TAMS 0x00000000c12ffff8, 0x00000000c1200000| Untracked 
|  19|0x00000000c1300000, 0x00000000c1400000, 0x00000000c1400000|100%| O|  |TAMS 0x00000000c1400000, 0x00000000c1300000| Untracked 
|  20|0x00000000c1400000, 0x00000000c14ffff8, 0x00000000c1500000| 99%| O|  |TAMS 0x00000000c14ffff8, 0x00000000c1400000| Untracked 
|  21|0x00000000c1500000, 0x00000000c15fffc0, 0x00000000c1600000| 99%| O|  |TAMS 0x00000000c15fffc0, 0x00000000c1500000| Untracked 
|  22|0x00000000c1600000, 0x00000000c16fffe8, 0x00000000c1700000| 99%| O|  |TAMS 0x00000000c16fffe8, 0x00000000c1600000| Untracked 
|  23|0x00000000c1700000, 0x00000000c1799c00, 0x00000000c1800000| 60%| O|  |TAMS 0x00000000c1700000, 0x00000000c1700000| Untracked 
|  24|0x00000000c1800000, 0x00000000c1900000, 0x00000000c1900000|100%| O|  |TAMS 0x00000000c1900000, 0x00000000c1800000| Untracked 
|  25|0x00000000c1900000, 0x00000000c19297a8, 0x00000000c1a00000| 16%| O|  |TAMS 0x00000000c1900000, 0x00000000c1900000| Untracked 
|  26|0x00000000c1a00000, 0x00000000c1a00000, 0x00000000c1b00000|  0%| F|  |TAMS 0x00000000c1a00000, 0x00000000c1a00000| Untracked 
|  27|0x00000000c1b00000, 0x00000000c1b00000, 0x00000000c1c00000|  0%| F|  |TAMS 0x00000000c1b00000, 0x00000000c1b00000| Untracked 
|  28|0x00000000c1c00000, 0x00000000c1c00000, 0x00000000c1d00000|  0%| F|  |TAMS 0x00000000c1c00000, 0x00000000c1c00000| Untracked 
|  29|0x00000000c1d00000, 0x00000000c1d00000, 0x00000000c1e00000|  0%| F|  |TAMS 0x00000000c1d00000, 0x00000000c1d00000| Untracked 
|  30|0x00000000c1e00000, 0x00000000c1e00000, 0x00000000c1f00000|  0%| F|  |TAMS 0x00000000c1e00000, 0x00000000c1e00000| Untracked 
|  31|0x00000000c1f00000, 0x00000000c1f00000, 0x00000000c2000000|  0%| F|  |TAMS 0x00000000c1f00000, 0x00000000c1f00000| Untracked 
|  32|0x00000000c2000000, 0x00000000c2000000, 0x00000000c2100000|  0%| F|  |TAMS 0x00000000c2000000, 0x00000000c2000000| Untracked 
|  33|0x00000000c2100000, 0x00000000c2100000, 0x00000000c2200000|  0%| F|  |TAMS 0x00000000c2100000, 0x00000000c2100000| Untracked 
|  34|0x00000000c2200000, 0x00000000c2200000, 0x00000000c2300000|  0%| F|  |TAMS 0x00000000c2200000, 0x00000000c2200000| Untracked 
|  35|0x00000000c2300000, 0x00000000c2300000, 0x00000000c2400000|  0%| F|  |TAMS 0x00000000c2300000, 0x00000000c2300000| Untracked 
|  36|0x00000000c2400000, 0x00000000c2400000, 0x00000000c2500000|  0%| F|  |TAMS 0x00000000c2400000, 0x00000000c2400000| Untracked 
|  37|0x00000000c2500000, 0x00000000c2500000, 0x00000000c2600000|  0%| F|  |TAMS 0x00000000c2500000, 0x00000000c2500000| Untracked 
|  38|0x00000000c2600000, 0x00000000c2600000, 0x00000000c2700000|  0%| F|  |TAMS 0x00000000c2600000, 0x00000000c2600000| Untracked 
|  39|0x00000000c2700000, 0x00000000c2700000, 0x00000000c2800000|  0%| F|  |TAMS 0x00000000c2700000, 0x00000000c2700000| Untracked 
|  40|0x00000000c2800000, 0x00000000c2800000, 0x00000000c2900000|  0%| F|  |TAMS 0x00000000c2800000, 0x00000000c2800000| Untracked 
|  41|0x00000000c2900000, 0x00000000c2900000, 0x00000000c2a00000|  0%| F|  |TAMS 0x00000000c2900000, 0x00000000c2900000| Untracked 
|  42|0x00000000c2a00000, 0x00000000c2a00000, 0x00000000c2b00000|  0%| F|  |TAMS 0x00000000c2a00000, 0x00000000c2a00000| Untracked 
|  43|0x00000000c2b00000, 0x00000000c2b00000, 0x00000000c2c00000|  0%| F|  |TAMS 0x00000000c2b00000, 0x00000000c2b00000| Untracked 
|  44|0x00000000c2c00000, 0x00000000c2c00000, 0x00000000c2d00000|  0%| F|  |TAMS 0x00000000c2c00000, 0x00000000c2c00000| Untracked 
|  45|0x00000000c2d00000, 0x00000000c2d00000, 0x00000000c2e00000|  0%| F|  |TAMS 0x00000000c2d00000, 0x00000000c2d00000| Untracked 
|  46|0x00000000c2e00000, 0x00000000c2e00000, 0x00000000c2f00000|  0%| F|  |TAMS 0x00000000c2e00000, 0x00000000c2e00000| Untracked 
|  47|0x00000000c2f00000, 0x00000000c2f00000, 0x00000000c3000000|  0%| F|  |TAMS 0x00000000c2f00000, 0x00000000c2f00000| Untracked 
|  48|0x00000000c3000000, 0x00000000c3000000, 0x00000000c3100000|  0%| F|  |TAMS 0x00000000c3000000, 0x00000000c3000000| Untracked 
|  49|0x00000000c3100000, 0x00000000c3100000, 0x00000000c3200000|  0%| F|  |TAMS 0x00000000c3100000, 0x00000000c3100000| Untracked 
|  50|0x00000000c3200000, 0x00000000c3200000, 0x00000000c3300000|  0%| F|  |TAMS 0x00000000c3200000, 0x00000000c3200000| Untracked 
|  51|0x00000000c3300000, 0x00000000c3300000, 0x00000000c3400000|  0%| F|  |TAMS 0x00000000c3300000, 0x00000000c3300000| Untracked 
|  52|0x00000000c3400000, 0x00000000c3400000, 0x00000000c3500000|  0%| F|  |TAMS 0x00000000c3400000, 0x00000000c3400000| Untracked 
|  53|0x00000000c3500000, 0x00000000c3500000, 0x00000000c3600000|  0%| F|  |TAMS 0x00000000c3500000, 0x00000000c3500000| Untracked 
|  54|0x00000000c3600000, 0x00000000c3600000, 0x00000000c3700000|  0%| F|  |TAMS 0x00000000c3600000, 0x00000000c3600000| Untracked 
|  55|0x00000000c3700000, 0x00000000c3700000, 0x00000000c3800000|  0%| F|  |TAMS 0x00000000c3700000, 0x00000000c3700000| Untracked 
|  56|0x00000000c3800000, 0x00000000c3800000, 0x00000000c3900000|  0%| F|  |TAMS 0x00000000c3800000, 0x00000000c3800000| Untracked 
|  57|0x00000000c3900000, 0x00000000c3900000, 0x00000000c3a00000|  0%| F|  |TAMS 0x00000000c3900000, 0x00000000c3900000| Untracked 
|  58|0x00000000c3a00000, 0x00000000c3a00000, 0x00000000c3b00000|  0%| F|  |TAMS 0x00000000c3a00000, 0x00000000c3a00000| Untracked 
|  59|0x00000000c3b00000, 0x00000000c3b00000, 0x00000000c3c00000|  0%| F|  |TAMS 0x00000000c3b00000, 0x00000000c3b00000| Untracked 
|  60|0x00000000c3c00000, 0x00000000c3c00000, 0x00000000c3d00000|  0%| F|  |TAMS 0x00000000c3c00000, 0x00000000c3c00000| Untracked 
|  61|0x00000000c3d00000, 0x00000000c3d00000, 0x00000000c3e00000|  0%| F|  |TAMS 0x00000000c3d00000, 0x00000000c3d00000| Untracked 
|  62|0x00000000c3e00000, 0x00000000c3e00000, 0x00000000c3f00000|  0%| F|  |TAMS 0x00000000c3e00000, 0x00000000c3e00000| Untracked 
|  63|0x00000000c3f00000, 0x00000000c3f00000, 0x00000000c4000000|  0%| F|  |TAMS 0x00000000c3f00000, 0x00000000c3f00000| Untracked 
|  64|0x00000000c4000000, 0x00000000c4000000, 0x00000000c4100000|  0%| F|  |TAMS 0x00000000c4000000, 0x00000000c4000000| Untracked 
|  65|0x00000000c4100000, 0x00000000c4100000, 0x00000000c4200000|  0%| F|  |TAMS 0x00000000c4100000, 0x00000000c4100000| Untracked 
|  66|0x00000000c4200000, 0x00000000c4200000, 0x00000000c4300000|  0%| F|  |TAMS 0x00000000c4200000, 0x00000000c4200000| Untracked 
|  67|0x00000000c4300000, 0x00000000c4300000, 0x00000000c4400000|  0%| F|  |TAMS 0x00000000c4300000, 0x00000000c4300000| Untracked 
|  77|0x00000000c4d00000, 0x00000000c4d00000, 0x00000000c4e00000|  0%| F|  |TAMS 0x00000000c4d00000, 0x00000000c4d00000| Untracked 
|  78|0x00000000c4e00000, 0x00000000c4e00000, 0x00000000c4f00000|  0%| F|  |TAMS 0x00000000c4e00000, 0x00000000c4e00000| Untracked 
|  79|0x00000000c4f00000, 0x00000000c4f00000, 0x00000000c5000000|  0%| F|  |TAMS 0x00000000c4f00000, 0x00000000c4f00000| Untracked 
|  80|0x00000000c5000000, 0x00000000c5000000, 0x00000000c5100000|  0%| F|  |TAMS 0x00000000c5000000, 0x00000000c5000000| Untracked 
|  81|0x00000000c5100000, 0x00000000c5100000, 0x00000000c5200000|  0%| F|  |TAMS 0x00000000c5100000, 0x00000000c5100000| Untracked 
| 125|0x00000000c7d00000, 0x00000000c7d25218, 0x00000000c7e00000| 14%| E|  |TAMS 0x00000000c7d00000, 0x00000000c7d00000| Complete 

Card table byte_map: [0x000001a8cc250000,0x000001a8cc450000] _byte_map_base: 0x000001a8cbc50000

Marking Bits (Prev, Next): (CMBitMap*) 0x000001a8c65f93c0, (CMBitMap*) 0x000001a8c65f9400
 Prev Bits: [0x000001a8cc650000, 0x000001a8cd650000)
 Next Bits: [0x000001a8cd650000, 0x000001a8ce650000)

Polling page: 0x000001a8c44c0000

Metaspace:

Usage:
  Non-class:     34.90 MB used.
      Class:      5.12 MB used.
       Both:     40.02 MB used.

Virtual space:
  Non-class space:       64.00 MB reserved,      35.25 MB ( 55%) committed,  1 nodes.
      Class space:        1.00 GB reserved,       5.38 MB ( <1%) committed,  1 nodes.
             Both:        1.06 GB reserved,      40.62 MB (  4%) committed. 

Chunk freelists:
   Non-Class:  12.60 MB
       Class:  10.68 MB
        Both:  23.28 MB

MaxMetaspaceSize: unlimited
CompressedClassSpaceSize: 1.00 GB
Initial GC threshold: 21.00 MB
Current GC threshold: 67.75 MB
CDS: off
MetaspaceReclaimPolicy: balanced
 - commit_granule_bytes: 65536.
 - commit_granule_words: 8192.
 - virtual_space_node_default_size: 8388608.
 - enlarge_chunks_in_place: 1.
 - new_chunks_are_fully_committed: 0.
 - uncommit_free_chunks: 1.
 - use_allocation_guard: 0.
 - handle_deallocations: 1.


Internal statistics:

num_allocs_failed_limit: 6.
num_arena_births: 502.
num_arena_deaths: 152.
num_vsnodes_births: 2.
num_vsnodes_deaths: 0.
num_space_committed: 649.
num_space_uncommitted: 0.
num_chunks_returned_to_freelist: 176.
num_chunks_taken_from_freelist: 1749.
num_chunk_merges: 54.
num_chunk_splits: 1204.
num_chunks_enlarged: 907.
num_inconsistent_stats: 0.

CodeCache: size=49152Kb used=6843Kb max_used=7895Kb free=42308Kb
 bounds [0x000001a8c9250000, 0x000001a8c9a10000, 0x000001a8cc250000]
 total_blobs=4236 nmethods=3688 adapters=475
 compilation: enabled
              stopped_count=0, restarted_count=0
 full_count=0

Compilation events (20 events):
Event: 489.800 Thread 0x000001a8d0b64ed0 3685       1       java.util.concurrent.ScheduledThreadPoolExecutor$DelayedWorkQueue::setIndex (16 bytes)
Event: 489.801 Thread 0x000001a8d0b64ed0 nmethod 3685 0x000001a8c9753410 code [0x000001a8c97535a0, 0x000001a8c97536b8]
Event: 510.974 Thread 0x000001a8d0b64ed0 3686       1       java.io.OutputStream::flush (1 bytes)
Event: 510.974 Thread 0x000001a8d0b64ed0 nmethod 3686 0x000001a8c9753110 code [0x000001a8c97532a0, 0x000001a8c9753358]
Event: 531.803 Thread 0x000001a8d0b64ed0 3687       1       java.util.concurrent.locks.ReentrantLock$Sync::isHeldExclusively (16 bytes)
Event: 531.804 Thread 0x000001a8d0b64ed0 nmethod 3687 0x000001a8c9752e10 code [0x000001a8c9752fa0, 0x000001a8c9753098]
Event: 541.837 Thread 0x000001a8d0b64ed0 3688       1       jdk.internal.misc.Unsafe::putReferenceOpaque (9 bytes)
Event: 541.837 Thread 0x000001a8d0b64ed0 nmethod 3688 0x000001a8c9752b10 code [0x000001a8c9752ca0, 0x000001a8c9752db8]
Event: 545.125 Thread 0x000001a8d0b64ed0 3689       1       java.util.concurrent.ThreadPoolExecutor::getQueue (5 bytes)
Event: 545.125 Thread 0x000001a8d0b64ed0 nmethod 3689 0x000001a8c9752810 code [0x000001a8c97529a0, 0x000001a8c9752a78]
Event: 576.901 Thread 0x000001a8d0b64ed0 3690       1       java.lang.invoke.DelegatingMethodHandle$Holder::reinvoke_L (20 bytes)
Event: 576.901 Thread 0x000001a8d0b64ed0 nmethod 3690 0x000001a8c9752410 code [0x000001a8c97525c0, 0x000001a8c97526f8]
Event: 597.977 Thread 0x000001a8d0b64ed0 3691       1       java.util.concurrent.locks.LockSupport::setBlocker (12 bytes)
Event: 597.978 Thread 0x000001a8d0b64ed0 nmethod 3691 0x000001a8c9752110 code [0x000001a8c97522a0, 0x000001a8c9752398]
Event: 602.171 Thread 0x000001a8d0b64ed0 3692       1       java.util.concurrent.locks.AbstractQueuedSynchronizer$ConditionObject::canReacquire (38 bytes)
Event: 602.171 Thread 0x000001a8d0b64ed0 nmethod 3692 0x000001a8c9751d10 code [0x000001a8c9751ea0, 0x000001a8c9752018]
Event: 608.716 Thread 0x000001a8d0b64ed0 3693       1       java.lang.invoke.LambdaForm$MH/0x000000010008c400::invoke (27 bytes)
Event: 608.716 Thread 0x000001a8d0b64ed0 nmethod 3693 0x000001a8c9751910 code [0x000001a8c9751ac0, 0x000001a8c9751c18]
Event: 608.716 Thread 0x000001a8d0b64ed0 3694       1       java.lang.StringConcatHelper::newArrayWithSuffix (40 bytes)
Event: 608.716 Thread 0x000001a8d0b64ed0 nmethod 3694 0x000001a8c9751310 code [0x000001a8c97514e0, 0x000001a8c9751758]

GC Heap History (20 events):
Event: 510.974 GC heap before
{Heap before GC invocations=52 (full 42):
 garbage-first heap   total 75776K, used 25320K [0x00000000c0000000, 0x0000000100000000)
  region size 1024K, 1 young (1024K), 0 survivors (0K)
 Metaspace       used 40980K, committed 41600K, reserved 1114112K
  class space    used 5242K, committed 5504K, reserved 1048576K
}
Event: 511.010 GC heap after
{Heap after GC invocations=53 (full 43):
 garbage-first heap   total 75776K, used 25320K [0x00000000c0000000, 0x0000000100000000)
  region size 1024K, 0 young (0K), 0 survivors (0K)
 Metaspace       used 40980K, committed 41600K, reserved 1114112K
  class space    used 5242K, committed 5504K, reserved 1048576K
}
Event: 521.366 GC heap before
{Heap before GC invocations=53 (full 43):
 garbage-first heap   total 75776K, used 25320K [0x00000000c0000000, 0x0000000100000000)
  region size 1024K, 1 young (1024K), 0 survivors (0K)
 Metaspace       used 40980K, committed 41600K, reserved 1114112K
  class space    used 5242K, committed 5504K, reserved 1048576K
}
Event: 521.407 GC heap after
{Heap after GC invocations=54 (full 44):
 garbage-first heap   total 75776K, used 25320K [0x00000000c0000000, 0x0000000100000000)
  region size 1024K, 0 young (0K), 0 survivors (0K)
 Metaspace       used 40980K, committed 41600K, reserved 1114112K
  class space    used 5242K, committed 5504K, reserved 1048576K
}
Event: 531.769 GC heap before
{Heap before GC invocations=54 (full 44):
 garbage-first heap   total 75776K, used 25320K [0x00000000c0000000, 0x0000000100000000)
  region size 1024K, 1 young (1024K), 0 survivors (0K)
 Metaspace       used 40980K, committed 41600K, reserved 1114112K
  class space    used 5242K, committed 5504K, reserved 1048576K
}
Event: 531.803 GC heap after
{Heap after GC invocations=55 (full 45):
 garbage-first heap   total 75776K, used 25320K [0x00000000c0000000, 0x0000000100000000)
  region size 1024K, 0 young (0K), 0 survivors (0K)
 Metaspace       used 40980K, committed 41600K, reserved 1114112K
  class space    used 5242K, committed 5504K, reserved 1048576K
}
Event: 545.085 GC heap before
{Heap before GC invocations=55 (full 45):
 garbage-first heap   total 75776K, used 25320K [0x00000000c0000000, 0x0000000100000000)
  region size 1024K, 1 young (1024K), 0 survivors (0K)
 Metaspace       used 40980K, committed 41600K, reserved 1114112K
  class space    used 5242K, committed 5504K, reserved 1048576K
}
Event: 545.125 GC heap after
{Heap after GC invocations=56 (full 46):
 garbage-first heap   total 75776K, used 25320K [0x00000000c0000000, 0x0000000100000000)
  region size 1024K, 0 young (0K), 0 survivors (0K)
 Metaspace       used 40980K, committed 41600K, reserved 1114112K
  class space    used 5242K, committed 5504K, reserved 1048576K
}
Event: 556.569 GC heap before
{Heap before GC invocations=56 (full 46):
 garbage-first heap   total 75776K, used 25320K [0x00000000c0000000, 0x0000000100000000)
  region size 1024K, 1 young (1024K), 0 survivors (0K)
 Metaspace       used 40980K, committed 41600K, reserved 1114112K
  class space    used 5242K, committed 5504K, reserved 1048576K
}
Event: 556.605 GC heap after
{Heap after GC invocations=57 (full 47):
 garbage-first heap   total 75776K, used 25320K [0x00000000c0000000, 0x0000000100000000)
  region size 1024K, 0 young (0K), 0 survivors (0K)
 Metaspace       used 40980K, committed 41600K, reserved 1114112K
  class space    used 5242K, committed 5504K, reserved 1048576K
}
Event: 566.849 GC heap before
{Heap before GC invocations=57 (full 47):
 garbage-first heap   total 75776K, used 25320K [0x00000000c0000000, 0x0000000100000000)
  region size 1024K, 1 young (1024K), 0 survivors (0K)
 Metaspace       used 40980K, committed 41600K, reserved 1114112K
  class space    used 5242K, committed 5504K, reserved 1048576K
}
Event: 566.884 GC heap after
{Heap after GC invocations=58 (full 48):
 garbage-first heap   total 75776K, used 25320K [0x00000000c0000000, 0x0000000100000000)
  region size 1024K, 0 young (0K), 0 survivors (0K)
 Metaspace       used 40980K, committed 41600K, reserved 1114112K
  class space    used 5242K, committed 5504K, reserved 1048576K
}
Event: 577.258 GC heap before
{Heap before GC invocations=58 (full 48):
 garbage-first heap   total 75776K, used 25320K [0x00000000c0000000, 0x0000000100000000)
  region size 1024K, 1 young (1024K), 0 survivors (0K)
 Metaspace       used 40980K, committed 41600K, reserved 1114112K
  class space    used 5242K, committed 5504K, reserved 1048576K
}
Event: 577.302 GC heap after
{Heap after GC invocations=59 (full 49):
 garbage-first heap   total 75776K, used 25320K [0x00000000c0000000, 0x0000000100000000)
  region size 1024K, 0 young (0K), 0 survivors (0K)
 Metaspace       used 40980K, committed 41600K, reserved 1114112K
  class space    used 5242K, committed 5504K, reserved 1048576K
}
Event: 587.920 GC heap before
{Heap before GC invocations=59 (full 49):
 garbage-first heap   total 75776K, used 25320K [0x00000000c0000000, 0x0000000100000000)
  region size 1024K, 1 young (1024K), 0 survivors (0K)
 Metaspace       used 40980K, committed 41600K, reserved 1114112K
  class space    used 5242K, committed 5504K, reserved 1048576K
}
Event: 587.958 GC heap after
{Heap after GC invocations=60 (full 50):
 garbage-first heap   total 75776K, used 25320K [0x00000000c0000000, 0x0000000100000000)
  region size 1024K, 0 young (0K), 0 survivors (0K)
 Metaspace       used 40980K, committed 41600K, reserved 1114112K
  class space    used 5242K, committed 5504K, reserved 1048576K
}
Event: 598.657 GC heap before
{Heap before GC invocations=60 (full 50):
 garbage-first heap   total 75776K, used 25320K [0x00000000c0000000, 0x0000000100000000)
  region size 1024K, 1 young (1024K), 0 survivors (0K)
 Metaspace       used 40980K, committed 41600K, reserved 1114112K
  class space    used 5242K, committed 5504K, reserved 1048576K
}
Event: 598.697 GC heap after
{Heap after GC invocations=61 (full 51):
 garbage-first heap   total 75776K, used 25320K [0x00000000c0000000, 0x0000000100000000)
  region size 1024K, 0 young (0K), 0 survivors (0K)
 Metaspace       used 40980K, committed 41600K, reserved 1114112K
  class space    used 5242K, committed 5504K, reserved 1048576K
}
Event: 610.857 GC heap before
{Heap before GC invocations=61 (full 51):
 garbage-first heap   total 75776K, used 25320K [0x00000000c0000000, 0x0000000100000000)
  region size 1024K, 1 young (1024K), 0 survivors (0K)
 Metaspace       used 40980K, committed 41600K, reserved 1114112K
  class space    used 5242K, committed 5504K, reserved 1048576K
}
Event: 610.900 GC heap after
{Heap after GC invocations=62 (full 52):
 garbage-first heap   total 75776K, used 25320K [0x00000000c0000000, 0x0000000100000000)
  region size 1024K, 0 young (0K), 0 survivors (0K)
 Metaspace       used 40980K, committed 41600K, reserved 1114112K
  class space    used 5242K, committed 5504K, reserved 1048576K
}

Dll operation events (8 events):
Event: 0.017 Loaded shared library c:\Users\hp\.vscode\extensions\redhat.java-1.33.0-win32-x64\jre\17.0.11-win32-x86_64\bin\java.dll
Event: 3.619 Loaded shared library C:\Users\hp\.vscode\extensions\redhat.java-1.33.0-win32-x64\jre\17.0.11-win32-x86_64\bin\net.dll
Event: 3.644 Loaded shared library C:\Users\hp\.vscode\extensions\redhat.java-1.33.0-win32-x64\jre\17.0.11-win32-x86_64\bin\nio.dll
Event: 3.770 Loaded shared library C:\Users\hp\.vscode\extensions\redhat.java-1.33.0-win32-x64\jre\17.0.11-win32-x86_64\bin\zip.dll
Event: 6.979 Loaded shared library C:\Users\hp\.vscode\extensions\redhat.java-1.33.0-win32-x64\jre\17.0.11-win32-x86_64\bin\jimage.dll
Event: 17.932 Loaded shared library c:\Users\hp\.vscode\extensions\redhat.java-1.33.0-win32-x64\jre\17.0.11-win32-x86_64\bin\verify.dll
Event: 32.748 Loaded shared library C:\Users\hp\.vscode\extensions\redhat.java-1.33.0-win32-x64\jre\17.0.11-win32-x86_64\bin\management.dll
Event: 32.753 Loaded shared library C:\Users\hp\.vscode\extensions\redhat.java-1.33.0-win32-x64\jre\17.0.11-win32-x86_64\bin\management_ext.dll

Deoptimization events (4 events):
Event: 35.209 Thread 0x000001a8d68b9300 DEOPT PACKING pc=0x000001a8c978e481 sp=0x000000076bcfdcd0
Event: 35.209 Thread 0x000001a8d68b9300 DEOPT UNPACKING pc=0x000001a8c92a7143 sp=0x000000076bcfd160 mode 3
Event: 37.002 Thread 0x000001a8d68b74a0 DEOPT PACKING pc=0x000001a8c9772397 sp=0x000000076c2ff050
Event: 37.002 Thread 0x000001a8d68b74a0 DEOPT UNPACKING pc=0x000001a8c92a7143 sp=0x000000076c2fe4a8 mode 3

Classes unloaded (20 events):
Event: 94.155 Thread 0x000001a8d0b1ab10 Unloading class 0x00000001003b1000 'java/lang/invoke/LambdaForm$MH+0x00000001003b1000'
Event: 94.155 Thread 0x000001a8d0b1ab10 Unloading class 0x0000000100096000 'java/lang/invoke/LambdaForm$MH+0x0000000100096000'
Event: 94.155 Thread 0x000001a8d0b1ab10 Unloading class 0x0000000100095c00 'java/lang/invoke/LambdaForm$MH+0x0000000100095c00'
Event: 94.155 Thread 0x000001a8d0b1ab10 Unloading class 0x0000000100095800 'java/lang/invoke/LambdaForm$MH+0x0000000100095800'
Event: 94.155 Thread 0x000001a8d0b1ab10 Unloading class 0x0000000100095400 'java/lang/invoke/LambdaForm$MH+0x0000000100095400'
Event: 94.155 Thread 0x000001a8d0b1ab10 Unloading class 0x0000000100095000 'java/lang/invoke/LambdaForm$MH+0x0000000100095000'
Event: 94.155 Thread 0x000001a8d0b1ab10 Unloading class 0x0000000100094c00 'java/lang/invoke/LambdaForm$MH+0x0000000100094c00'
Event: 94.155 Thread 0x000001a8d0b1ab10 Unloading class 0x0000000100094800 'java/lang/invoke/LambdaForm$MH+0x0000000100094800'
Event: 94.156 Thread 0x000001a8d0b1ab10 Unloading class 0x0000000100094400 'java/lang/invoke/LambdaForm$MH+0x0000000100094400'
Event: 94.156 Thread 0x000001a8d0b1ab10 Unloading class 0x000000010008cc00 'java/lang/invoke/LambdaForm$MH+0x000000010008cc00'
Event: 94.156 Thread 0x000001a8d0b1ab10 Unloading class 0x000000010008c800 'java/lang/invoke/LambdaForm$MH+0x000000010008c800'
Event: 94.156 Thread 0x000001a8d0b1ab10 Unloading class 0x000000010008c000 'java/lang/invoke/LambdaForm$MH+0x000000010008c000'
Event: 104.510 Thread 0x000001a8d0b1ab10 Unloading class 0x0000000100560000 'java/lang/invoke/LambdaForm$DMH+0x0000000100560000'
Event: 104.510 Thread 0x000001a8d0b1ab10 Unloading class 0x000000010008e800 'java/lang/invoke/LambdaForm$MH+0x000000010008e800'
Event: 104.510 Thread 0x000001a8d0b1ab10 Unloading class 0x000000010008e400 'java/lang/invoke/LambdaForm$MH+0x000000010008e400'
Event: 104.510 Thread 0x000001a8d0b1ab10 Unloading class 0x000000010008e000 'java/lang/invoke/LambdaForm$MH+0x000000010008e000'
Event: 104.510 Thread 0x000001a8d0b1ab10 Unloading class 0x000000010008dc00 'java/lang/invoke/LambdaForm$MH+0x000000010008dc00'
Event: 104.510 Thread 0x000001a8d0b1ab10 Unloading class 0x000000010008d800 'java/lang/invoke/LambdaForm$MH+0x000000010008d800'
Event: 104.510 Thread 0x000001a8d0b1ab10 Unloading class 0x000000010008d400 'java/lang/invoke/LambdaForm$MH+0x000000010008d400'
Event: 104.510 Thread 0x000001a8d0b1ab10 Unloading class 0x000000010008bc00 'java/lang/invoke/LambdaForm$MH+0x000000010008bc00'

Classes redefined (0 events):
No events

Internal exceptions (20 events):
Event: 25.009 Thread 0x000001a8c65bb460 Exception <a 'java/lang/NoSuchMethodError'{0x00000000c3f9b630}: 'java.lang.Object java.lang.invoke.Invokers$Holder.invoke_MT(java.lang.Object, java.lang.Object, java.lang.Object, java.lang.Object, java.lang.Object, java.lang.Object, java.lang.Object, java.lang.Object, java.lang.Object, java.lang.Object)'> (0x00000000c3f9b630) 
thrown [s\src\hotspot\share\interpreter\linkResolver.cpp, line 759]
Event: 25.019 Thread 0x000001a8c65bb460 Exception <a 'java/lang/NoSuchMethodError'{0x00000000c3fe3640}: 'java.lang.Object java.lang.invoke.DirectMethodHandle$Holder.invokeSpecial(java.lang.Object, java.lang.Object, int, java.lang.Object, java.lang.Object)'> (0x00000000c3fe3640) 
thrown [s\src\hotspot\share\interpreter\linkResolver.cpp, line 759]
Event: 25.031 Thread 0x000001a8c65bb460 Exception <a 'java/lang/NoSuchMethodError'{0x00000000c3fe72e8}: 'java.lang.Object java.lang.invoke.DelegatingMethodHandle$Holder.delegate(java.lang.Object, int, java.lang.Object, java.lang.Object)'> (0x00000000c3fe72e8) 
thrown [s\src\hotspot\share\interpreter\linkResolver.cpp, line 759]
Event: 25.036 Thread 0x000001a8c65bb460 Exception <a 'java/lang/NoSuchMethodError'{0x00000000c3ff8170}: 'int java.lang.invoke.Invokers$Holder.linkToTargetMethod(java.lang.Object, java.lang.Object, java.lang.Object)'> (0x00000000c3ff8170) 
thrown [s\src\hotspot\share\interpreter\linkResolver.cpp, line 759]
Event: 26.010 Thread 0x000001a8c65bb460 Exception <a 'java/lang/NoSuchMethodError'{0x00000000c3af84f0}: 'java.lang.Object java.lang.invoke.DirectMethodHandle$Holder.invokeStaticInit(java.lang.Object, int, int, int, int)'> (0x00000000c3af84f0) 
thrown [s\src\hotspot\share\interpreter\linkResolver.cpp, line 759]
Event: 26.553 Thread 0x000001a8c65bb460 Exception <a 'java/lang/NoSuchMethodError'{0x00000000c394b4d8}: 'java.lang.Object java.lang.invoke.DirectMethodHandle$Holder.invokeStaticInit(java.lang.Object, java.lang.Object, int, int, int, int)'> (0x00000000c394b4d8) 
thrown [s\src\hotspot\share\interpreter\linkResolver.cpp, line 759]
Event: 27.750 Thread 0x000001a8c65bb460 Exception <a 'java/lang/NoSuchMethodError'{0x00000000c31c94a8}: 'void java.lang.invoke.DirectMethodHandle$Holder.invokeSpecialIFC(java.lang.Object, java.lang.Object, java.lang.Object)'> (0x00000000c31c94a8) 
thrown [s\src\hotspot\share\interpreter\linkResolver.cpp, line 759]
Event: 30.963 Thread 0x000001a8c65bb460 Exception <a 'java/lang/NoSuchMethodError'{0x00000000c7d7de18}: 'int java.lang.invoke.DirectMethodHandle$Holder.invokeStaticInit(java.lang.Object, java.lang.Object, int, java.lang.Object)'> (0x00000000c7d7de18) 
thrown [s\src\hotspot\share\interpreter\linkResolver.cpp, line 759]
Event: 31.168 Thread 0x000001a8c65bb460 Exception <a 'java/lang/NoSuchMethodError'{0x00000000c51c0750}: 'void java.lang.invoke.DirectMethodHandle$Holder.invokeSpecial(java.lang.Object, java.lang.Object, java.lang.Object, java.lang.Object, java.lang.Object, java.lang.Object, java.lang.Object)'> (0x00000000c51c0750) 
thrown [s\src\hotspot\share\interpreter\linkResolver.cpp, line 759]
Event: 31.890 Thread 0x000001a8c65bb460 Exception <a 'java/lang/NoSuchMethodError'{0x00000000c4211030}: 'java.lang.Object java.lang.invoke.DirectMethodHandle$Holder.invokeInterface(java.lang.Object, java.lang.Object, int)'> (0x00000000c4211030) 
thrown [s\src\hotspot\share\interpreter\linkResolver.cpp, line 759]
Event: 31.894 Thread 0x000001a8c65bb460 Exception <a 'java/lang/IncompatibleClassChangeError'{0x00000000c4227d48}: Found class java.lang.Object, but interface was expected> (0x00000000c4227d48) 
thrown [s\src\hotspot\share\interpreter\linkResolver.cpp, line 826]
Event: 32.627 Thread 0x000001a8c65bb460 Exception <a 'java/lang/NoSuchMethodError'{0x00000000c3c14ba0}: 'java.lang.Object java.lang.invoke.DirectMethodHandle$Holder.newInvokeSpecial(java.lang.Object, java.lang.Object, int, java.lang.Object, java.lang.Object)'> (0x00000000c3c14ba0) 
thrown [s\src\hotspot\share\interpreter\linkResolver.cpp, line 759]
Event: 32.630 Thread 0x000001a8c65bb460 Exception <a 'java/lang/NoSuchMethodError'{0x00000000c3c2bb68}: 'java.lang.Object java.lang.invoke.DirectMethodHandle$Holder.newInvokeSpecial(java.lang.Object, java.lang.Object, java.lang.Object, int)'> (0x00000000c3c2bb68) 
thrown [s\src\hotspot\share\interpreter\linkResolver.cpp, line 759]
Event: 32.631 Thread 0x000001a8c65bb460 Exception <a 'java/lang/NoSuchMethodError'{0x00000000c3c2fe50}: 'java.lang.Object java.lang.invoke.DirectMethodHandle$Holder.invokeSpecial(java.lang.Object, java.lang.Object, java.lang.Object, java.lang.Object, int)'> (0x00000000c3c2fe50) 
thrown [s\src\hotspot\share\interpreter\linkResolver.cpp, line 759]
Event: 32.631 Thread 0x000001a8c65bb460 Exception <a 'java/lang/NoSuchMethodError'{0x00000000c3c33a18}: 'java.lang.Object java.lang.invoke.Invokers$Holder.linkToTargetMethod(java.lang.Object, java.lang.Object, int, java.lang.Object)'> (0x00000000c3c33a18) 
thrown [s\src\hotspot\share\interpreter\linkResolver.cpp, line 759]
Event: 34.601 Thread 0x000001a8d68b9300 Exception <a 'java/lang/NoSuchMethodError'{0x00000000c2f8c6a8}: 'java.lang.Object java.lang.invoke.DirectMethodHandle$Holder.invokeStatic(java.lang.Object, java.lang.Object, java.lang.Object, int, java.lang.Object, java.lang.Object)'> (0x00000000c2f8c6a8) 
thrown [s\src\hotspot\share\interpreter\linkResolver.cpp, line 759]
Event: 38.075 Thread 0x000001a8d69b0a80 Exception <a 'java/lang/NoSuchMethodError'{0x00000000c4dcb9c0}: 'int java.lang.invoke.DirectMethodHandle$Holder.invokeStatic(java.lang.Object)'> (0x00000000c4dcb9c0) 
thrown [s\src\hotspot\share\interpreter\linkResolver.cpp, line 759]
Event: 38.076 Thread 0x000001a8d69b0a80 Exception <a 'java/lang/NoSuchMethodError'{0x00000000c4dcedc0}: 'int java.lang.invoke.DirectMethodHandle$Holder.invokeStaticInit(java.lang.Object)'> (0x00000000c4dcedc0) 
thrown [s\src\hotspot\share\interpreter\linkResolver.cpp, line 759]
Event: 72.743 Thread 0x000001a8d68b79b0 Exception <a 'java/lang/NoSuchMethodError'{0x00000000c4326a28}: 'void java.lang.invoke.DirectMethodHandle$Holder.invokeStatic(java.lang.Object, long)'> (0x00000000c4326a28) 
thrown [s\src\hotspot\share\interpreter\linkResolver.cpp, line 759]
Event: 72.744 Thread 0x000001a8d68b79b0 Exception <a 'java/lang/NoSuchMethodError'{0x00000000c432bdd0}: 'java.lang.Object java.lang.invoke.DirectMethodHandle$Holder.newInvokeSpecial(java.lang.Object, long)'> (0x00000000c432bdd0) 
thrown [s\src\hotspot\share\interpreter\linkResolver.cpp, line 759]

VM Operations (20 events):
Event: 511.011 Executing VM operation: G1CollectFull done
Event: 521.366 Executing VM operation: G1CollectFull
Event: 521.407 Executing VM operation: G1CollectFull done
Event: 531.768 Executing VM operation: G1CollectFull
Event: 531.803 Executing VM operation: G1CollectFull done
Event: 545.085 Executing VM operation: G1CollectFull
Event: 545.125 Executing VM operation: G1CollectFull done
Event: 556.569 Executing VM operation: G1CollectFull
Event: 556.605 Executing VM operation: G1CollectFull done
Event: 566.849 Executing VM operation: G1CollectFull
Event: 566.884 Executing VM operation: G1CollectFull done
Event: 577.258 Executing VM operation: G1CollectFull
Event: 577.302 Executing VM operation: G1CollectFull done
Event: 587.920 Executing VM operation: G1CollectFull
Event: 587.958 Executing VM operation: G1CollectFull done
Event: 598.657 Executing VM operation: G1CollectFull
Event: 598.698 Executing VM operation: G1CollectFull done
Event: 610.857 Executing VM operation: G1CollectFull
Event: 610.900 Executing VM operation: G1CollectFull done
Event: 623.158 Executing VM operation: G1CollectFull

Events (20 events):
Event: 38.081 loading class java/util/concurrent/atomic/AtomicLongFieldUpdater$CASUpdater done
Event: 38.082 loading class java/util/concurrent/atomic/AtomicLongFieldUpdater$CASUpdater$1
Event: 38.082 loading class java/util/concurrent/atomic/AtomicLongFieldUpdater$CASUpdater$1 done
Event: 72.611 loading class java/lang/ProcessBuilder
Event: 72.614 loading class java/lang/ProcessBuilder done
Event: 72.614 loading class java/lang/ProcessImpl
Event: 72.624 loading class java/lang/ProcessImpl done
Event: 72.745 loading class java/lang/ProcessImpl$2
Event: 72.745 loading class java/lang/ProcessImpl$2 done
Event: 72.745 loading class java/lang/Process$PipeInputStream
Event: 72.745 loading class java/lang/Process$PipeInputStream done
Event: 72.746 loading class jdk/internal/event/ProcessStartEvent
Event: 72.746 loading class jdk/internal/event/ProcessStartEvent done
Event: 73.489 loading class java/io/FileOutputStream$1
Event: 73.489 loading class java/io/FileOutputStream$1 done
Event: 97.507 Thread 0x000001a8d68b6060 Thread exited: 0x000001a8d68b6060
Event: 97.508 Thread 0x000001a8d69b4230 Thread exited: 0x000001a8d69b4230
Event: 97.739 Thread 0x000001a8d69b0570 Thread exited: 0x000001a8d69b0570
Event: 97.861 Thread 0x000001a8d69b5160 Thread exited: 0x000001a8d69b5160
Event: 98.545 Thread 0x000001a8d69b0060 Thread exited: 0x000001a8d69b0060


Dynamic libraries:
0x00007ff7436b0000 - 0x00007ff7436be000 	c:\Users\hp\.vscode\extensions\redhat.java-1.33.0-win32-x64\jre\17.0.11-win32-x86_64\bin\java.exe
0x00007ff828f30000 - 0x00007ff829128000 	C:\WINDOWS\SYSTEM32\ntdll.dll
0x00007ff827810000 - 0x00007ff8278d1000 	C:\WINDOWS\System32\KERNEL32.DLL
0x00007ff8267f0000 - 0x00007ff826aed000 	C:\WINDOWS\System32\KERNELBASE.dll
0x00007ff826e60000 - 0x00007ff826f60000 	C:\WINDOWS\System32\ucrtbase.dll
0x00007fffb8c90000 - 0x00007fffb8ca7000 	c:\Users\hp\.vscode\extensions\redhat.java-1.33.0-win32-x64\jre\17.0.11-win32-x86_64\bin\jli.dll
0x00007ff827ea0000 - 0x00007ff82803d000 	C:\WINDOWS\System32\USER32.dll
0x00007ff8267c0000 - 0x00007ff8267e2000 	C:\WINDOWS\System32\win32u.dll
0x00007ff827cd0000 - 0x00007ff827cfb000 	C:\WINDOWS\System32\GDI32.dll
0x00007ff826c80000 - 0x00007ff826d97000 	C:\WINDOWS\System32\gdi32full.dll
0x00007ff826690000 - 0x00007ff82672d000 	C:\WINDOWS\System32\msvcp_win.dll
0x00007fffb8c70000 - 0x00007fffb8c8b000 	c:\Users\hp\.vscode\extensions\redhat.java-1.33.0-win32-x64\jre\17.0.11-win32-x86_64\bin\VCRUNTIME140.dll
0x00007fffffd50000 - 0x00007ffffffea000 	C:\WINDOWS\WinSxS\amd64_microsoft.windows.common-controls_6595b64144ccf1df_6.0.19041.4355_none_60b8b9eb71f62e16\COMCTL32.dll
0x00007ff828150000 - 0x00007ff8281ee000 	C:\WINDOWS\System32\msvcrt.dll
0x00007ff827de0000 - 0x00007ff827e0f000 	C:\WINDOWS\System32\IMM32.DLL
0x00007ff823c30000 - 0x00007ff823c3c000 	c:\Users\hp\.vscode\extensions\redhat.java-1.33.0-win32-x64\jre\17.0.11-win32-x86_64\bin\vcruntime140_1.dll
0x00007fffb89a0000 - 0x00007fffb8a2d000 	c:\Users\hp\.vscode\extensions\redhat.java-1.33.0-win32-x64\jre\17.0.11-win32-x86_64\bin\msvcp140.dll
0x00007fffb7d30000 - 0x00007fffb8992000 	c:\Users\hp\.vscode\extensions\redhat.java-1.33.0-win32-x64\jre\17.0.11-win32-x86_64\bin\server\jvm.dll
0x00007ff828d90000 - 0x00007ff828e40000 	C:\WINDOWS\System32\ADVAPI32.dll
0x00007ff8281f0000 - 0x00007ff828290000 	C:\WINDOWS\System32\sechost.dll
0x00007ff828a60000 - 0x00007ff828b83000 	C:\WINDOWS\System32\RPCRT4.dll
0x00007ff826c50000 - 0x00007ff826c77000 	C:\WINDOWS\System32\bcrypt.dll
0x00007ff826430000 - 0x00007ff82647b000 	C:\WINDOWS\SYSTEM32\POWRPROF.dll
0x00007ffffe6c0000 - 0x00007ffffe6c9000 	C:\WINDOWS\SYSTEM32\WSOCK32.dll
0x00007ff828040000 - 0x00007ff8280ab000 	C:\WINDOWS\System32\WS2_32.dll
0x00007ff802bd0000 - 0x00007ff802bf7000 	C:\WINDOWS\SYSTEM32\WINMM.dll
0x00007ff8214a0000 - 0x00007ff8214aa000 	C:\WINDOWS\SYSTEM32\VERSION.dll
0x00007ff826410000 - 0x00007ff826422000 	C:\WINDOWS\SYSTEM32\UMPDC.dll
0x00007ff824460000 - 0x00007ff824472000 	C:\WINDOWS\SYSTEM32\kernel.appcore.dll
0x00007ff815770000 - 0x00007ff81577a000 	c:\Users\hp\.vscode\extensions\redhat.java-1.33.0-win32-x64\jre\17.0.11-win32-x86_64\bin\jimage.dll
0x00007ff8104b0000 - 0x00007ff810694000 	C:\WINDOWS\SYSTEM32\DBGHELP.DLL
0x00007ffff4250000 - 0x00007ffff4284000 	C:\WINDOWS\SYSTEM32\dbgcore.DLL
0x00007ff826730000 - 0x00007ff8267b2000 	C:\WINDOWS\System32\bcryptPrimitives.dll
0x00007fffdb810000 - 0x00007fffdb835000 	c:\Users\hp\.vscode\extensions\redhat.java-1.33.0-win32-x64\jre\17.0.11-win32-x86_64\bin\java.dll
0x00007fffdb7f0000 - 0x00007fffdb808000 	c:\Users\hp\.vscode\extensions\redhat.java-1.33.0-win32-x64\jre\17.0.11-win32-x86_64\bin\zip.dll
0x00007ff828290000 - 0x00007ff8289ff000 	C:\WINDOWS\System32\SHELL32.dll
0x00007ff824660000 - 0x00007ff824dff000 	C:\WINDOWS\SYSTEM32\windows.storage.dll
0x00007ff827490000 - 0x00007ff8277e3000 	C:\WINDOWS\System32\combase.dll
0x00007ff825f30000 - 0x00007ff825f5e000 	C:\WINDOWS\SYSTEM32\Wldp.dll
0x00007ff828b90000 - 0x00007ff828c5d000 	C:\WINDOWS\System32\OLEAUT32.dll
0x00007ff828e40000 - 0x00007ff828eed000 	C:\WINDOWS\System32\SHCORE.dll
0x00007ff828a00000 - 0x00007ff828a55000 	C:\WINDOWS\System32\shlwapi.dll
0x00007ff826510000 - 0x00007ff826534000 	C:\WINDOWS\SYSTEM32\profapi.dll
0x00007fffdb7d0000 - 0x00007fffdb7e9000 	C:\Users\hp\.vscode\extensions\redhat.java-1.33.0-win32-x64\jre\17.0.11-win32-x86_64\bin\net.dll
0x00007ff81ee10000 - 0x00007ff81ef1d000 	C:\WINDOWS\SYSTEM32\WINHTTP.dll
0x00007ff825c90000 - 0x00007ff825cfa000 	C:\WINDOWS\system32\mswsock.dll
0x00007fffb7d10000 - 0x00007fffb7d26000 	C:\Users\hp\.vscode\extensions\redhat.java-1.33.0-win32-x64\jre\17.0.11-win32-x86_64\bin\nio.dll
0x00007ff8152b0000 - 0x00007ff8152c0000 	c:\Users\hp\.vscode\extensions\redhat.java-1.33.0-win32-x64\jre\17.0.11-win32-x86_64\bin\verify.dll
0x00007ff825e90000 - 0x00007ff825ea8000 	C:\WINDOWS\SYSTEM32\CRYPTSP.dll
0x00007ff8255b0000 - 0x00007ff8255e4000 	C:\WINDOWS\system32\rsaenh.dll
0x00007ff826480000 - 0x00007ff8264ae000 	C:\WINDOWS\SYSTEM32\USERENV.dll
0x00007ff825e80000 - 0x00007ff825e8c000 	C:\WINDOWS\SYSTEM32\CRYPTBASE.dll
0x00007ff825970000 - 0x00007ff8259ab000 	C:\WINDOWS\SYSTEM32\IPHLPAPI.DLL
0x00007ff827e90000 - 0x00007ff827e98000 	C:\WINDOWS\System32\NSI.dll
0x00007ff8200d0000 - 0x00007ff8200e7000 	C:\WINDOWS\SYSTEM32\dhcpcsvc6.DLL
0x00007ff820b80000 - 0x00007ff820b9d000 	C:\WINDOWS\SYSTEM32\dhcpcsvc.DLL
0x00007ff8259b0000 - 0x00007ff825a7a000 	C:\WINDOWS\SYSTEM32\DNSAPI.dll
0x00007ff816bb0000 - 0x00007ff816bb9000 	C:\Users\hp\.vscode\extensions\redhat.java-1.33.0-win32-x64\jre\17.0.11-win32-x86_64\bin\management.dll
0x00007ff816b50000 - 0x00007ff816b5b000 	C:\Users\hp\.vscode\extensions\redhat.java-1.33.0-win32-x64\jre\17.0.11-win32-x86_64\bin\management_ext.dll
0x00007ff828d80000 - 0x00007ff828d88000 	C:\WINDOWS\System32\PSAPI.DLL

dbghelp: loaded successfully - version: 4.0.5 - missing functions: none
symbol engine: initialized successfully - sym options: 0x614 - pdb path: .;c:\Users\hp\.vscode\extensions\redhat.java-1.33.0-win32-x64\jre\17.0.11-win32-x86_64\bin;C:\WINDOWS\SYSTEM32;C:\WINDOWS\WinSxS\amd64_microsoft.windows.common-controls_6595b64144ccf1df_6.0.19041.4355_none_60b8b9eb71f62e16;c:\Users\hp\.vscode\extensions\redhat.java-1.33.0-win32-x64\jre\17.0.11-win32-x86_64\bin\server

VM Arguments:
jvm_args: -Xmx1024m -Dsts.lsp.client=vscode -Dsts.log.file=/dev/null -XX:TieredStopAtLevel=1 -Xlog:jni+resolve=off -Dspring.config.location=file:c:\Users\hp\.vscode\extensions\vmware.vscode-spring-boot-1.56.0\language-server\BOOT-INF\classes\application.properties 
java_command: org.springframework.ide.vscode.boot.app.BootLanguageServerBootApp
java_class_path (initial): c:\Users\hp\.vscode\extensions\vmware.vscode-spring-boot-1.56.0\language-server\BOOT-INF\classes;c:\Users\hp\.vscode\extensions\vmware.vscode-spring-boot-1.56.0\language-server\BOOT-INF\lib\annotations-24.1.0.jar;c:\Users\hp\.vscode\extensions\vmware.vscode-spring-boot-1.56.0\language-server\BOOT-INF\lib\antlr4-runtime-4.13.1.jar;c:\Users\hp\.vscode\extensions\vmware.vscode-spring-boot-1.56.0\language-server\BOOT-INF\lib\asm-9.7.jar;c:\Users\hp\.vscode\extensions\vmware.vscode-spring-boot-1.56.0\language-server\BOOT-INF\lib\asm-analysis-9.7.jar;c:\Users\hp\.vscode\extensions\vmware.vscode-spring-boot-1.56.0\language-server\BOOT-INF\lib\asm-tree-9.7.jar;c:\Users\hp\.vscode\extensions\vmware.vscode-spring-boot-1.56.0\language-server\BOOT-INF\lib\asm-util-9.7.jar;c:\Users\hp\.vscode\extensions\vmware.vscode-spring-boot-1.56.0\language-server\BOOT-INF\lib\caffeine-3.1.8.jar;c:\Users\hp\.vscode\extensions\vmware.vscode-spring-boot-1.56.0\language-server\BOOT-INF\lib\checker-qual-3.12.0.jar;c:\Users\hp\.vscode\extensions\vmware.vscode-spring-boot-1.56.0\language-server\BOOT-INF\lib\classgraph-4.8.149.jar;c:\Users\hp\.vscode\extensions\vmware.vscode-spring-boot-1.56.0\language-server\BOOT-INF\lib\commons-codec-1.16.1.jar;c:\Users\hp\.vscode\extensions\vmware.vscode-spring-boot-1.56.0\language-server\BOOT-INF\lib\commons-compress-1.26.2.jar;c:\Users\hp\.vscode\extensions\vmware.vscode-spring-boot-1.56.0\language-server\BOOT-INF\lib\commons-io-2.16.1.jar;c:\Users\hp\.vscode\extensions\vmware.vscode-spring-boot-1.56.0\language-server\BOOT-INF\lib\commons-java-1.56.0-SNAPSHOT.jar;c:\Users\hp\.vscode\extensions\vmware.vscode-spring-boot-1.56.0\language-server\BOOT-INF\lib\commons-lang3-3.14.0.jar;c:\Users\hp\.vscode\extensions\vmware.vscode-spring-boot-1.56.0\language-server\BOOT-INF\lib\commons-language-server-1.56.0-SNAPSHOT.jar;c:\Users\hp\.vscode\extensions\vmware.vscode-spring-boot-1.56.0\language-server\BOOT-INF\lib\commons-lsp-extensions-1.56
Launcher Type: SUN_STANDARD

[Global flags]
     intx CICompilerCount                          = 3                                         {product} {ergonomic}
     uint ConcGCThreads                            = 1                                         {product} {ergonomic}
     uint G1ConcRefinementThreads                  = 4                                         {product} {ergonomic}
   size_t G1HeapRegionSize                         = 1048576                                   {product} {ergonomic}
    uintx GCDrainStackTargetSize                   = 64                                        {product} {ergonomic}
   size_t InitialHeapSize                          = 132120576                                 {product} {ergonomic}
   size_t MarkStackSize                            = 4194304                                   {product} {ergonomic}
   size_t MaxHeapSize                              = 1073741824                                {product} {command line}
   size_t MaxNewSize                               = 643825664                                 {product} {ergonomic}
   size_t MinHeapDeltaBytes                        = 1048576                                   {product} {ergonomic}
   size_t MinHeapSize                              = 8388608                                   {product} {ergonomic}
    uintx NonProfiledCodeHeapSize                  = 0                                      {pd product} {ergonomic}
     bool ProfileInterpreter                       = false                                  {pd product} {command line}
    uintx ProfiledCodeHeapSize                     = 0                                      {pd product} {ergonomic}
   size_t SoftMaxHeapSize                          = 1073741824                             {manageable} {ergonomic}
     intx TieredStopAtLevel                        = 1                                         {product} {command line}
     bool UseCompressedClassPointers               = true                           {product lp64_product} {ergonomic}
     bool UseCompressedOops                        = true                           {product lp64_product} {ergonomic}
     bool UseG1GC                                  = true                                      {product} {ergonomic}
     bool UseLargePagesIndividualAllocation        = false                                  {pd product} {ergonomic}

Logging:
Log output configuration:
 #0: stdout all=warning,jni+resolve=off uptime,level,tags
 #1: stderr all=off uptime,level,tags

Environment Variables:
JAVA_HOME=C:\Program Files\Java\jdk-19
PATH=C:\Program Files\Common Files\Oracle\Java\javapath;C:\Program Files (x86)\Common Files\Oracle\Java\javapath;C:\WINDOWS\system32;C:\WINDOWS;C:\WINDOWS\System32\Wbem;C:\WINDOWS\System32\WindowsPowerShell\v1.0\;C:\WINDOWS\System32\OpenSSH\;C:\Program Files\Microsoft SQL Server\150\Tools\Binn\;C:\Program Files (x86)\dotnet\;C:\Program Files\Microsoft SQL Server\Client SDK\ODBC\170\Tools\Binn\;C:\Program Files (x86)\Microsoft SQL Server\150\Tools\Binn\;C:\Program Files\Microsoft SQL Server\150\DTS\Binn\;C:\Program Files\nodejs\;C:\Program Files\Git\cmd;C:\Program Files\MongoDB\mongosh-2.1.1-win32-x64\mongosh-2.1.1-win32-x64\bin;C:\Program Files\MongoDB\Tools\100\bin;C:\Hdo\elasticsearch-8.11.3-windows-x86_64\elasticsearch-8.11.3\bin;C:\Hdo\kibana-8.11.3-windows-x86_64\kibana-8.11.3\bin;C:\Hdo\logstash-8.11.3-windows-x86_64\logstash-8.11.3\bin;C:\Users\hp\Downloads\apache-maven-3.9.5-bin\apache-maven-3.9.5\bin;C:\Users\hp\AppData\Local\Microsoft\WindowsApps;C:\Users\hp\AppData\Local\Programs\Microsoft VS Code\bin;C:\MAMP\bin\mysql\bin;C:\Program Files\Azure Data Studio\bin;C:\Users\hp\AppData\Roaming\npm;C:\Program Files\Java\jdk-19\bin;C:\Program Files\JetBrains\IntelliJ IDEA 2023.2.4\bin;;C:\flutter\flutter_windows_3.19.5-stable\flutter\bin;C:\Users\hp\Downloads\apache-maven-3.9.7-bin\apache-maven-3.9.7\bin;
USERNAME=hp
OS=Windows_NT
PROCESSOR_IDENTIFIER=Intel64 Family 6 Model 78 Stepping 3, GenuineIntel
TMP=C:\Users\hp\AppData\Local\Temp
TEMP=C:\Users\hp\AppData\Local\Temp



Periodic native trim disabled


---------------  S Y S T E M  ---------------

OS:
 Windows 10 , 64 bit Build 19041 (10.0.19041.4717)
OS uptime: 0 days 1:22 hours

CPU: total 4 (initial active 4) (2 cores per cpu, 2 threads per core) family 6 model 78 stepping 3 microcode 0xcc, cx8, cmov, fxsr, ht, mmx, 3dnowpref, sse, sse2, sse3, ssse3, sse4.1, sse4.2, popcnt, lzcnt, tsc, tscinvbit, avx, avx2, aes, erms, clmul, bmi1, bmi2, rtm, adx, fma, vzeroupper, clflush, clflushopt
Processor Information for processor 0
  Max Mhz: 2496, Current Mhz: 1497, Mhz Limit: 2396
Processor Information for processor 1
  Max Mhz: 2496, Current Mhz: 2396, Mhz Limit: 2396
Processor Information for processor 2
  Max Mhz: 2496, Current Mhz: 2396, Mhz Limit: 2396
Processor Information for processor 3
  Max Mhz: 2496, Current Mhz: 2396, Mhz Limit: 2396

Memory: 4k page, system-wide physical 8039M (571M free)
TotalPageFile size 14664M (AvailPageFile size 12M)
current process WorkingSet (physical memory assigned to process): 161M, peak: 169M
current process commit charge ("private bytes"): 201M, peak: 222M

vm_info: OpenJDK 64-Bit Server VM (17.0.11+9) for windows-amd64 JRE (17.0.11+9), built on Apr 17 2024 06:07:48 by "admin" with MS VC++ 16.10 / 16.11 (VS2019)

END.
