#
# There is insufficient memory for the Java Runtime Environment to continue.
# Native memory allocation (mmap) failed to map 65536 bytes. Error detail: Failed to commit metaspace.
# Possible reasons:
#   The system is out of physical RAM or swap space
#   This process is running with CompressedOops enabled, and the Java Heap may be blocking the growth of the native heap
# Possible solutions:
#   Reduce memory load on the system
#   Increase physical memory or swap space
#   Check if swap backing store is full
#   Decrease Java heap size (-Xmx/-Xms)
#   Decrease number of Java threads
#   Decrease Java thread stack sizes (-Xss)
#   Set larger code cache with -XX:ReservedCodeCacheSize=
#   JVM is running with Unscaled Compressed Oops mode in which the Java heap is
#     placed in the first 4GB address space. The Java Heap base address is the
#     maximum limit for the native heap growth. Please use -XX:HeapBaseMinAddress
#     to set the Java Heap base and to place the Java Heap above 4GB virtual address.
# This output file may be truncated or incomplete.
#
#  Out of Memory Error (virtualSpaceNode.cpp:110), pid=3456, tid=1104
#
# JRE version: OpenJDK Runtime Environment Temurin-17.0.11+9 (17.0.11+9) (build 17.0.11+9)
# Java VM: OpenJDK 64-Bit Server VM Temurin-17.0.11+9 (17.0.11+9, mixed mode, tiered, compressed oops, compressed class ptrs, parallel gc, windows-amd64)
# No core dump will be written. Minidumps are not enabled by default on client versions of Windows
#

---------------  S U M M A R Y ------------

Command Line: --add-modules=ALL-SYSTEM --add-opens=java.base/java.util=ALL-UNNAMED --add-opens=java.base/java.lang=ALL-UNNAMED --add-opens=java.base/sun.nio.fs=ALL-UNNAMED -Declipse.application=org.eclipse.jdt.ls.core.id1 -Dosgi.bundles.defaultStartLevel=4 -Declipse.product=org.eclipse.jdt.ls.core.product -Djava.import.generatesMetadataFilesAtProjectRoot=false -DDetectVMInstallationsJob.disabled=true -Dfile.encoding=utf8 -XX:+UseParallelGC -XX:GCTimeRatio=4 -XX:AdaptiveSizePolicyWeight=90 -Dsun.zip.disableMemoryMapping=true -Xmx1G -Xms100m -Xlog:disable -javaagent:c:\Users\hp\.vscode\extensions\redhat.java-1.33.0-win32-x64\lombok\lombok-1.18.33.jar -XX:+HeapDumpOnOutOfMemoryError -XX:HeapDumpPath=c:\Users\hp\AppData\Roaming\Code\User\workspaceStorage\957d33e6aa10f20311ffc09783cdaabf\redhat.java -Daether.dependencyCollector.impl=bf c:\Users\hp\.vscode\extensions\redhat.java-1.33.0-win32-x64\server\plugins\org.eclipse.equinox.launcher_1.6.900.v20240613-2009.jar -configuration c:\Users\hp\AppData\Roaming\Code\User\globalStorage\redhat.java\1.33.0\config_win -data c:\Users\hp\AppData\Roaming\Code\User\workspaceStorage\957d33e6aa10f20311ffc09783cdaabf\redhat.java\jdt_ws --pipe=\\.\pipe\lsp-32bf318cdf4a568298f6f0cca6e2c83b-sock

Host: Intel(R) Core(TM) i5-6300U CPU @ 2.40GHz, 4 cores, 7G,  Windows 10 , 64 bit Build 19041 (10.0.19041.4597)
Time: Fri Aug 16 20:43:55 2024 Paris, Madrid (heure duild 19041 (10.0.19041.4597) elapsed time: 0.758263 seconds (0d 0h 0m 0s)

---------------  T H R E A D  ---------------

Current thread (0x00000297a4df4860):  JavaThread "main" [_thread_in_vm, id=1104, stack(0x000000c9e6700000,0x000000c9e6800000)]

Stack: [0x000000c9e6700000,0x000000c9e6800000]
Native frames: (J=compiled Java code, j=interpreted, Vv=VM code, C=native code)
V  [jvm.dll+0x67d429]
V  [jvm.dll+0x834b7a]
V  [jvm.dll+0x83663e]
V  [jvm.dll+0x836ca3]
V  [jvm.dll+0x247dbf]
V  [jvm.dll+0x83083b]
V  [jvm.dll+0x621d56]
V  [jvm.dll+0x621dba]
V  [jvm.dll+0x6245ea]
V  [jvm.dll+0x6226f6]
V  [jvm.dll+0x23d6c6]
V  [jvm.dll+0x1ec56b]
V  [jvm.dll+0x1e1f11]
V  [jvm.dll+0x54250e]
V  [jvm.dll+0x1f2957]
V  [jvm.dll+0x7ae0cb]
V  [jvm.dll+0x7af499]
V  [jvm.dll+0x7afd13]
V  [jvm.dll+0x1ea2c6]
V  [jvm.dll+0x1eca4c]
V  [jvm.dll+0x1e1f11]
V  [jvm.dll+0x54250e]
V  [jvm.dll+0x1f2957]
V  [jvm.dll+0x7ae0cb]
V  [jvm.dll+0x7af499]
V  [jvm.dll+0x7af7e8]
V  [jvm.dll+0x24007e]
V  [jvm.dll+0x38251e]
C  0x00000297b07cafa5

The last pc belongs to new (printed below).
Java frames: (J=compiled Java code, j=interpreted, Vv=VM code)
j  java.net.URI.<clinit>()V+113 java.base
v  ~StubRoutines::call_stub
j  jdk.internal.misc.Unsafe.ensureClassInitialized0(Ljava/lang/Class;)V+0 java.base
j  jdk.internal.misc.Unsafe.ensureClassInitialized(Ljava/lang/Class;)V+14 java.base
j  java.lang.invoke.MethodHandles$Lookup.ensureInitialized(Ljava/lang/Class;)Ljava/lang/Class;+102 java.base
j  jdk.internal.access.SharedSecrets.ensureClassInitialized(Ljava/lang/Class;)V+4 java.base
j  jdk.internal.access.SharedSecrets.getJavaNetUriAccess()Ljdk/internal/access/JavaNetUriAccess;+10 java.base
j  jdk.internal.module.SystemModuleFinders.<clinit>()V+0 java.base
v  ~StubRoutines::call_stub
j  jdk.internal.module.ModuleBootstrap.boot2()Ljava/lang/ModuleLayer;+228 java.base
j  jdk.internal.module.ModuleBootstrap.boot()Ljava/lang/ModuleLayer;+64 java.base
j  java.lang.System.initPhase2(ZZ)I+0 java.base
v  ~StubRoutines::call_stub
new  187 new  [0x00000297b07cae20, 0x00000297b07cb040]  544 bytes
[MachCode]
  0x00000297b07cae20: 4883 ec08 | c5fa 1104 | 24eb 1f48 | 83ec 10c5 | fb11 0424 | eb14 4883 | ec10 4889 | 0424 48c7 
  0x00000297b07cae40: 4424 0800 | 0000 00eb | 0150 410f | b755 010f | cac1 ea10 | 488b 4de8 | 488b 4908 | 488b 4908 
  0x00000297b07cae60: 488b 4108 | 807c 1004 | 070f 85d6 | 0000 0066 | 8b54 d148 | 488b 4928 | 488b 4cd1 | 0851 80b9 
  0x00000297b07cae80: 3301 0000 | 040f 85b9 | 0000 008b | 5108 f7c2 | 0100 0000 | 0f85 aa00 | 0000 498b | 8708 0100 
  0x00000297b07caea0: 0048 8d1c | 1049 3b9f | 1801 0000 | 0f87 9200 | 0000 4989 | 9f08 0100 | 00e9 0000 | 0000 4883 
  0x00000297b07caec0: ea10 0f84 | 0f00 0000 | 33c9 c1ea | 0348 894c | d008 48ff | ca75 f648 | c700 0100 | 0000 5933 
  0x00000297b07caee0: f689 700c | 48c1 e903 | 8948 0849 | ba5a 35d2 | 0df8 7f00 | 0041 803a | 000f 8440 | 0000 0050 
  0x00000297b07caf00: 488b c848 | 83ec 20f7 | c40f 0000 | 000f 841a | 0000 0048 | 83ec 0849 | ba80 3188 | 0df8 7f00 
  0x00000297b07caf20: 0041 ffd2 | 4883 c408 | e90d 0000 | 0049 ba80 | 3188 0df8 | 7f00 0041 | ffd2 4883 | c420 58e9 
  0x00000297b07caf40: cd00 0000 | 5948 8b55 | e848 8b52 | 0848 8b52 | 0845 0fb7 | 4501 410f | c841 c1e8 | 10e8 0500 
  0x00000297b07caf60: 0000 e9aa | 0000 0048 | 8d44 2408 | 4c89 6dc0 | 498b cfc5 | f877 4989 | afa8 0200 | 0049 8987 
  0x00000297b07caf80: 9802 0000 | 4883 ec20 | f7c4 0f00 | 0000 0f84 | 1a00 0000 | 4883 ec08 | 49ba d024 | 520d f87f 
  0x00000297b07cafa0: 0000 41ff | d248 83c4 | 08e9 0d00 | 0000 49ba | d024 520d | f87f 0000 | 41ff d248 | 83c4 2049 
  0x00000297b07cafc0: c787 9802 | 0000 0000 | 0000 49c7 | 87a8 0200 | 0000 0000 | 0049 c787 | a002 0000 | 0000 0000 
  0x00000297b07cafe0: c5f8 7749 | 817f 0800 | 0000 000f | 8405 0000 | 00e9 0a5f | feff 498b | 87f0 0200 | 0049 c787 
  0x00000297b07cb000: f002 0000 | 0000 0000 | 4c8b 6dc0 | 4c8b 75c8 | c341 0fb6 | 5d03 4983 | c503 49ba | d0a1 d40d 
  0x00000297b07cb020: f87f 0000 | 41ff 24da | 0000 0000 | 0000 0000 | 0000 0000 | 0000 0000 | 0000 0000 | 0000 0000 
[/MachCode]

---------------  P R O C E S S  ---------------

Threads class SMR info:
_java_thread_list=0x00000297bfe45730, length=10, elements={
0x00000297a4df4860, 0x00000297a4ea5f60, 0x00000297a4ea71f0, 0x00000297babcc150,
0x00000297babccee0, 0x00000297babcdc70, 0x00000297babcf6b0, 0x00000297babd0360,
0x00000297bfe45150, 0x00000297bfe4c240
}

Java Threads: ( => current thread )
=>0x00000297a4df4860 JavaThread "main" [_thread_in_vm, id=1104, stack(0x000000c9e6700000,0x000000c9e6800000)]
  0x00000297a4ea5f60 JavaThread "Reference Handler" daemon [_thread_blocked, id=16668, stack(0x000000c9e6a00000,0x000000c9e6b00000)]
  0x00000297a4ea71f0 JavaThread "Finalizer" daemon [_thread_blocked, id=14740, stack(0x000000c9e6b00000,0x000000c9e6c00000)]
  0x00000297babcc150 JavaThread "Signal Dispatcher" daemon [_thread_blocked, id=13176, stack(0x000000c9e6c00000,0x000000c9e6d00000)]
  0x00000297babccee0 JavaThread "Attach Listener" daemon [_thread_blocked, id=16944, stack(0x000000c9e6d00000,0x000000c9e6e00000)]
  0x00000297babcdc70 JavaThread "Service Thread" daemon [_thread_blocked, id=12812, stack(0x000000c9e6e00000,0x000000c9e6f00000)]
  0x00000297babcf6b0 JavaThread "Monitor Deflation Thread" daemon [_thread_blocked, id=12316, stack(0x000000c9e6f00000,0x000000c9e7000000)]
  0x00000297babd0360 JavaThread "C2 CompilerThread0" daemon [_thread_blocked, id=14556, stack(0x000000c9e7000000,0x000000c9e7100000)]
  0x00000297bfe45150 JavaThread "C1 CompilerThread0" daemon [_thread_blocked, id=13636, stack(0x000000c9e7100000,0x000000c9e7200000)]
  0x00000297bfe4c240 JavaThread "Sweeper thread" daemon [_thread_blocked, id=14660, stack(0x000000c9e7200000,0x000000c9e7300000)]

Other Threads:
  0x00000297bab86860 VMThread "VM Thread" [stack: 0x000000c9e6900000,0x000000c9e6a00000] [id=17564]
  0x00000297a4e099d0 GCTaskThread "GC Thread#0" [stack: 0x000000c9e6800000,0x000000c9e6900000] [id=11948]

Threads with active compile tasks:

VM state: not at safepoint (normal execution)

VM Mutex/Monitor currently owned by a thread:  ([mutex/lock_event])
[0x00000297a4defbb0] Metaspace_lock - owner thread: 0x00000297a4df4860

Heap address: 0x00000000c0000000, size: 1024 MB, Compressed Oops mode: 32-bit

CDS archive(s) not mapped
Compressed class space mapped at: 0x0000000100000000-0x0000000140000000, reserved size: 1073741824
Narrow klass base: 0x0000000000000000, Narrow klass shift: 3, Narrow klass range: 0x140000000

GC Precious Log:
 CPUs: 4 total, 4 available
 Memory: 8039M
 Large Page Support: Disabled
 NUMA Support: Disabled
 Compressed Oops: Enabled (32-bit)
 Alignments: Space 512K, Generation 512K, Heap 2M
 Heap Min Capacity: 100M
 Heap Initial Capacity: 100M
 Heap Max Capacity: 1G
 Pre-touch: Disabled
 Parallel Workers: 4

Heap:
 PSYoungGen      total 29696K, used 1024K [0x00000000eab00000, 0x00000000ecc00000, 0x0000000100000000)
  eden space 25600K, 4% used [0x00000000eab00000,0x00000000eac00138,0x00000000ec400000)
  from space 4096K, 0% used [0x00000000ec800000,0x00000000ec800000,0x00000000ecc00000)
  to   space 4096K, 0% used [0x00000000ec400000,0x00000000ec400000,0x00000000ec800000)
 ParOldGen       total 68608K, used 0K [0x00000000c0000000, 0x00000000c4300000, 0x00000000eab00000)
  object space 68608K, 0% used [0x00000000c0000000,0x00000000c0000000,0x00000000c4300000)
 Metaspace       used 2446K, committed 2496K, reserved 1114112K
  class space    used 206K, committed 256K, reserved 1048576K

Card table byte_map: [0x00000297b8460000,0x00000297b8670000] _byte_map_base: 0x00000297b7e60000

Marking Bits: (ParMarkBitMap*) 0x00007ff80dd3d820
 Begin Bits: [0x00000297b87d0000, 0x00000297b97d0000)
 End Bits:   [0x00000297b97d0000, 0x00000297ba7d0000)

Polling page: 0x00000297a4eb0000

Metaspace:

Usage:
  Non-class:      2.19 MB used.
      Class:    206.05 KB used.
       Both:      2.39 MB used.

Virtual space:
  Non-class space:       64.00 MB reserved,       2.19 MB (  3%) committed,  1 nodes.
      Class space:        1.00 GB reserved,     256.00 KB ( <1%) committed,  1 nodes.
             Both:        1.06 GB reserved,       2.44 MB ( <1%) committed. 

Chunk freelists:
   Non-Class:  12.00 MB
       Class:  15.75 MB
        Both:  27.75 MB

MaxMetaspaceSize: unlimited
CompressedClassSpaceSize: 1.00 GB
Initial GC threshold: 21.00 MB
Current GC threshold: 21.00 MB
CDS: off
MetaspaceReclaimPolicy: balanced
 - commit_granule_bytes: 65536.
 - commit_granule_words: 8192.
 - virtual_space_node_default_size: 8388608.
 - enlarge_chunks_in_place: 1.
 - new_chunks_are_fully_committed: 0.
 - uncommit_free_chunks: 1.
 - use_allocation_guard: 0.
 - handle_deallocations: 1.


Internal statistics:

num_allocs_failed_limit: 0.
num_arena_births: 2.
num_arena_deaths: 0.
num_vsnodes_births: 2.
num_vsnodes_deaths: 0.
num_space_committed: 39.
num_space_uncommitted: 0.
num_chunks_returned_to_freelist: 0.
num_chunks_taken_from_freelist: 3.
num_chunk_merges: 0.
num_chunk_splits: 2.
num_chunks_enlarged: 0.
num_inconsistent_stats: 0.

CodeHeap 'non-profiled nmethods': size=120000Kb used=0Kb max_used=0Kb free=120000Kb
 bounds [0x00000297b0d50000, 0x00000297b0fc0000, 0x00000297b8280000]
CodeHeap 'profiled nmethods': size=120000Kb used=3Kb max_used=3Kb free=119996Kb
 bounds [0x00000297a9280000, 0x00000297a94f0000, 0x00000297b07b0000]
CodeHeap 'non-nmethods': size=5760Kb used=1012Kb max_used=1012Kb free=4747Kb
 bounds [0x00000297b07b0000, 0x00000297b0a20000, 0x00000297b0d50000]
 total_blobs=269 nmethods=3 adapters=182
 compilation: enabled
              stopped_count=0, restarted_count=0
 full_count=0

Compilation events (6 events):
Event: 0.737 Thread 0x00000297bfe45150    1       3       java.lang.String::isLatin1 (19 bytes)
Event: 0.738 Thread 0x00000297bfe45150 nmethod 1 0x00000297a9280010 code [0x00000297a92801a0, 0x00000297a9280318]
Event: 0.738 Thread 0x00000297bfe45150    2       3       java.lang.StringLatin1::hashCode (42 bytes)
Event: 0.738 Thread 0x00000297bfe45150 nmethod 2 0x00000297a9280390 code [0x00000297a9280520, 0x00000297a92806d8]
Event: 0.745 Thread 0x00000297bfe45150    3       3       java.lang.String::hashCode (60 bytes)
Event: 0.746 Thread 0x00000297bfe45150 nmethod 3 0x00000297a9280810 code [0x00000297a92809e0, 0x00000297a9280d38]

GC Heap History (0 events):
No events

Dll operation events (1 events):
Event: 0.132 Loaded shared library c:\Users\hp\.vscode\extensions\redhat.java-1.33.0-win32-x64\jre\17.0.11-win32-x86_64\bin\java.dll

Deoptimization events (0 events):
No events

Classes unloaded (0 events):
No events

Classes redefined (0 events):
No events

Internal exceptions (0 events):
No events

VM Operations (0 events):
No events

Events (20 events):
Event: 0.742 loading class java/io/FileSystem done
Event: 0.742 loading class java/io/WinNTFileSystem done
Event: 0.743 loading class jdk/internal/util/ArraysSupport
Event: 0.743 loading class jdk/internal/util/ArraysSupport done
Event: 0.743 loading class jdk/internal/module/ModulePatcher
Event: 0.744 loading class jdk/internal/module/ModulePatcher done
Event: 0.744 loading class jdk/internal/module/ModuleBootstrap$Counters
Event: 0.744 loading class jdk/internal/module/ModuleBootstrap$Counters done
Event: 0.744 loading class jdk/internal/module/ArchivedBootLayer
Event: 0.744 loading class jdk/internal/module/ArchivedBootLayer done
Event: 0.744 loading class java/util/HashSet
Event: 0.745 loading class java/util/HashSet done
Event: 0.746 loading class jdk/internal/module/ArchivedModuleGraph
Event: 0.746 loading class jdk/internal/module/ArchivedModuleGraph done
Event: 0.746 loading class jdk/internal/module/SystemModuleFinders
Event: 0.746 loading class jdk/internal/module/SystemModuleFinders done
Event: 0.746 loading class java/net/URI
Event: 0.748 loading class java/net/URI done
Event: 0.749 loading class java/net/URI$1
Event: 0.749 loading class jdk/internal/access/JavaNetUriAccess


Dynamic libraries:
0x00007ff7f2740000 - 0x00007ff7f274e000 	c:\Users\hp\.vscode\extensions\redhat.java-1.33.0-win32-x64\jre\17.0.11-win32-x86_64\bin\java.exe
0x00007ff86b890000 - 0x00007ff86ba88000 	C:\WINDOWS\SYSTEM32\ntdll.dll
0x00007ff86aa40000 - 0x00007ff86ab01000 	C:\WINDOWS\System32\KERNEL32.DLL
0x00007ff8692b0000 - 0x00007ff8695a6000 	C:\WINDOWS\System32\KERNELBASE.dll
0x00007ff869660000 - 0x00007ff869760000 	C:\WINDOWS\System32\ucrtbase.dll
0x00007ff866810000 - 0x00007ff866827000 	c:\Users\hp\.vscode\extensions\redhat.java-1.33.0-win32-x64\jre\17.0.11-win32-x86_64\bin\jli.dll
0x00007ff86a1f0000 - 0x00007ff86a38f000 	C:\WINDOWS\System32\USER32.dll
0x00007ff869890000 - 0x00007ff8698b2000 	C:\WINDOWS\System32\win32u.dll
0x00007ff869e40000 - 0x00007ff869e6b000 	C:\WINDOWS\System32\GDI32.dll
0x00007ff868fe0000 - 0x00007ff8690f7000 	C:\WINDOWS\System32\gdi32full.dll
0x00007ff869760000 - 0x00007ff8697fd000 	C:\WINDOWS\System32\msvcp_win.dll
0x00007ff8667f0000 - 0x00007ff86680b000 	c:\Users\hp\.vscode\extensions\redhat.java-1.33.0-win32-x64\jre\17.0.11-win32-x86_64\bin\VCRUNTIME140.dll
0x00007ff8520f0000 - 0x00007ff85238a000 	C:\WINDOWS\WinSxS\amd64_microsoft.windows.common-controls_6595b64144ccf1df_6.0.19041.4355_none_60b8b9eb71f62e16\COMCTL32.dll
0x00007ff8698c0000 - 0x00007ff86995e000 	C:\WINDOWS\System32\msvcrt.dll
0x00007ff86aa10000 - 0x00007ff86aa3f000 	C:\WINDOWS\System32\IMM32.DLL
0x00007ff860c50000 - 0x00007ff860c5c000 	c:\Users\hp\.vscode\extensions\redhat.java-1.33.0-win32-x64\jre\17.0.11-win32-x86_64\bin\vcruntime140_1.dll
0x00007ff85e040000 - 0x00007ff85e0cd000 	c:\Users\hp\.vscode\extensions\redhat.java-1.33.0-win32-x64\jre\17.0.11-win32-x86_64\bin\msvcp140.dll
0x00007ff80d1a0000 - 0x00007ff80de02000 	c:\Users\hp\.vscode\extensions\redhat.java-1.33.0-win32-x64\jre\17.0.11-win32-x86_64\bin\server\jvm.dll
0x00007ff86afd0000 - 0x00007ff86b080000 	C:\WINDOWS\System32\ADVAPI32.dll
0x00007ff86a0d0000 - 0x00007ff86a170000 	C:\WINDOWS\System32\sechost.dll
0x00007ff86ad70000 - 0x00007ff86ae93000 	C:\WINDOWS\System32\RPCRT4.dll
0x00007ff868f40000 - 0x00007ff868f67000 	C:\WINDOWS\System32\bcrypt.dll
0x00007ff868d90000 - 0x00007ff868ddb000 	C:\WINDOWS\SYSTEM32\POWRPROF.dll
0x00007ff83ee00000 - 0x00007ff83ee09000 	C:\WINDOWS\SYSTEM32\WSOCK32.dll
0x00007ff86af60000 - 0x00007ff86afcb000 	C:\WINDOWS\System32\WS2_32.dll
0x00007ff844410000 - 0x00007ff844437000 	C:\WINDOWS\SYSTEM32\WINMM.dll
0x00007ff85fb70000 - 0x00007ff85fb7a000 	C:\WINDOWS\SYSTEM32\VERSION.dll
0x00007ff868d70000 - 0x00007ff868d82000 	C:\WINDOWS\SYSTEM32\UMPDC.dll
0x00007ff867750000 - 0x00007ff867762000 	C:\WINDOWS\SYSTEM32\kernel.appcore.dll
0x00007ff85e030000 - 0x00007ff85e03a000 	c:\Users\hp\.vscode\extensions\redhat.java-1.33.0-win32-x64\jre\17.0.11-win32-x86_64\bin\jimage.dll
0x00007ff85fc10000 - 0x00007ff85fdf4000 	C:\WINDOWS\SYSTEM32\DBGHELP.DLL
0x00007ff83ae60000 - 0x00007ff83ae94000 	C:\WINDOWS\SYSTEM32\dbgcore.DLL
0x00007ff869800000 - 0x00007ff869882000 	C:\WINDOWS\System32\bcryptPrimitives.dll
0x00007ff85d3c0000 - 0x00007ff85d3ce000 	c:\Users\hp\.vscode\extensions\redhat.java-1.33.0-win32-x64\jre\17.0.11-win32-x86_64\bin\instrument.dll
0x00007ff821e00000 - 0x00007ff821e25000 	c:\Users\hp\.vscode\extensions\redhat.java-1.33.0-win32-x64\jre\17.0.11-win32-x86_64\bin\java.dll
0x00007ff818980000 - 0x00007ff818998000 	c:\Users\hp\.vscode\extensions\redhat.java-1.33.0-win32-x64\jre\17.0.11-win32-x86_64\bin\zip.dll
0x00007ff86b080000 - 0x00007ff86b7ec000 	C:\WINDOWS\System32\SHELL32.dll
0x00007ff866fa0000 - 0x00007ff86773e000 	C:\WINDOWS\SYSTEM32\windows.storage.dll
0x00007ff86a580000 - 0x00007ff86a8d3000 	C:\WINDOWS\System32\combase.dll
0x00007ff868890000 - 0x00007ff8688be000 	C:\WINDOWS\SYSTEM32\Wldp.dll
0x00007ff869ed0000 - 0x00007ff869f9d000 	C:\WINDOWS\System32\OLEAUT32.dll
0x00007ff86ab10000 - 0x00007ff86abbd000 	C:\WINDOWS\System32\SHCORE.dll
0x00007ff869970000 - 0x00007ff8699c5000 	C:\WINDOWS\System32\shlwapi.dll
0x00007ff868e70000 - 0x00007ff868e94000 	C:\WINDOWS\SYSTEM32\profapi.dll

dbghelp: loaded successfully - version: 4.0.5 - missing functions: none
symbol engine: initialized successfully - sym options: 0x614 - pdb path: .;c:\Users\hp\.vscode\extensions\redhat.java-1.33.0-win32-x64\jre\17.0.11-win32-x86_64\bin;C:\WINDOWS\SYSTEM32;C:\WINDOWS\WinSxS\amd64_microsoft.windows.common-controls_6595b64144ccf1df_6.0.19041.4355_none_60b8b9eb71f62e16;c:\Users\hp\.vscode\extensions\redhat.java-1.33.0-win32-x64\jre\17.0.11-win32-x86_64\bin\server

VM Arguments:
jvm_args: --add-modules=ALL-SYSTEM --add-opens=java.base/java.util=ALL-UNNAMED --add-opens=java.base/java.lang=ALL-UNNAMED --add-opens=java.base/sun.nio.fs=ALL-UNNAMED -Declipse.application=org.eclipse.jdt.ls.core.id1 -Dosgi.bundles.defaultStartLevel=4 -Declipse.product=org.eclipse.jdt.ls.core.product -Djava.import.generatesMetadataFilesAtProjectRoot=false -DDetectVMInstallationsJob.disabled=true -Dfile.encoding=utf8 -XX:+UseParallelGC -XX:GCTimeRatio=4 -XX:AdaptiveSizePolicyWeight=90 -Dsun.zip.disableMemoryMapping=true -Xmx1G -Xms100m -Xlog:disable -javaagent:c:\Users\hp\.vscode\extensions\redhat.java-1.33.0-win32-x64\lombok\lombok-1.18.33.jar -XX:+HeapDumpOnOutOfMemoryError -XX:HeapDumpPath=c:\Users\hp\AppData\Roaming\Code\User\workspaceStorage\957d33e6aa10f20311ffc09783cdaabf\redhat.java -Daether.dependencyCollector.impl=bf 
java_command: c:\Users\hp\.vscode\extensions\redhat.java-1.33.0-win32-x64\server\plugins\org.eclipse.equinox.launcher_1.6.900.v20240613-2009.jar -configuration c:\Users\hp\AppData\Roaming\Code\User\globalStorage\redhat.java\1.33.0\config_win -data c:\Users\hp\AppData\Roaming\Code\User\workspaceStorage\957d33e6aa10f20311ffc09783cdaabf\redhat.java\jdt_ws --pipe=\\.\pipe\lsp-32bf318cdf4a568298f6f0cca6e2c83b-sock
java_class_path (initial): c:\Users\hp\.vscode\extensions\redhat.java-1.33.0-win32-x64\server\plugins\org.eclipse.equinox.launcher_1.6.900.v20240613-2009.jar
Launcher Type: SUN_STANDARD

[Global flags]
    uintx AdaptiveSizePolicyWeight                 = 90                                        {product} {command line}
     intx CICompilerCount                          = 3                                         {product} {ergonomic}
    uintx GCTimeRatio                              = 4                                         {product} {command line}
     bool HeapDumpOnOutOfMemoryError               = true                                   {manageable} {command line}
    ccstr HeapDumpPath                             = c:\Users\hp\AppData\Roaming\Code\User\workspaceStorage\957d33e6aa10f20311ffc09783cdaabf\redhat.java         {manageable} {command line}
   size_t InitialHeapSize                          = 104857600                                 {product} {command line}
   size_t MaxHeapSize                              = 1073741824                                {product} {command line}
   size_t MaxNewSize                               = 357564416                                 {product} {ergonomic}
   size_t MinHeapDeltaBytes                        = 524288                                    {product} {ergonomic}
   size_t MinHeapSize                              = 104857600                                 {product} {command line}
   size_t NewSize                                  = 34603008                                  {product} {ergonomic}
    uintx NonNMethodCodeHeapSize                   = 5832780                                {pd product} {ergonomic}
    uintx NonProfiledCodeHeapSize                  = 122912730                              {pd product} {ergonomic}
   size_t OldSize                                  = 70254592                                  {product} {ergonomic}
    uintx ProfiledCodeHeapSize                     = 122912730                              {pd product} {ergonomic}
    uintx ReservedCodeCacheSize                    = 251658240                              {pd product} {ergonomic}
     bool SegmentedCodeCache                       = true                                      {product} {ergonomic}
   size_t SoftMaxHeapSize                          = 1073741824                             {manageable} {ergonomic}
     bool UseCompressedClassPointers               = true                           {product lp64_product} {ergonomic}
     bool UseCompressedOops                        = true                           {product lp64_product} {ergonomic}
     bool UseLargePagesIndividualAllocation        = false                                  {pd product} {ergonomic}
     bool UseParallelGC                            = true                                      {product} {command line}

Logging:
Log output configuration:
 #0: stdout all=off uptime,level,tags
 #1: stderr all=off uptime,level,tags

Environment Variables:
JAVA_HOME=C:\Program Files\Java\jdk-19
PATH=C:\Program Files\Common Files\Oracle\Java\javapath;C:\Program Files (x86)\Common Files\Oracle\Java\javapath;C:\WINDOWS\system32;C:\WINDOWS;C:\WINDOWS\System32\Wbem;C:\WINDOWS\System32\WindowsPowerShell\v1.0\;C:\WINDOWS\System32\OpenSSH\;C:\Program Files\Microsoft SQL Server\150\Tools\Binn\;C:\Program Files (x86)\dotnet\;C:\Program Files\Microsoft SQL Server\Client SDK\ODBC\170\Tools\Binn\;C:\Program Files (x86)\Microsoft SQL Server\150\Tools\Binn\;C:\Program Files\Microsoft SQL Server\150\DTS\Binn\;C:\Program Files\nodejs\;C:\Program Files\Git\cmd;C:\Program Files\MongoDB\mongosh-2.1.1-win32-x64\mongosh-2.1.1-win32-x64\bin;C:\Program Files\MongoDB\Tools\100\bin;C:\Hdo\elasticsearch-8.11.3-windows-x86_64\elasticsearch-8.11.3\bin;C:\Hdo\kibana-8.11.3-windows-x86_64\kibana-8.11.3\bin;C:\Hdo\logstash-8.11.3-windows-x86_64\logstash-8.11.3\bin;C:\Users\hp\Downloads\apache-maven-3.9.5-bin\apache-maven-3.9.5\bin;C:\Users\hp\AppData\Local\Microsoft\WindowsApps;C:\Users\hp\AppData\Local\Programs\Microsoft VS Code\bin;C:\MAMP\bin\mysql\bin;C:\Program Files\Azure Data Studio\bin;C:\Users\hp\AppData\Roaming\npm;C:\Program Files\Java\jdk-19\bin;C:\Program Files\JetBrains\IntelliJ IDEA 2023.2.4\bin;;C:\flutter\flutter_windows_3.19.5-stable\flutter\bin;C:\Users\hp\Downloads\apache-maven-3.9.7-bin\apache-maven-3.9.7\bin;
USERNAME=hp
OS=Windows_NT
PROCESSOR_IDENTIFIER=Intel64 Family 6 Model 78 Stepping 3, GenuineIntel
TMP=C:\Users\hp\AppData\Local\Temp
TEMP=C:\Users\hp\AppData\Local\Temp



Periodic native trim disabled


---------------  S Y S T E M  ---------------

OS:
 Windows 10 , 64 bit Build 19041 (10.0.19041.4597)
OS uptime: 1 days 2:36 hours

CPU: total 4 (initial active 4) (2 cores per cpu, 2 threads per core) family 6 model 78 stepping 3 microcode 0xcc, cx8, cmov, fxsr, ht, mmx, 3dnowpref, sse, sse2, sse3, ssse3, sse4.1, sse4.2, popcnt, lzcnt, tsc, tscinvbit, avx, avx2, aes, erms, clmul, bmi1, bmi2, rtm, adx, fma, vzeroupper, clflush, clflushopt
Processor Information for all 4 processors :
  Max Mhz: 2496, Current Mhz: 2396, Mhz Limit: 2396

Memory: 4k page, system-wide physical 8039M (407M free)
TotalPageFile size 13957M (AvailPageFile size 67M)
current process WorkingSet (physical memory assigned to process): 23M, peak: 23M
current process commit charge ("private bytes"): 167M, peak: 167M

vm_info: OpenJDK 64-Bit Server VM (17.0.11+9) for windows-amd64 JRE (17.0.11+9), built on Apr 17 2024 06:07:48 by "admin" with MS VC++ 16.10 / 16.11 (VS2019)

END.
