#
# There is insufficient memory for the Java Runtime Environment to continue.
# Native memory allocation (malloc) failed to allocate 1048576 bytes. Error detail: AllocateHeap
# Possible reasons:
#   The system is out of physical RAM or swap space
#   This process is running with CompressedOops enabled, and the Java Heap may be blocking the growth of the native heap
# Possible solutions:
#   Reduce memory load on the system
#   Increase physical memory or swap space
#   Check if swap backing store is full
#   Decrease Java heap size (-Xmx/-Xms)
#   Decrease number of Java threads
#   Decrease Java thread stack sizes (-Xss)
#   Set larger code cache with -XX:ReservedCodeCacheSize=
#   JVM is running with Unscaled Compressed Oops mode in which the Java heap is
#     placed in the first 4GB address space. The Java Heap base address is the
#     maximum limit for the native heap growth. Please use -XX:HeapBaseMinAddress
#     to set the Java Heap base and to place the Java Heap above 4GB virtual address.
# This output file may be truncated or incomplete.
#
#  Out of Memory Error (allocation.cpp:44), pid=17912, tid=4140
#
# JRE version: OpenJDK Runtime Environment Temurin-17.0.11+9 (17.0.11+9) (build 17.0.11+9)
# Java VM: OpenJDK 64-Bit Server VM Temurin-17.0.11+9 (17.0.11+9, mixed mode, emulated-client, tiered, compressed oops, compressed class ptrs, g1 gc, windows-amd64)
# No core dump will be written. Minidumps are not enabled by default on client versions of Windows
#

---------------  S U M M A R Y ------------

Command Line: -Xmx1024m -Dsts.lsp.client=vscode -Dsts.log.file=/dev/null -XX:TieredStopAtLevel=1 -Xlog:jni+resolve=off -Dspring.config.location=file:c:\Users\hp\.vscode\extensions\vmware.vscode-spring-boot-1.56.0\language-server\BOOT-INF\classes\application.properties org.springframework.ide.vscode.boot.app.BootLanguageServerBootApp

Host: Intel(R) Core(TM) i5-6300U CPU @ 2.40GHz, 4 cores, 7G,  Windows 10 , 64 bit Build 19041 (10.0.19041.4597)
Time: Thu Aug 15 11:28:16 2024 Paris, Madrid (heure duild 19041 (10.0.19041.4597) elapsed time: 895.553066 seconds (0d 0h 14m 55s)

---------------  T H R E A D  ---------------

Current thread (0x000002479e721ec0):  VMThread "VM Thread" [stack: 0x000000f534e00000,0x000000f534f00000] [id=4140]

Stack: [0x000000f534e00000,0x000000f534f00000]
Native frames: (J=compiled Java code, j=interpreted, Vv=VM code, C=native code)
V  [jvm.dll+0x67d429]
V  [jvm.dll+0x834b7a]
V  [jvm.dll+0x83663e]
V  [jvm.dll+0x836ca3]
V  [jvm.dll+0x247dbf]
V  [jvm.dll+0xa6cb3]
V  [jvm.dll+0x2f8ad3]
V  [jvm.dll+0x2f4750]
V  [jvm.dll+0x2dcf67]
V  [jvm.dll+0x31fb67]
V  [jvm.dll+0x83b19b]
V  [jvm.dll+0x83bed2]
V  [jvm.dll+0x83c3ed]
V  [jvm.dll+0x83c7c4]
V  [jvm.dll+0x83c890]
V  [jvm.dll+0x7e410a]
V  [jvm.dll+0x67c315]
C  [ucrtbase.dll+0x21bb2]
C  [KERNEL32.DLL+0x17374]
C  [ntdll.dll+0x4cc91]

VM_Operation (0x000000f535ffed40): G1CollectFull, mode: safepoint, requested by thread 0x00000247a4234410


---------------  P R O C E S S  ---------------

Threads class SMR info:
_java_thread_list=0x00000247a4406170, length=21, elements={
0x000002479e775b30, 0x000002479e788010, 0x000002479e8f94a0, 0x000002479e8fc290,
0x000002479e8fcb60, 0x000002479e8fd430, 0x000002479e8fe510, 0x000002479e8ff230,
0x000002479eaf1010, 0x000002479eaf7510, 0x00000247a43810e0, 0x00000247a4234410,
0x00000247a41d0570, 0x00000247941eabd0, 0x00000247a4421040, 0x00000247a44c37e0,
0x00000247a44c3cc0, 0x00000247a41a40b0, 0x00000247a41a3ba0, 0x00000247a41a2c70,
0x00000247a455c170
}

Java Threads: ( => current thread )
  0x000002479e775b30 JavaThread "Reference Handler" daemon [_thread_blocked, id=9264, stack(0x000000f534f00000,0x000000f535000000)]
  0x000002479e788010 JavaThread "Finalizer" daemon [_thread_blocked, id=10500, stack(0x000000f535000000,0x000000f535100000)]
  0x000002479e8f94a0 JavaThread "Signal Dispatcher" daemon [_thread_blocked, id=15908, stack(0x000000f535100000,0x000000f535200000)]
  0x000002479e8fc290 JavaThread "Attach Listener" daemon [_thread_blocked, id=3672, stack(0x000000f535200000,0x000000f535300000)]
  0x000002479e8fcb60 JavaThread "Service Thread" daemon [_thread_blocked, id=12376, stack(0x000000f535300000,0x000000f535400000)]
  0x000002479e8fd430 JavaThread "Monitor Deflation Thread" daemon [_thread_blocked, id=5876, stack(0x000000f535400000,0x000000f535500000)]
  0x000002479e8fe510 JavaThread "C1 CompilerThread0" daemon [_thread_blocked, id=13980, stack(0x000000f535500000,0x000000f535600000)]
  0x000002479e8ff230 JavaThread "Sweeper thread" daemon [_thread_blocked, id=1104, stack(0x000000f535600000,0x000000f535700000)]
  0x000002479eaf1010 JavaThread "Notification Thread" daemon [_thread_blocked, id=15288, stack(0x000000f535700000,0x000000f535800000)]
  0x000002479eaf7510 JavaThread "Common-Cleaner" daemon [_thread_blocked, id=3348, stack(0x000000f535900000,0x000000f535a00000)]
  0x00000247a43810e0 JavaThread "boundedElastic-evictor-1" daemon [_thread_blocked, id=12144, stack(0x000000f535e00000,0x000000f535f00000)]
  0x00000247a4234410 JavaThread "pool-13-thread-1" [_thread_blocked, id=20936, stack(0x000000f535f00000,0x000000f536000000)]
  0x00000247a41d0570 JavaThread "LanguageServerApp-lifecycle" [_thread_blocked, id=20484, stack(0x000000f536000000,0x000000f536100000)]
  0x00000247941eabd0 JavaThread "DestroyJavaVM" [_thread_blocked, id=4548, stack(0x000000f534800000,0x000000f534900000)]
  0x00000247a4421040 JavaThread "pool-14-thread-1" [_thread_in_native, id=7672, stack(0x000000f536100000,0x000000f536200000)]
  0x00000247a44c37e0 JavaThread "Simple-Language-Server main thread" daemon [_thread_blocked, id=20952, stack(0x000000f536200000,0x000000f536300000)]
  0x00000247a44c3cc0 JavaThread "pool-8-thread-1" [_thread_blocked, id=20680, stack(0x000000f536300000,0x000000f536400000)]
  0x00000247a41a40b0 JavaThread "parallel-1" daemon [_thread_blocked, id=18192, stack(0x000000f536400000,0x000000f536500000)]
  0x00000247a41a3ba0 JavaThread "pool-6-thread-1" [_thread_blocked, id=6696, stack(0x000000f536600000,0x000000f536700000)]
  0x00000247a41a2c70 JavaThread "parallel-2" daemon [_thread_blocked, id=20072, stack(0x000000f536700000,0x000000f536800000)]
  0x00000247a455c170 JavaThread "Reconciler-1" daemon [_thread_blocked, id=13068, stack(0x000000f536b00000,0x000000f536c00000)]

Other Threads:
=>0x000002479e721ec0 VMThread "VM Thread" [stack: 0x000000f534e00000,0x000000f534f00000] [id=4140]
  0x000002479eaf4910 WatcherThread [stack: 0x000000f535800000,0x000000f535900000] [id=4272]
  0x0000024794229a60 GCTaskThread "GC Thread#0" [stack: 0x000000f534900000,0x000000f534a00000] [id=1764]
  0x00000247a33efb70 GCTaskThread "GC Thread#1" [stack: 0x000000f535a00000,0x000000f535b00000] [id=20432]
  0x00000247a33efe30 GCTaskThread "GC Thread#2" [stack: 0x000000f535b00000,0x000000f535c00000] [id=16476]
  0x00000247a38068c0 GCTaskThread "GC Thread#3" [stack: 0x000000f535c00000,0x000000f535d00000] [id=2504]
  0x00000247942328c0 ConcurrentGCThread "G1 Main Marker" [stack: 0x000000f534a00000,0x000000f534b00000] [id=20808]
  0x00000247942331f0 ConcurrentGCThread "G1 Conc#0" [stack: 0x000000f534b00000,0x000000f534c00000] [id=19504]
  0x0000024794298440 ConcurrentGCThread "G1 Refine#0" [stack: 0x000000f534c00000,0x000000f534d00000] [id=12128]
  0x000002479e5d0090 ConcurrentGCThread "G1 Service" [stack: 0x000000f534d00000,0x000000f534e00000] [id=3364]

Threads with active compile tasks:

VM state: at safepoint (normal execution)

VM Mutex/Monitor currently owned by a thread:  ([mutex/lock_event])
[0x00000247920fdc10] Threads_lock - owner thread: 0x000002479e721ec0
[0x00000247941e89e0] Heap_lock - owner thread: 0x00000247a4234410

Heap address: 0x00000000c0000000, size: 1024 MB, Compressed Oops mode: 32-bit

CDS archive(s) not mapped
Compressed class space mapped at: 0x0000000100000000-0x0000000140000000, reserved size: 1073741824
Narrow klass base: 0x0000000000000000, Narrow klass shift: 3, Narrow klass range: 0x140000000

GC Precious Log:
 CPUs: 4 total, 4 available
 Memory: 8039M
 Large Page Support: Disabled
 NUMA Support: Disabled
 Compressed Oops: Enabled (32-bit)
 Heap Region Size: 1M
 Heap Min Capacity: 8M
 Heap Initial Capacity: 126M
 Heap Max Capacity: 1G
 Pre-touch: Disabled
 Parallel Workers: 4
 Concurrent Workers: 1
 Concurrent Refinement Workers: 4
 Periodic GC: Disabled

Heap:
 garbage-first heap   total 75776K, used 25222K [0x00000000c0000000, 0x0000000100000000)
  region size 1024K, 1 young (1024K), 0 survivors (0K)
 Metaspace       used 40974K, committed 41600K, reserved 1114112K
  class space    used 5234K, committed 5504K, reserved 1048576K

Heap Regions: E=young(eden), S=young(survivor), O=old, HS=humongous(starts), HC=humongous(continues), CS=collection set, F=free, OA=open archive, CA=closed archive, TAMS=top-at-mark-start (previous, next)
|   0|0x00000000c0000000, 0x00000000c0100000, 0x00000000c0100000|100%|HS|  |TAMS 0x00000000c0100000, 0x00000000c0000000| Untracked 
|   1|0x00000000c0100000, 0x00000000c0200000, 0x00000000c0200000|100%|HC|  |TAMS 0x00000000c0200000, 0x00000000c0100000| Untracked 
|   2|0x00000000c0200000, 0x00000000c0300000, 0x00000000c0300000|100%|HC|  |TAMS 0x00000000c0300000, 0x00000000c0200000| Untracked 
|   3|0x00000000c0300000, 0x00000000c0400000, 0x00000000c0400000|100%|HC|  |TAMS 0x00000000c0400000, 0x00000000c0300000| Untracked 
|   4|0x00000000c0400000, 0x00000000c0500000, 0x00000000c0500000|100%| O|  |TAMS 0x00000000c0500000, 0x00000000c0400000| Untracked 
|   5|0x00000000c0500000, 0x00000000c0600000, 0x00000000c0600000|100%| O|  |TAMS 0x00000000c0600000, 0x00000000c0500000| Untracked 
|   6|0x00000000c0600000, 0x00000000c06fde00, 0x00000000c0700000| 99%| O|  |TAMS 0x00000000c06fde00, 0x00000000c0600000| Untracked 
|   7|0x00000000c0700000, 0x00000000c0800000, 0x00000000c0800000|100%| O|  |TAMS 0x00000000c0800000, 0x00000000c0700000| Untracked 
|   8|0x00000000c0800000, 0x00000000c0900000, 0x00000000c0900000|100%| O|  |TAMS 0x00000000c0900000, 0x00000000c0800000| Untracked 
|   9|0x00000000c0900000, 0x00000000c0a00000, 0x00000000c0a00000|100%| O|  |TAMS 0x00000000c0a00000, 0x00000000c0900000| Untracked 
|  10|0x00000000c0a00000, 0x00000000c0b00000, 0x00000000c0b00000|100%|HS|  |TAMS 0x00000000c0b00000, 0x00000000c0a00000| Untracked 
|  11|0x00000000c0b00000, 0x00000000c0c00000, 0x00000000c0c00000|100%|HC|  |TAMS 0x00000000c0c00000, 0x00000000c0b00000| Untracked 
|  12|0x00000000c0c00000, 0x00000000c0cfffe0, 0x00000000c0d00000| 99%| O|  |TAMS 0x00000000c0cfffe0, 0x00000000c0c00000| Untracked 
|  13|0x00000000c0d00000, 0x00000000c0dffff8, 0x00000000c0e00000| 99%| O|  |TAMS 0x00000000c0dffff8, 0x00000000c0d00000| Untracked 
|  14|0x00000000c0e00000, 0x00000000c0f00000, 0x00000000c0f00000|100%| O|  |TAMS 0x00000000c0f00000, 0x00000000c0e00000| Untracked 
|  15|0x00000000c0f00000, 0x00000000c0ffffe0, 0x00000000c1000000| 99%| O|  |TAMS 0x00000000c0ffffe0, 0x00000000c0f00000| Untracked 
|  16|0x00000000c1000000, 0x00000000c1100000, 0x00000000c1100000|100%| O|  |TAMS 0x00000000c1100000, 0x00000000c1000000| Untracked 
|  17|0x00000000c1100000, 0x00000000c11ffff0, 0x00000000c1200000| 99%| O|  |TAMS 0x00000000c11ffff0, 0x00000000c1100000| Untracked 
|  18|0x00000000c1200000, 0x00000000c12fda80, 0x00000000c1300000| 99%| O|  |TAMS 0x00000000c12fda80, 0x00000000c1200000| Untracked 
|  19|0x00000000c1300000, 0x00000000c13ffff0, 0x00000000c1400000| 99%| O|  |TAMS 0x00000000c13ffff0, 0x00000000c1300000| Untracked 
|  20|0x00000000c1400000, 0x00000000c14fffe0, 0x00000000c1500000| 99%| O|  |TAMS 0x00000000c14fffe0, 0x00000000c1400000| Untracked 
|  21|0x00000000c1500000, 0x00000000c1600000, 0x00000000c1600000|100%| O|  |TAMS 0x00000000c1600000, 0x00000000c1500000| Untracked 
|  22|0x00000000c1600000, 0x00000000c16fefd0, 0x00000000c1700000| 99%| O|  |TAMS 0x00000000c16fefd0, 0x00000000c1600000| Untracked 
|  23|0x00000000c1700000, 0x00000000c17a5128, 0x00000000c1800000| 64%| O|  |TAMS 0x00000000c1700000, 0x00000000c1700000| Untracked 
|  24|0x00000000c1800000, 0x00000000c18fffd8, 0x00000000c1900000| 99%| O|  |TAMS 0x00000000c18fffd8, 0x00000000c1800000| Untracked 
|  25|0x00000000c1900000, 0x00000000c1902298, 0x00000000c1a00000|  0%| O|  |TAMS 0x00000000c1900000, 0x00000000c1900000| Untracked 
|  26|0x00000000c1a00000, 0x00000000c1a00000, 0x00000000c1b00000|  0%| F|  |TAMS 0x00000000c1a00000, 0x00000000c1a00000| Untracked 
|  27|0x00000000c1b00000, 0x00000000c1b00000, 0x00000000c1c00000|  0%| F|  |TAMS 0x00000000c1b00000, 0x00000000c1b00000| Untracked 
|  28|0x00000000c1c00000, 0x00000000c1c00000, 0x00000000c1d00000|  0%| F|  |TAMS 0x00000000c1c00000, 0x00000000c1c00000| Untracked 
|  29|0x00000000c1d00000, 0x00000000c1d00000, 0x00000000c1e00000|  0%| F|  |TAMS 0x00000000c1d00000, 0x00000000c1d00000| Untracked 
|  30|0x00000000c1e00000, 0x00000000c1e00000, 0x00000000c1f00000|  0%| F|  |TAMS 0x00000000c1e00000, 0x00000000c1e00000| Untracked 
|  31|0x00000000c1f00000, 0x00000000c1f00000, 0x00000000c2000000|  0%| F|  |TAMS 0x00000000c1f00000, 0x00000000c1f00000| Untracked 
|  32|0x00000000c2000000, 0x00000000c2000000, 0x00000000c2100000|  0%| F|  |TAMS 0x00000000c2000000, 0x00000000c2000000| Untracked 
|  33|0x00000000c2100000, 0x00000000c2100000, 0x00000000c2200000|  0%| F|  |TAMS 0x00000000c2100000, 0x00000000c2100000| Untracked 
|  34|0x00000000c2200000, 0x00000000c2200000, 0x00000000c2300000|  0%| F|  |TAMS 0x00000000c2200000, 0x00000000c2200000| Untracked 
|  35|0x00000000c2300000, 0x00000000c2300000, 0x00000000c2400000|  0%| F|  |TAMS 0x00000000c2300000, 0x00000000c2300000| Untracked 
|  36|0x00000000c2400000, 0x00000000c2400000, 0x00000000c2500000|  0%| F|  |TAMS 0x00000000c2400000, 0x00000000c2400000| Untracked 
|  37|0x00000000c2500000, 0x00000000c2500000, 0x00000000c2600000|  0%| F|  |TAMS 0x00000000c2500000, 0x00000000c2500000| Untracked 
|  38|0x00000000c2600000, 0x00000000c2600000, 0x00000000c2700000|  0%| F|  |TAMS 0x00000000c2600000, 0x00000000c2600000| Untracked 
|  39|0x00000000c2700000, 0x00000000c2700000, 0x00000000c2800000|  0%| F|  |TAMS 0x00000000c2700000, 0x00000000c2700000| Untracked 
|  40|0x00000000c2800000, 0x00000000c2800000, 0x00000000c2900000|  0%| F|  |TAMS 0x00000000c2800000, 0x00000000c2800000| Untracked 
|  41|0x00000000c2900000, 0x00000000c2900000, 0x00000000c2a00000|  0%| F|  |TAMS 0x00000000c2900000, 0x00000000c2900000| Untracked 
|  42|0x00000000c2a00000, 0x00000000c2a00000, 0x00000000c2b00000|  0%| F|  |TAMS 0x00000000c2a00000, 0x00000000c2a00000| Untracked 
|  43|0x00000000c2b00000, 0x00000000c2b00000, 0x00000000c2c00000|  0%| F|  |TAMS 0x00000000c2b00000, 0x00000000c2b00000| Untracked 
|  44|0x00000000c2c00000, 0x00000000c2c00000, 0x00000000c2d00000|  0%| F|  |TAMS 0x00000000c2c00000, 0x00000000c2c00000| Untracked 
|  45|0x00000000c2d00000, 0x00000000c2d00000, 0x00000000c2e00000|  0%| F|  |TAMS 0x00000000c2d00000, 0x00000000c2d00000| Untracked 
|  46|0x00000000c2e00000, 0x00000000c2e00000, 0x00000000c2f00000|  0%| F|  |TAMS 0x00000000c2e00000, 0x00000000c2e00000| Untracked 
|  47|0x00000000c2f00000, 0x00000000c2f00000, 0x00000000c3000000|  0%| F|  |TAMS 0x00000000c2f00000, 0x00000000c2f00000| Untracked 
|  48|0x00000000c3000000, 0x00000000c3000000, 0x00000000c3100000|  0%| F|  |TAMS 0x00000000c3000000, 0x00000000c3000000| Untracked 
|  49|0x00000000c3100000, 0x00000000c3100000, 0x00000000c3200000|  0%| F|  |TAMS 0x00000000c3100000, 0x00000000c3100000| Untracked 
|  50|0x00000000c3200000, 0x00000000c3200000, 0x00000000c3300000|  0%| F|  |TAMS 0x00000000c3200000, 0x00000000c3200000| Untracked 
|  51|0x00000000c3300000, 0x00000000c3300000, 0x00000000c3400000|  0%| F|  |TAMS 0x00000000c3300000, 0x00000000c3300000| Untracked 
|  52|0x00000000c3400000, 0x00000000c3400000, 0x00000000c3500000|  0%| F|  |TAMS 0x00000000c3400000, 0x00000000c3400000| Untracked 
|  53|0x00000000c3500000, 0x00000000c3500000, 0x00000000c3600000|  0%| F|  |TAMS 0x00000000c3500000, 0x00000000c3500000| Untracked 
|  54|0x00000000c3600000, 0x00000000c3600000, 0x00000000c3700000|  0%| F|  |TAMS 0x00000000c3600000, 0x00000000c3600000| Untracked 
|  55|0x00000000c3700000, 0x00000000c3700000, 0x00000000c3800000|  0%| F|  |TAMS 0x00000000c3700000, 0x00000000c3700000| Untracked 
|  56|0x00000000c3800000, 0x00000000c3800000, 0x00000000c3900000|  0%| F|  |TAMS 0x00000000c3800000, 0x00000000c3800000| Untracked 
|  57|0x00000000c3900000, 0x00000000c3900000, 0x00000000c3a00000|  0%| F|  |TAMS 0x00000000c3900000, 0x00000000c3900000| Untracked 
|  58|0x00000000c3a00000, 0x00000000c3a00000, 0x00000000c3b00000|  0%| F|  |TAMS 0x00000000c3a00000, 0x00000000c3a00000| Untracked 
|  59|0x00000000c3b00000, 0x00000000c3b00000, 0x00000000c3c00000|  0%| F|  |TAMS 0x00000000c3b00000, 0x00000000c3b00000| Untracked 
|  60|0x00000000c3c00000, 0x00000000c3c00000, 0x00000000c3d00000|  0%| F|  |TAMS 0x00000000c3c00000, 0x00000000c3c00000| Untracked 
|  61|0x00000000c3d00000, 0x00000000c3d00000, 0x00000000c3e00000|  0%| F|  |TAMS 0x00000000c3d00000, 0x00000000c3d00000| Untracked 
|  62|0x00000000c3e00000, 0x00000000c3e00000, 0x00000000c3f00000|  0%| F|  |TAMS 0x00000000c3e00000, 0x00000000c3e00000| Untracked 
|  63|0x00000000c3f00000, 0x00000000c3f00000, 0x00000000c4000000|  0%| F|  |TAMS 0x00000000c3f00000, 0x00000000c3f00000| Untracked 
|  64|0x00000000c4000000, 0x00000000c4000000, 0x00000000c4100000|  0%| F|  |TAMS 0x00000000c4000000, 0x00000000c4000000| Untracked 
|  65|0x00000000c4100000, 0x00000000c4100000, 0x00000000c4200000|  0%| F|  |TAMS 0x00000000c4100000, 0x00000000c4100000| Untracked 
|  66|0x00000000c4200000, 0x00000000c4200000, 0x00000000c4300000|  0%| F|  |TAMS 0x00000000c4200000, 0x00000000c4200000| Untracked 
|  67|0x00000000c4300000, 0x00000000c4300000, 0x00000000c4400000|  0%| F|  |TAMS 0x00000000c4300000, 0x00000000c4300000| Untracked 
|  79|0x00000000c4f00000, 0x00000000c4f00000, 0x00000000c5000000|  0%| F|  |TAMS 0x00000000c4f00000, 0x00000000c4f00000| Untracked 
|  80|0x00000000c5000000, 0x00000000c5000000, 0x00000000c5100000|  0%| F|  |TAMS 0x00000000c5000000, 0x00000000c5000000| Untracked 
|  81|0x00000000c5100000, 0x00000000c5100000, 0x00000000c5200000|  0%| F|  |TAMS 0x00000000c5100000, 0x00000000c5100000| Untracked 
|  82|0x00000000c5200000, 0x00000000c5200000, 0x00000000c5300000|  0%| F|  |TAMS 0x00000000c5200000, 0x00000000c5200000| Untracked 
|  83|0x00000000c5300000, 0x00000000c5300000, 0x00000000c5400000|  0%| F|  |TAMS 0x00000000c5300000, 0x00000000c5300000| Untracked 
| 125|0x00000000c7d00000, 0x00000000c7d31818, 0x00000000c7e00000| 19%| E|  |TAMS 0x00000000c7d00000, 0x00000000c7d00000| Complete 

Card table byte_map: [0x0000024799e80000,0x000002479a080000] _byte_map_base: 0x0000024799880000

Marking Bits (Prev, Next): (CMBitMap*) 0x0000024794229f90, (CMBitMap*) 0x0000024794229fd0
 Prev Bits: [0x000002479a280000, 0x000002479b280000)
 Next Bits: [0x000002479b280000, 0x000002479c280000)

Polling page: 0x00000247920a0000

Metaspace:

Usage:
  Non-class:     34.90 MB used.
      Class:      5.11 MB used.
       Both:     40.01 MB used.

Virtual space:
  Non-class space:       64.00 MB reserved,      35.25 MB ( 55%) committed,  1 nodes.
      Class space:        1.00 GB reserved,       5.38 MB ( <1%) committed,  1 nodes.
             Both:        1.06 GB reserved,      40.62 MB (  4%) committed. 

Chunk freelists:
   Non-Class:  12.04 MB
       Class:  10.70 MB
        Both:  22.73 MB

MaxMetaspaceSize: unlimited
CompressedClassSpaceSize: 1.00 GB
Initial GC threshold: 21.00 MB
Current GC threshold: 67.75 MB
CDS: off
MetaspaceReclaimPolicy: balanced
 - commit_granule_bytes: 65536.
 - commit_granule_words: 8192.
 - virtual_space_node_default_size: 8388608.
 - enlarge_chunks_in_place: 1.
 - new_chunks_are_fully_committed: 0.
 - uncommit_free_chunks: 1.
 - use_allocation_guard: 0.
 - handle_deallocations: 1.


Internal statistics:

num_allocs_failed_limit: 6.
num_arena_births: 502.
num_arena_deaths: 152.
num_vsnodes_births: 2.
num_vsnodes_deaths: 0.
num_space_committed: 649.
num_space_uncommitted: 0.
num_chunks_returned_to_freelist: 176.
num_chunks_taken_from_freelist: 1733.
num_chunk_merges: 55.
num_chunk_splits: 1200.
num_chunks_enlarged: 911.
num_inconsistent_stats: 0.

CodeCache: size=49152Kb used=6766Kb max_used=7275Kb free=42385Kb
 bounds [0x0000024796e80000, 0x00000247975a0000, 0x0000024799e80000]
 total_blobs=4176 nmethods=3628 adapters=475
 compilation: enabled
              stopped_count=0, restarted_count=0
 full_count=0

Compilation events (20 events):
Event: 622.068 Thread 0x000002479e8fe510 3617       1       java.util.concurrent.locks.AbstractQueuedSynchronizer$ConditionObject::canReacquire (38 bytes)
Event: 622.068 Thread 0x000002479e8fe510 nmethod 3617 0x0000024797194e10 code [0x0000024797194fa0, 0x0000024797195118]
Event: 632.328 Thread 0x000002479e8fe510 3618       1       java.util.concurrent.ThreadPoolExecutor::getQueue (5 bytes)
Event: 632.328 Thread 0x000002479e8fe510 nmethod 3618 0x0000024797194b10 code [0x0000024797194ca0, 0x0000024797194d78]
Event: 633.507 Thread 0x000002479e8fe510 3619       1       java.util.concurrent.ScheduledThreadPoolExecutor$DelayedWorkQueue::setIndex (16 bytes)
Event: 633.507 Thread 0x000002479e8fe510 nmethod 3619 0x0000024797194790 code [0x0000024797194920, 0x0000024797194a38]
Event: 653.107 Thread 0x000002479e8fe510 3620       1       java.util.concurrent.ScheduledThreadPoolExecutor$ScheduledFutureTask::getDelay (16 bytes)
Event: 653.108 Thread 0x000002479e8fe510 nmethod 3620 0x0000024797194410 code [0x00000247971945a0, 0x00000247971946c8]
Event: 653.108 Thread 0x000002479e8fe510 3621       1       java.util.concurrent.TimeUnit::convert (77 bytes)
Event: 653.108 Thread 0x000002479e8fe510 nmethod 3621 0x0000024797193e10 code [0x0000024797194000, 0x0000024797194288]
Event: 791.893 Thread 0x000002479e8fe510 3624       1       java.io.FileDescriptor$1::setHandle (6 bytes)
Event: 791.893 Thread 0x000002479e8fe510 nmethod 3624 0x0000024797193290 code [0x0000024797193420, 0x0000024797193568]
Event: 791.893 Thread 0x000002479e8fe510 3625       1       java.io.FileDescriptor::setHandle (33 bytes)
Event: 791.893 Thread 0x000002479e8fe510 nmethod 3625 0x0000024797192f10 code [0x00000247971930a0, 0x00000247971931e8]
Event: 791.893 Thread 0x000002479e8fe510 3626       1       java.io.FileDescriptor$1::registerCleanup (5 bytes)
Event: 791.893 Thread 0x000002479e8fe510 nmethod 3626 0x0000024797192c10 code [0x0000024797192da0, 0x0000024797192e88]
Event: 802.714 Thread 0x000002479e8fe510 3627       1       java.io.OutputStream::flush (1 bytes)
Event: 802.715 Thread 0x000002479e8fe510 nmethod 3627 0x0000024797192910 code [0x0000024797192aa0, 0x0000024797192b58]
Event: 874.336 Thread 0x000002479e8fe510 3628       1       java.lang.invoke.LambdaForm$MH/0x000000010008ec00::invoke (148 bytes)
Event: 874.337 Thread 0x000002479e8fe510 nmethod 3628 0x0000024797191e90 code [0x00000247971920c0, 0x00000247971924c8]

GC Heap History (20 events):
Event: 792.452 GC heap before
{Heap before GC invocations=80 (full 70):
 garbage-first heap   total 75776K, used 25222K [0x00000000c0000000, 0x0000000100000000)
  region size 1024K, 1 young (1024K), 0 survivors (0K)
 Metaspace       used 40974K, committed 41600K, reserved 1114112K
  class space    used 5234K, committed 5504K, reserved 1048576K
}
Event: 792.482 GC heap after
{Heap after GC invocations=81 (full 71):
 garbage-first heap   total 75776K, used 25222K [0x00000000c0000000, 0x0000000100000000)
  region size 1024K, 0 young (0K), 0 survivors (0K)
 Metaspace       used 40974K, committed 41600K, reserved 1114112K
  class space    used 5234K, committed 5504K, reserved 1048576K
}
Event: 802.716 GC heap before
{Heap before GC invocations=81 (full 71):
 garbage-first heap   total 75776K, used 25222K [0x00000000c0000000, 0x0000000100000000)
  region size 1024K, 1 young (1024K), 0 survivors (0K)
 Metaspace       used 40974K, committed 41600K, reserved 1114112K
  class space    used 5234K, committed 5504K, reserved 1048576K
}
Event: 802.747 GC heap after
{Heap after GC invocations=82 (full 72):
 garbage-first heap   total 75776K, used 25222K [0x00000000c0000000, 0x0000000100000000)
  region size 1024K, 0 young (0K), 0 survivors (0K)
 Metaspace       used 40974K, committed 41600K, reserved 1114112K
  class space    used 5234K, committed 5504K, reserved 1048576K
}
Event: 812.993 GC heap before
{Heap before GC invocations=82 (full 72):
 garbage-first heap   total 75776K, used 25222K [0x00000000c0000000, 0x0000000100000000)
  region size 1024K, 1 young (1024K), 0 survivors (0K)
 Metaspace       used 40974K, committed 41600K, reserved 1114112K
  class space    used 5234K, committed 5504K, reserved 1048576K
}
Event: 813.023 GC heap after
{Heap after GC invocations=83 (full 73):
 garbage-first heap   total 75776K, used 25222K [0x00000000c0000000, 0x0000000100000000)
  region size 1024K, 0 young (0K), 0 survivors (0K)
 Metaspace       used 40974K, committed 41600K, reserved 1114112K
  class space    used 5234K, committed 5504K, reserved 1048576K
}
Event: 823.226 GC heap before
{Heap before GC invocations=83 (full 73):
 garbage-first heap   total 75776K, used 25222K [0x00000000c0000000, 0x0000000100000000)
  region size 1024K, 1 young (1024K), 0 survivors (0K)
 Metaspace       used 40974K, committed 41600K, reserved 1114112K
  class space    used 5234K, committed 5504K, reserved 1048576K
}
Event: 823.258 GC heap after
{Heap after GC invocations=84 (full 74):
 garbage-first heap   total 75776K, used 25222K [0x00000000c0000000, 0x0000000100000000)
  region size 1024K, 0 young (0K), 0 survivors (0K)
 Metaspace       used 40974K, committed 41600K, reserved 1114112K
  class space    used 5234K, committed 5504K, reserved 1048576K
}
Event: 833.406 GC heap before
{Heap before GC invocations=84 (full 74):
 garbage-first heap   total 75776K, used 25222K [0x00000000c0000000, 0x0000000100000000)
  region size 1024K, 1 young (1024K), 0 survivors (0K)
 Metaspace       used 40974K, committed 41600K, reserved 1114112K
  class space    used 5234K, committed 5504K, reserved 1048576K
}
Event: 833.432 GC heap after
{Heap after GC invocations=85 (full 75):
 garbage-first heap   total 75776K, used 25222K [0x00000000c0000000, 0x0000000100000000)
  region size 1024K, 0 young (0K), 0 survivors (0K)
 Metaspace       used 40974K, committed 41600K, reserved 1114112K
  class space    used 5234K, committed 5504K, reserved 1048576K
}
Event: 843.614 GC heap before
{Heap before GC invocations=85 (full 75):
 garbage-first heap   total 75776K, used 25222K [0x00000000c0000000, 0x0000000100000000)
  region size 1024K, 1 young (1024K), 0 survivors (0K)
 Metaspace       used 40974K, committed 41600K, reserved 1114112K
  class space    used 5234K, committed 5504K, reserved 1048576K
}
Event: 843.649 GC heap after
{Heap after GC invocations=86 (full 76):
 garbage-first heap   total 75776K, used 25222K [0x00000000c0000000, 0x0000000100000000)
  region size 1024K, 0 young (0K), 0 survivors (0K)
 Metaspace       used 40974K, committed 41600K, reserved 1114112K
  class space    used 5234K, committed 5504K, reserved 1048576K
}
Event: 854.108 GC heap before
{Heap before GC invocations=86 (full 76):
 garbage-first heap   total 75776K, used 25222K [0x00000000c0000000, 0x0000000100000000)
  region size 1024K, 1 young (1024K), 0 survivors (0K)
 Metaspace       used 40974K, committed 41600K, reserved 1114112K
  class space    used 5234K, committed 5504K, reserved 1048576K
}
Event: 854.140 GC heap after
{Heap after GC invocations=87 (full 77):
 garbage-first heap   total 75776K, used 25222K [0x00000000c0000000, 0x0000000100000000)
  region size 1024K, 0 young (0K), 0 survivors (0K)
 Metaspace       used 40974K, committed 41600K, reserved 1114112K
  class space    used 5234K, committed 5504K, reserved 1048576K
}
Event: 864.307 GC heap before
{Heap before GC invocations=87 (full 77):
 garbage-first heap   total 75776K, used 25222K [0x00000000c0000000, 0x0000000100000000)
  region size 1024K, 1 young (1024K), 0 survivors (0K)
 Metaspace       used 40974K, committed 41600K, reserved 1114112K
  class space    used 5234K, committed 5504K, reserved 1048576K
}
Event: 864.333 GC heap after
{Heap after GC invocations=88 (full 78):
 garbage-first heap   total 75776K, used 25222K [0x00000000c0000000, 0x0000000100000000)
  region size 1024K, 0 young (0K), 0 survivors (0K)
 Metaspace       used 40974K, committed 41600K, reserved 1114112K
  class space    used 5234K, committed 5504K, reserved 1048576K
}
Event: 874.493 GC heap before
{Heap before GC invocations=88 (full 78):
 garbage-first heap   total 75776K, used 25222K [0x00000000c0000000, 0x0000000100000000)
  region size 1024K, 1 young (1024K), 0 survivors (0K)
 Metaspace       used 40974K, committed 41600K, reserved 1114112K
  class space    used 5234K, committed 5504K, reserved 1048576K
}
Event: 874.520 GC heap after
{Heap after GC invocations=89 (full 79):
 garbage-first heap   total 75776K, used 25222K [0x00000000c0000000, 0x0000000100000000)
  region size 1024K, 0 young (0K), 0 survivors (0K)
 Metaspace       used 40974K, committed 41600K, reserved 1114112K
  class space    used 5234K, committed 5504K, reserved 1048576K
}
Event: 885.067 GC heap before
{Heap before GC invocations=89 (full 79):
 garbage-first heap   total 75776K, used 25222K [0x00000000c0000000, 0x0000000100000000)
  region size 1024K, 1 young (1024K), 0 survivors (0K)
 Metaspace       used 40974K, committed 41600K, reserved 1114112K
  class space    used 5234K, committed 5504K, reserved 1048576K
}
Event: 885.096 GC heap after
{Heap after GC invocations=90 (full 80):
 garbage-first heap   total 75776K, used 25222K [0x00000000c0000000, 0x0000000100000000)
  region size 1024K, 0 young (0K), 0 survivors (0K)
 Metaspace       used 40974K, committed 41600K, reserved 1114112K
  class space    used 5234K, committed 5504K, reserved 1048576K
}

Dll operation events (8 events):
Event: 0.013 Loaded shared library c:\Users\hp\.vscode\extensions\redhat.java-1.33.0-win32-x64\jre\17.0.11-win32-x86_64\bin\java.dll
Event: 0.655 Loaded shared library C:\Users\hp\.vscode\extensions\redhat.java-1.33.0-win32-x64\jre\17.0.11-win32-x86_64\bin\net.dll
Event: 0.663 Loaded shared library C:\Users\hp\.vscode\extensions\redhat.java-1.33.0-win32-x64\jre\17.0.11-win32-x86_64\bin\nio.dll
Event: 0.691 Loaded shared library C:\Users\hp\.vscode\extensions\redhat.java-1.33.0-win32-x64\jre\17.0.11-win32-x86_64\bin\zip.dll
Event: 1.558 Loaded shared library C:\Users\hp\.vscode\extensions\redhat.java-1.33.0-win32-x64\jre\17.0.11-win32-x86_64\bin\jimage.dll
Event: 4.403 Loaded shared library c:\Users\hp\.vscode\extensions\redhat.java-1.33.0-win32-x64\jre\17.0.11-win32-x86_64\bin\verify.dll
Event: 14.126 Loaded shared library C:\Users\hp\.vscode\extensions\redhat.java-1.33.0-win32-x64\jre\17.0.11-win32-x86_64\bin\management.dll
Event: 14.152 Loaded shared library C:\Users\hp\.vscode\extensions\redhat.java-1.33.0-win32-x64\jre\17.0.11-win32-x86_64\bin\management_ext.dll

Deoptimization events (4 events):
Event: 15.008 Thread 0x00000247a4421040 DEOPT PACKING pc=0x000002479732c501 sp=0x000000f5361fdcf0
Event: 15.008 Thread 0x00000247a4421040 DEOPT UNPACKING pc=0x0000024796ed7143 sp=0x000000f5361fd180 mode 3
Event: 15.107 Thread 0x00000247a44c37e0 DEOPT PACKING pc=0x0000024797310e17 sp=0x000000f5362ff100
Event: 15.107 Thread 0x00000247a44c37e0 DEOPT UNPACKING pc=0x0000024796ed7143 sp=0x000000f5362fe558 mode 3

Classes unloaded (20 events):
Event: 76.964 Thread 0x000002479e721ec0 Unloading class 0x00000001003a8000 'java/lang/invoke/LambdaForm$DMH+0x00000001003a8000'
Event: 76.964 Thread 0x000002479e721ec0 Unloading class 0x0000000100262000 'java/lang/invoke/LambdaForm$MH+0x0000000100262000'
Event: 76.964 Thread 0x000002479e721ec0 Unloading class 0x0000000100096000 'java/lang/invoke/LambdaForm$MH+0x0000000100096000'
Event: 76.964 Thread 0x000002479e721ec0 Unloading class 0x0000000100095c00 'java/lang/invoke/LambdaForm$MH+0x0000000100095c00'
Event: 76.964 Thread 0x000002479e721ec0 Unloading class 0x0000000100095800 'java/lang/invoke/LambdaForm$MH+0x0000000100095800'
Event: 76.964 Thread 0x000002479e721ec0 Unloading class 0x0000000100095400 'java/lang/invoke/LambdaForm$MH+0x0000000100095400'
Event: 76.964 Thread 0x000002479e721ec0 Unloading class 0x0000000100095000 'java/lang/invoke/LambdaForm$MH+0x0000000100095000'
Event: 76.964 Thread 0x000002479e721ec0 Unloading class 0x0000000100094c00 'java/lang/invoke/LambdaForm$MH+0x0000000100094c00'
Event: 76.964 Thread 0x000002479e721ec0 Unloading class 0x0000000100094800 'java/lang/invoke/LambdaForm$MH+0x0000000100094800'
Event: 76.964 Thread 0x000002479e721ec0 Unloading class 0x0000000100094400 'java/lang/invoke/LambdaForm$MH+0x0000000100094400'
Event: 76.964 Thread 0x000002479e721ec0 Unloading class 0x000000010008e800 'java/lang/invoke/LambdaForm$MH+0x000000010008e800'
Event: 76.964 Thread 0x000002479e721ec0 Unloading class 0x000000010008e400 'java/lang/invoke/LambdaForm$MH+0x000000010008e400'
Event: 76.964 Thread 0x000002479e721ec0 Unloading class 0x000000010008e000 'java/lang/invoke/LambdaForm$MH+0x000000010008e000'
Event: 76.964 Thread 0x000002479e721ec0 Unloading class 0x000000010008dc00 'java/lang/invoke/LambdaForm$MH+0x000000010008dc00'
Event: 76.964 Thread 0x000002479e721ec0 Unloading class 0x000000010008d800 'java/lang/invoke/LambdaForm$MH+0x000000010008d800'
Event: 76.964 Thread 0x000002479e721ec0 Unloading class 0x000000010008d400 'java/lang/invoke/LambdaForm$MH+0x000000010008d400'
Event: 76.964 Thread 0x000002479e721ec0 Unloading class 0x000000010008cc00 'java/lang/invoke/LambdaForm$MH+0x000000010008cc00'
Event: 76.964 Thread 0x000002479e721ec0 Unloading class 0x000000010008c800 'java/lang/invoke/LambdaForm$MH+0x000000010008c800'
Event: 76.964 Thread 0x000002479e721ec0 Unloading class 0x000000010008c000 'java/lang/invoke/LambdaForm$MH+0x000000010008c000'
Event: 76.964 Thread 0x000002479e721ec0 Unloading class 0x000000010008bc00 'java/lang/invoke/LambdaForm$MH+0x000000010008bc00'

Classes redefined (0 events):
No events

Internal exceptions (20 events):
Event: 10.726 Thread 0x00000247941eabd0 Exception <a 'java/lang/NoSuchMethodError'{0x00000000c3e1a588}: 'java.lang.Object java.lang.invoke.Invokers$Holder.invoke_MT(java.lang.Object, java.lang.Object, java.lang.Object, java.lang.Object, java.lang.Object, java.lang.Object, java.lang.Object, java.lang.Object, java.lang.Object, java.lang.Object)'> (0x00000000c3e1a588) 
thrown [s\src\hotspot\share\interpreter\linkResolver.cpp, line 759]
Event: 10.734 Thread 0x00000247941eabd0 Exception <a 'java/lang/NoSuchMethodError'{0x00000000c3e62558}: 'java.lang.Object java.lang.invoke.DirectMethodHandle$Holder.invokeSpecial(java.lang.Object, java.lang.Object, int, java.lang.Object, java.lang.Object)'> (0x00000000c3e62558) 
thrown [s\src\hotspot\share\interpreter\linkResolver.cpp, line 759]
Event: 10.735 Thread 0x00000247941eabd0 Exception <a 'java/lang/NoSuchMethodError'{0x00000000c3e66200}: 'java.lang.Object java.lang.invoke.DelegatingMethodHandle$Holder.delegate(java.lang.Object, int, java.lang.Object, java.lang.Object)'> (0x00000000c3e66200) 
thrown [s\src\hotspot\share\interpreter\linkResolver.cpp, line 759]
Event: 10.737 Thread 0x00000247941eabd0 Exception <a 'java/lang/NoSuchMethodError'{0x00000000c3e77150}: 'int java.lang.invoke.Invokers$Holder.linkToTargetMethod(java.lang.Object, java.lang.Object, java.lang.Object)'> (0x00000000c3e77150) 
thrown [s\src\hotspot\share\interpreter\linkResolver.cpp, line 759]
Event: 10.960 Thread 0x00000247941eabd0 Exception <a 'java/lang/NoSuchMethodError'{0x00000000c391efe0}: 'java.lang.Object java.lang.invoke.DirectMethodHandle$Holder.invokeStaticInit(java.lang.Object, int, int, int, int)'> (0x00000000c391efe0) 
thrown [s\src\hotspot\share\interpreter\linkResolver.cpp, line 759]
Event: 11.067 Thread 0x00000247941eabd0 Exception <a 'java/lang/NoSuchMethodError'{0x00000000c396a260}: 'java.lang.Object java.lang.invoke.DirectMethodHandle$Holder.invokeStaticInit(java.lang.Object, java.lang.Object, int, int, int, int)'> (0x00000000c396a260) 
thrown [s\src\hotspot\share\interpreter\linkResolver.cpp, line 759]
Event: 11.599 Thread 0x00000247941eabd0 Exception <a 'java/lang/NoSuchMethodError'{0x00000000c31e60a8}: 'void java.lang.invoke.DirectMethodHandle$Holder.invokeSpecialIFC(java.lang.Object, java.lang.Object, java.lang.Object)'> (0x00000000c31e60a8) 
thrown [s\src\hotspot\share\interpreter\linkResolver.cpp, line 759]
Event: 12.514 Thread 0x00000247941eabd0 Exception <a 'java/lang/NoSuchMethodError'{0x00000000c7d7e5e8}: 'int java.lang.invoke.DirectMethodHandle$Holder.invokeStaticInit(java.lang.Object, java.lang.Object, int, java.lang.Object)'> (0x00000000c7d7e5e8) 
thrown [s\src\hotspot\share\interpreter\linkResolver.cpp, line 759]
Event: 12.684 Thread 0x00000247941eabd0 Exception <a 'java/lang/NoSuchMethodError'{0x00000000c53bb338}: 'void java.lang.invoke.DirectMethodHandle$Holder.invokeSpecial(java.lang.Object, java.lang.Object, java.lang.Object, java.lang.Object, java.lang.Object, java.lang.Object, java.lang.Object)'> (0x00000000c53bb338) 
thrown [s\src\hotspot\share\interpreter\linkResolver.cpp, line 759]
Event: 13.309 Thread 0x00000247941eabd0 Exception <a 'java/lang/NoSuchMethodError'{0x00000000c420a310}: 'java.lang.Object java.lang.invoke.DirectMethodHandle$Holder.invokeInterface(java.lang.Object, java.lang.Object, int)'> (0x00000000c420a310) 
thrown [s\src\hotspot\share\interpreter\linkResolver.cpp, line 759]
Event: 13.317 Thread 0x00000247941eabd0 Exception <a 'java/lang/IncompatibleClassChangeError'{0x00000000c4221028}: Found class java.lang.Object, but interface was expected> (0x00000000c4221028) 
thrown [s\src\hotspot\share\interpreter\linkResolver.cpp, line 826]
Event: 14.098 Thread 0x00000247941eabd0 Exception <a 'java/lang/NoSuchMethodError'{0x00000000c3c36300}: 'java.lang.Object java.lang.invoke.DirectMethodHandle$Holder.newInvokeSpecial(java.lang.Object, java.lang.Object, int, java.lang.Object, java.lang.Object)'> (0x00000000c3c36300) 
thrown [s\src\hotspot\share\interpreter\linkResolver.cpp, line 759]
Event: 14.101 Thread 0x00000247941eabd0 Exception <a 'java/lang/NoSuchMethodError'{0x00000000c3c4d2c8}: 'java.lang.Object java.lang.invoke.DirectMethodHandle$Holder.newInvokeSpecial(java.lang.Object, java.lang.Object, java.lang.Object, int)'> (0x00000000c3c4d2c8) 
thrown [s\src\hotspot\share\interpreter\linkResolver.cpp, line 759]
Event: 14.102 Thread 0x00000247941eabd0 Exception <a 'java/lang/NoSuchMethodError'{0x00000000c3c515b0}: 'java.lang.Object java.lang.invoke.DirectMethodHandle$Holder.invokeSpecial(java.lang.Object, java.lang.Object, java.lang.Object, java.lang.Object, int)'> (0x00000000c3c515b0) 
thrown [s\src\hotspot\share\interpreter\linkResolver.cpp, line 759]
Event: 14.102 Thread 0x00000247941eabd0 Exception <a 'java/lang/NoSuchMethodError'{0x00000000c3c55178}: 'java.lang.Object java.lang.invoke.Invokers$Holder.linkToTargetMethod(java.lang.Object, java.lang.Object, int, java.lang.Object)'> (0x00000000c3c55178) 
thrown [s\src\hotspot\share\interpreter\linkResolver.cpp, line 759]
Event: 14.927 Thread 0x00000247a4421040 Exception <a 'java/lang/NoSuchMethodError'{0x00000000c2e994e0}: 'java.lang.Object java.lang.invoke.DirectMethodHandle$Holder.invokeStatic(java.lang.Object, java.lang.Object, java.lang.Object, int, java.lang.Object, java.lang.Object)'> (0x00000000c2e994e0) 
thrown [s\src\hotspot\share\interpreter\linkResolver.cpp, line 759]
Event: 15.735 Thread 0x00000247a455c170 Exception <a 'java/lang/NoSuchMethodError'{0x00000000c4f53f90}: 'int java.lang.invoke.DirectMethodHandle$Holder.invokeStatic(java.lang.Object)'> (0x00000000c4f53f90) 
thrown [s\src\hotspot\share\interpreter\linkResolver.cpp, line 759]
Event: 15.735 Thread 0x00000247a455c170 Exception <a 'java/lang/NoSuchMethodError'{0x00000000c4f57390}: 'int java.lang.invoke.DirectMethodHandle$Holder.invokeStaticInit(java.lang.Object)'> (0x00000000c4f57390) 
thrown [s\src\hotspot\share\interpreter\linkResolver.cpp, line 759]
Event: 54.133 Thread 0x00000247a4234410 Exception <a 'java/lang/NoSuchMethodError'{0x00000000c4fc9be8}: 'void java.lang.invoke.DirectMethodHandle$Holder.invokeStatic(java.lang.Object, long)'> (0x00000000c4fc9be8) 
thrown [s\src\hotspot\share\interpreter\linkResolver.cpp, line 759]
Event: 54.134 Thread 0x00000247a4234410 Exception <a 'java/lang/NoSuchMethodError'{0x00000000c4fcef90}: 'java.lang.Object java.lang.invoke.DirectMethodHandle$Holder.newInvokeSpecial(java.lang.Object, long)'> (0x00000000c4fcef90) 
thrown [s\src\hotspot\share\interpreter\linkResolver.cpp, line 759]

VM Operations (20 events):
Event: 792.483 Executing VM operation: G1CollectFull done
Event: 802.716 Executing VM operation: G1CollectFull
Event: 802.747 Executing VM operation: G1CollectFull done
Event: 812.993 Executing VM operation: G1CollectFull
Event: 813.023 Executing VM operation: G1CollectFull done
Event: 823.226 Executing VM operation: G1CollectFull
Event: 823.258 Executing VM operation: G1CollectFull done
Event: 833.406 Executing VM operation: G1CollectFull
Event: 833.432 Executing VM operation: G1CollectFull done
Event: 843.614 Executing VM operation: G1CollectFull
Event: 843.649 Executing VM operation: G1CollectFull done
Event: 854.107 Executing VM operation: G1CollectFull
Event: 854.140 Executing VM operation: G1CollectFull done
Event: 864.307 Executing VM operation: G1CollectFull
Event: 864.334 Executing VM operation: G1CollectFull done
Event: 874.493 Executing VM operation: G1CollectFull
Event: 874.520 Executing VM operation: G1CollectFull done
Event: 885.067 Executing VM operation: G1CollectFull
Event: 885.096 Executing VM operation: G1CollectFull done
Event: 895.537 Executing VM operation: G1CollectFull

Events (20 events):
Event: 15.741 loading class java/util/concurrent/atomic/AtomicLongFieldUpdater$CASUpdater
Event: 15.741 loading class java/util/concurrent/atomic/AtomicLongFieldUpdater$CASUpdater done
Event: 15.741 loading class java/util/concurrent/atomic/AtomicLongFieldUpdater$CASUpdater$1
Event: 15.741 loading class java/util/concurrent/atomic/AtomicLongFieldUpdater$CASUpdater$1 done
Event: 54.114 loading class java/lang/ProcessBuilder
Event: 54.117 loading class java/lang/ProcessBuilder done
Event: 54.118 loading class java/lang/ProcessImpl
Event: 54.118 loading class java/lang/ProcessImpl done
Event: 54.134 loading class java/lang/ProcessImpl$2
Event: 54.134 loading class java/lang/ProcessImpl$2 done
Event: 54.135 loading class java/lang/Process$PipeInputStream
Event: 54.135 loading class java/lang/Process$PipeInputStream done
Event: 54.136 loading class jdk/internal/event/ProcessStartEvent
Event: 54.136 loading class jdk/internal/event/ProcessStartEvent done
Event: 54.287 loading class java/io/FileOutputStream$1
Event: 54.287 loading class java/io/FileOutputStream$1 done
Event: 75.161 Thread 0x00000247a41a45c0 Thread exited: 0x00000247a41a45c0
Event: 75.162 Thread 0x00000247a41a3690 Thread exited: 0x00000247a41a3690
Event: 75.236 Thread 0x00000247a41a3180 Thread exited: 0x00000247a41a3180
Event: 75.945 Thread 0x00000247a455a820 Thread exited: 0x00000247a455a820


Dynamic libraries:
0x00007ff6f5fd0000 - 0x00007ff6f5fde000 	c:\Users\hp\.vscode\extensions\redhat.java-1.33.0-win32-x64\jre\17.0.11-win32-x86_64\bin\java.exe
0x00007ffcfcb90000 - 0x00007ffcfcd88000 	C:\WINDOWS\SYSTEM32\ntdll.dll
0x00007ffcfc860000 - 0x00007ffcfc921000 	C:\WINDOWS\System32\KERNEL32.DLL
0x00007ffcfa320000 - 0x00007ffcfa616000 	C:\WINDOWS\System32\KERNELBASE.dll
0x00007ffcfa850000 - 0x00007ffcfa950000 	C:\WINDOWS\System32\ucrtbase.dll
0x00007ffccc3c0000 - 0x00007ffccc3d7000 	c:\Users\hp\.vscode\extensions\redhat.java-1.33.0-win32-x64\jre\17.0.11-win32-x86_64\bin\jli.dll
0x00007ffcfc2d0000 - 0x00007ffcfc46f000 	C:\WINDOWS\System32\USER32.dll
0x00007ffcfa2f0000 - 0x00007ffcfa312000 	C:\WINDOWS\System32\win32u.dll
0x00007ffcfb200000 - 0x00007ffcfb22b000 	C:\WINDOWS\System32\GDI32.dll
0x00007ffcfa9e0000 - 0x00007ffcfaaf7000 	C:\WINDOWS\System32\gdi32full.dll
0x00007ffcfa650000 - 0x00007ffcfa6ed000 	C:\WINDOWS\System32\msvcp_win.dll
0x00007ffca1ee0000 - 0x00007ffca1efb000 	c:\Users\hp\.vscode\extensions\redhat.java-1.33.0-win32-x64\jre\17.0.11-win32-x86_64\bin\VCRUNTIME140.dll
0x00007ffce0570000 - 0x00007ffce080a000 	C:\WINDOWS\WinSxS\amd64_microsoft.windows.common-controls_6595b64144ccf1df_6.0.19041.4355_none_60b8b9eb71f62e16\COMCTL32.dll
0x00007ffcfb300000 - 0x00007ffcfb39e000 	C:\WINDOWS\System32\msvcrt.dll
0x00007ffcfc540000 - 0x00007ffcfc56f000 	C:\WINDOWS\System32\IMM32.DLL
0x00007ffcdff00000 - 0x00007ffcdff0c000 	c:\Users\hp\.vscode\extensions\redhat.java-1.33.0-win32-x64\jre\17.0.11-win32-x86_64\bin\vcruntime140_1.dll
0x00007ffc9f870000 - 0x00007ffc9f8fd000 	c:\Users\hp\.vscode\extensions\redhat.java-1.33.0-win32-x64\jre\17.0.11-win32-x86_64\bin\msvcp140.dll
0x00007ffc991d0000 - 0x00007ffc99e32000 	c:\Users\hp\.vscode\extensions\redhat.java-1.33.0-win32-x64\jre\17.0.11-win32-x86_64\bin\server\jvm.dll
0x00007ffcfb3a0000 - 0x00007ffcfb450000 	C:\WINDOWS\System32\ADVAPI32.dll
0x00007ffcfc480000 - 0x00007ffcfc520000 	C:\WINDOWS\System32\sechost.dll
0x00007ffcfb450000 - 0x00007ffcfb573000 	C:\WINDOWS\System32\RPCRT4.dll
0x00007ffcfa620000 - 0x00007ffcfa647000 	C:\WINDOWS\System32\bcrypt.dll
0x00007ffcfa090000 - 0x00007ffcfa0db000 	C:\WINDOWS\SYSTEM32\POWRPROF.dll
0x00007ffccf770000 - 0x00007ffccf779000 	C:\WINDOWS\SYSTEM32\WSOCK32.dll
0x00007ffcfbcf0000 - 0x00007ffcfbd5b000 	C:\WINDOWS\System32\WS2_32.dll
0x00007ffce0490000 - 0x00007ffce04b7000 	C:\WINDOWS\SYSTEM32\WINMM.dll
0x00007ffcf5250000 - 0x00007ffcf525a000 	C:\WINDOWS\SYSTEM32\VERSION.dll
0x00007ffcfa070000 - 0x00007ffcfa082000 	C:\WINDOWS\SYSTEM32\UMPDC.dll
0x00007ffcf80c0000 - 0x00007ffcf80d2000 	C:\WINDOWS\SYSTEM32\kernel.appcore.dll
0x00007ffcdef50000 - 0x00007ffcdef5a000 	c:\Users\hp\.vscode\extensions\redhat.java-1.33.0-win32-x64\jre\17.0.11-win32-x86_64\bin\jimage.dll
0x00007ffce2450000 - 0x00007ffce2634000 	C:\WINDOWS\SYSTEM32\DBGHELP.DLL
0x00007ffcccb70000 - 0x00007ffcccba4000 	C:\WINDOWS\SYSTEM32\dbgcore.DLL
0x00007ffcfa950000 - 0x00007ffcfa9d2000 	C:\WINDOWS\System32\bcryptPrimitives.dll
0x00007ffca6a40000 - 0x00007ffca6a65000 	c:\Users\hp\.vscode\extensions\redhat.java-1.33.0-win32-x64\jre\17.0.11-win32-x86_64\bin\java.dll
0x00007ffcaf500000 - 0x00007ffcaf518000 	c:\Users\hp\.vscode\extensions\redhat.java-1.33.0-win32-x64\jre\17.0.11-win32-x86_64\bin\zip.dll
0x00007ffcfb580000 - 0x00007ffcfbcec000 	C:\WINDOWS\System32\SHELL32.dll
0x00007ffcf82c0000 - 0x00007ffcf8a5e000 	C:\WINDOWS\SYSTEM32\windows.storage.dll
0x00007ffcfbf70000 - 0x00007ffcfc2c3000 	C:\WINDOWS\System32\combase.dll
0x00007ffcf9bf0000 - 0x00007ffcf9c1e000 	C:\WINDOWS\SYSTEM32\Wldp.dll
0x00007ffcfb230000 - 0x00007ffcfb2fd000 	C:\WINDOWS\System32\OLEAUT32.dll
0x00007ffcfcaa0000 - 0x00007ffcfcb4d000 	C:\WINDOWS\System32\SHCORE.dll
0x00007ffcfc800000 - 0x00007ffcfc855000 	C:\WINDOWS\System32\shlwapi.dll
0x00007ffcfa170000 - 0x00007ffcfa194000 	C:\WINDOWS\SYSTEM32\profapi.dll
0x00007ffcaf110000 - 0x00007ffcaf129000 	C:\Users\hp\.vscode\extensions\redhat.java-1.33.0-win32-x64\jre\17.0.11-win32-x86_64\bin\net.dll
0x00007ffcf1d10000 - 0x00007ffcf1e1a000 	C:\WINDOWS\SYSTEM32\WINHTTP.dll
0x00007ffcf9950000 - 0x00007ffcf99ba000 	C:\WINDOWS\system32\mswsock.dll
0x00007ffcad8e0000 - 0x00007ffcad8f6000 	C:\Users\hp\.vscode\extensions\redhat.java-1.33.0-win32-x64\jre\17.0.11-win32-x86_64\bin\nio.dll
0x00007ffcddcb0000 - 0x00007ffcddcc0000 	c:\Users\hp\.vscode\extensions\redhat.java-1.33.0-win32-x64\jre\17.0.11-win32-x86_64\bin\verify.dll
0x00007ffcf9b40000 - 0x00007ffcf9b58000 	C:\WINDOWS\SYSTEM32\CRYPTSP.dll
0x00007ffcf9270000 - 0x00007ffcf92a4000 	C:\WINDOWS\system32\rsaenh.dll
0x00007ffcfa0e0000 - 0x00007ffcfa10e000 	C:\WINDOWS\SYSTEM32\USERENV.dll
0x00007ffcf9b60000 - 0x00007ffcf9b6c000 	C:\WINDOWS\SYSTEM32\CRYPTBASE.dll
0x00007ffcf9630000 - 0x00007ffcf966b000 	C:\WINDOWS\SYSTEM32\IPHLPAPI.DLL
0x00007ffcfc470000 - 0x00007ffcfc478000 	C:\WINDOWS\System32\NSI.dll
0x00007ffcf3730000 - 0x00007ffcf3747000 	C:\WINDOWS\SYSTEM32\dhcpcsvc6.DLL
0x00007ffcf4750000 - 0x00007ffcf476d000 	C:\WINDOWS\SYSTEM32\dhcpcsvc.DLL
0x00007ffcf9670000 - 0x00007ffcf973a000 	C:\WINDOWS\SYSTEM32\DNSAPI.dll
0x00007ffcd17b0000 - 0x00007ffcd17b9000 	C:\Users\hp\.vscode\extensions\redhat.java-1.33.0-win32-x64\jre\17.0.11-win32-x86_64\bin\management.dll
0x00007ffcccb60000 - 0x00007ffcccb6b000 	C:\Users\hp\.vscode\extensions\redhat.java-1.33.0-win32-x64\jre\17.0.11-win32-x86_64\bin\management_ext.dll
0x00007ffcfc520000 - 0x00007ffcfc528000 	C:\WINDOWS\System32\PSAPI.DLL

dbghelp: loaded successfully - version: 4.0.5 - missing functions: none
symbol engine: initialized successfully - sym options: 0x614 - pdb path: .;c:\Users\hp\.vscode\extensions\redhat.java-1.33.0-win32-x64\jre\17.0.11-win32-x86_64\bin;C:\WINDOWS\SYSTEM32;C:\WINDOWS\WinSxS\amd64_microsoft.windows.common-controls_6595b64144ccf1df_6.0.19041.4355_none_60b8b9eb71f62e16;c:\Users\hp\.vscode\extensions\redhat.java-1.33.0-win32-x64\jre\17.0.11-win32-x86_64\bin\server

VM Arguments:
jvm_args: -Xmx1024m -Dsts.lsp.client=vscode -Dsts.log.file=/dev/null -XX:TieredStopAtLevel=1 -Xlog:jni+resolve=off -Dspring.config.location=file:c:\Users\hp\.vscode\extensions\vmware.vscode-spring-boot-1.56.0\language-server\BOOT-INF\classes\application.properties 
java_command: org.springframework.ide.vscode.boot.app.BootLanguageServerBootApp
java_class_path (initial): c:\Users\hp\.vscode\extensions\vmware.vscode-spring-boot-1.56.0\language-server\BOOT-INF\classes;c:\Users\hp\.vscode\extensions\vmware.vscode-spring-boot-1.56.0\language-server\BOOT-INF\lib\annotations-24.1.0.jar;c:\Users\hp\.vscode\extensions\vmware.vscode-spring-boot-1.56.0\language-server\BOOT-INF\lib\antlr4-runtime-4.13.1.jar;c:\Users\hp\.vscode\extensions\vmware.vscode-spring-boot-1.56.0\language-server\BOOT-INF\lib\asm-9.7.jar;c:\Users\hp\.vscode\extensions\vmware.vscode-spring-boot-1.56.0\language-server\BOOT-INF\lib\asm-analysis-9.7.jar;c:\Users\hp\.vscode\extensions\vmware.vscode-spring-boot-1.56.0\language-server\BOOT-INF\lib\asm-tree-9.7.jar;c:\Users\hp\.vscode\extensions\vmware.vscode-spring-boot-1.56.0\language-server\BOOT-INF\lib\asm-util-9.7.jar;c:\Users\hp\.vscode\extensions\vmware.vscode-spring-boot-1.56.0\language-server\BOOT-INF\lib\caffeine-3.1.8.jar;c:\Users\hp\.vscode\extensions\vmware.vscode-spring-boot-1.56.0\language-server\BOOT-INF\lib\checker-qual-3.12.0.jar;c:\Users\hp\.vscode\extensions\vmware.vscode-spring-boot-1.56.0\language-server\BOOT-INF\lib\classgraph-4.8.149.jar;c:\Users\hp\.vscode\extensions\vmware.vscode-spring-boot-1.56.0\language-server\BOOT-INF\lib\commons-codec-1.16.1.jar;c:\Users\hp\.vscode\extensions\vmware.vscode-spring-boot-1.56.0\language-server\BOOT-INF\lib\commons-compress-1.26.2.jar;c:\Users\hp\.vscode\extensions\vmware.vscode-spring-boot-1.56.0\language-server\BOOT-INF\lib\commons-io-2.16.1.jar;c:\Users\hp\.vscode\extensions\vmware.vscode-spring-boot-1.56.0\language-server\BOOT-INF\lib\commons-java-1.56.0-SNAPSHOT.jar;c:\Users\hp\.vscode\extensions\vmware.vscode-spring-boot-1.56.0\language-server\BOOT-INF\lib\commons-lang3-3.14.0.jar;c:\Users\hp\.vscode\extensions\vmware.vscode-spring-boot-1.56.0\language-server\BOOT-INF\lib\commons-language-server-1.56.0-SNAPSHOT.jar;c:\Users\hp\.vscode\extensions\vmware.vscode-spring-boot-1.56.0\language-server\BOOT-INF\lib\commons-lsp-extensions-1.56
Launcher Type: SUN_STANDARD

[Global flags]
     intx CICompilerCount                          = 3                                         {product} {ergonomic}
     uint ConcGCThreads                            = 1                                         {product} {ergonomic}
     uint G1ConcRefinementThreads                  = 4                                         {product} {ergonomic}
   size_t G1HeapRegionSize                         = 1048576                                   {product} {ergonomic}
    uintx GCDrainStackTargetSize                   = 64                                        {product} {ergonomic}
   size_t InitialHeapSize                          = 132120576                                 {product} {ergonomic}
   size_t MarkStackSize                            = 4194304                                   {product} {ergonomic}
   size_t MaxHeapSize                              = 1073741824                                {product} {command line}
   size_t MaxNewSize                               = 643825664                                 {product} {ergonomic}
   size_t MinHeapDeltaBytes                        = 1048576                                   {product} {ergonomic}
   size_t MinHeapSize                              = 8388608                                   {product} {ergonomic}
    uintx NonProfiledCodeHeapSize                  = 0                                      {pd product} {ergonomic}
     bool ProfileInterpreter                       = false                                  {pd product} {command line}
    uintx ProfiledCodeHeapSize                     = 0                                      {pd product} {ergonomic}
   size_t SoftMaxHeapSize                          = 1073741824                             {manageable} {ergonomic}
     intx TieredStopAtLevel                        = 1                                         {product} {command line}
     bool UseCompressedClassPointers               = true                           {product lp64_product} {ergonomic}
     bool UseCompressedOops                        = true                           {product lp64_product} {ergonomic}
     bool UseG1GC                                  = true                                      {product} {ergonomic}
     bool UseLargePagesIndividualAllocation        = false                                  {pd product} {ergonomic}

Logging:
Log output configuration:
 #0: stdout all=warning,jni+resolve=off uptime,level,tags
 #1: stderr all=off uptime,level,tags

Environment Variables:
JAVA_HOME=C:\Program Files\Java\jdk-19
PATH=C:\Program Files\Common Files\Oracle\Java\javapath;C:\Program Files (x86)\Common Files\Oracle\Java\javapath;C:\WINDOWS\system32;C:\WINDOWS;C:\WINDOWS\System32\Wbem;C:\WINDOWS\System32\WindowsPowerShell\v1.0\;C:\WINDOWS\System32\OpenSSH\;C:\Program Files\Microsoft SQL Server\150\Tools\Binn\;C:\Program Files (x86)\dotnet\;C:\Program Files\Microsoft SQL Server\Client SDK\ODBC\170\Tools\Binn\;C:\Program Files (x86)\Microsoft SQL Server\150\Tools\Binn\;C:\Program Files\Microsoft SQL Server\150\DTS\Binn\;C:\Program Files\nodejs\;C:\Program Files\Git\cmd;C:\Program Files\MongoDB\mongosh-2.1.1-win32-x64\mongosh-2.1.1-win32-x64\bin;C:\Program Files\MongoDB\Tools\100\bin;C:\Hdo\elasticsearch-8.11.3-windows-x86_64\elasticsearch-8.11.3\bin;C:\Hdo\kibana-8.11.3-windows-x86_64\kibana-8.11.3\bin;C:\Hdo\logstash-8.11.3-windows-x86_64\logstash-8.11.3\bin;C:\Users\hp\Downloads\apache-maven-3.9.5-bin\apache-maven-3.9.5\bin;C:\Users\hp\AppData\Local\Microsoft\WindowsApps;C:\Users\hp\AppData\Local\Programs\Microsoft VS Code\bin;C:\MAMP\bin\mysql\bin;C:\Program Files\Azure Data Studio\bin;C:\Users\hp\AppData\Roaming\npm;C:\Program Files\Java\jdk-19\bin;C:\Program Files\JetBrains\IntelliJ IDEA 2023.2.4\bin;;C:\flutter\flutter_windows_3.19.5-stable\flutter\bin;C:\Users\hp\Downloads\apache-maven-3.9.7-bin\apache-maven-3.9.7\bin;
USERNAME=hp
OS=Windows_NT
PROCESSOR_IDENTIFIER=Intel64 Family 6 Model 78 Stepping 3, GenuineIntel
TMP=C:\Users\hp\AppData\Local\Temp
TEMP=C:\Users\hp\AppData\Local\Temp



Periodic native trim disabled


---------------  S Y S T E M  ---------------

OS:
 Windows 10 , 64 bit Build 19041 (10.0.19041.4597)
OS uptime: 1 days 22:51 hours

CPU: total 4 (initial active 4) (2 cores per cpu, 2 threads per core) family 6 model 78 stepping 3 microcode 0xcc, cx8, cmov, fxsr, ht, mmx, 3dnowpref, sse, sse2, sse3, ssse3, sse4.1, sse4.2, popcnt, lzcnt, tsc, tscinvbit, avx, avx2, aes, erms, clmul, bmi1, bmi2, rtm, adx, fma, vzeroupper, clflush, clflushopt
Processor Information for all 4 processors :
  Max Mhz: 2496, Current Mhz: 2396, Mhz Limit: 2396

Memory: 4k page, system-wide physical 8039M (326M free)
TotalPageFile size 16206M (AvailPageFile size 3M)
current process WorkingSet (physical memory assigned to process): 70M, peak: 170M
current process commit charge ("private bytes"): 199M, peak: 221M

vm_info: OpenJDK 64-Bit Server VM (17.0.11+9) for windows-amd64 JRE (17.0.11+9), built on Apr 17 2024 06:07:48 by "admin" with MS VC++ 16.10 / 16.11 (VS2019)

END.
