#
# There is insufficient memory for the Java Runtime Environment to continue.
# Native memory allocation (malloc) failed to allocate 1048576 bytes. Error detail: AllocateHeap
# Possible reasons:
#   The system is out of physical RAM or swap space
#   This process is running with CompressedOops enabled, and the Java Heap may be blocking the growth of the native heap
# Possible solutions:
#   Reduce memory load on the system
#   Increase physical memory or swap space
#   Check if swap backing store is full
#   Decrease Java heap size (-Xmx/-Xms)
#   Decrease number of Java threads
#   Decrease Java thread stack sizes (-Xss)
#   Set larger code cache with -XX:ReservedCodeCacheSize=
#   JVM is running with Unscaled Compressed Oops mode in which the Java heap is
#     placed in the first 4GB address space. The Java Heap base address is the
#     maximum limit for the native heap growth. Please use -XX:HeapBaseMinAddress
#     to set the Java Heap base and to place the Java Heap above 4GB virtual address.
# This output file may be truncated or incomplete.
#
#  Out of Memory Error (allocation.cpp:44), pid=1012, tid=16488
#
# JRE version: OpenJDK Runtime Environment Temurin-17.0.11+9 (17.0.11+9) (build 17.0.11+9)
# Java VM: OpenJDK 64-Bit Server VM Temurin-17.0.11+9 (17.0.11+9, mixed mode, emulated-client, tiered, compressed oops, compressed class ptrs, g1 gc, windows-amd64)
# No core dump will be written. Minidumps are not enabled by default on client versions of Windows
#

---------------  S U M M A R Y ------------

Command Line: -Xmx1024m -Dsts.lsp.client=vscode -Dsts.log.file=/dev/null -XX:TieredStopAtLevel=1 -Xlog:jni+resolve=off -Dspring.config.location=file:c:\Users\hp\.vscode\extensions\vmware.vscode-spring-boot-1.56.0\language-server\BOOT-INF\classes\application.properties org.springframework.ide.vscode.boot.app.BootLanguageServerBootApp

Host: Intel(R) Core(TM) i5-6300U CPU @ 2.40GHz, 4 cores, 7G,  Windows 10 , 64 bit Build 19041 (10.0.19041.4597)
Time: Tue Aug 13 12:23:02 2024 Paris, Madrid (heure duild 19041 (10.0.19041.4597) elapsed time: 5333.122858 seconds (0d 1h 28m 53s)

---------------  T H R E A D  ---------------

Current thread (0x000001d76dd0ae30):  VMThread "VM Thread" [stack: 0x000000102c400000,0x000000102c500000] [id=16488]

Stack: [0x000000102c400000,0x000000102c500000]
Native frames: (J=compiled Java code, j=interpreted, Vv=VM code, C=native code)
V  [jvm.dll+0x67d429]
V  [jvm.dll+0x834b7a]
V  [jvm.dll+0x83663e]
V  [jvm.dll+0x836ca3]
V  [jvm.dll+0x247dbf]
V  [jvm.dll+0xa6cb3]
V  [jvm.dll+0x2f8ad3]
V  [jvm.dll+0x2f4750]
V  [jvm.dll+0x2dcf67]
V  [jvm.dll+0x31fb67]
V  [jvm.dll+0x83b19b]
V  [jvm.dll+0x83bed2]
V  [jvm.dll+0x83c3ed]
V  [jvm.dll+0x83c7c4]
V  [jvm.dll+0x83c890]
V  [jvm.dll+0x7e410a]
V  [jvm.dll+0x67c315]
C  [ucrtbase.dll+0x21bb2]
C  [KERNEL32.DLL+0x17374]
C  [ntdll.dll+0x4cc91]

VM_Operation (0x000000102d6fe940): G1CollectFull, mode: safepoint, requested by thread 0x000001d7729dd2d0


---------------  P R O C E S S  ---------------

Threads class SMR info:
_java_thread_list=0x000001d772bba740, length=23, elements={
0x000001d76dd16500, 0x000001d76dd17290, 0x000001d76dd49f40, 0x000001d76dd4c820,
0x000001d76dd4d0f0, 0x000001d76dd4d9c0, 0x000001d76dd4e290, 0x000001d772011930,
0x000001d7721fa440, 0x000001d7721fed90, 0x000001d773825050, 0x000001d7729dd2d0,
0x000001d7739f2450, 0x000001d7637aae80, 0x000001d773a05810, 0x000001d7739d80e0,
0x000001d7734efd20, 0x000001d7720e4740, 0x000001d7720e4c50, 0x000001d7720e4230,
0x000001d7720e3810, 0x000001d7720e3300, 0x000001d7720e3d20
}

Java Threads: ( => current thread )
  0x000001d76dd16500 JavaThread "Reference Handler" daemon [_thread_blocked, id=17376, stack(0x000000102c500000,0x000000102c600000)]
  0x000001d76dd17290 JavaThread "Finalizer" daemon [_thread_blocked, id=2368, stack(0x000000102c600000,0x000000102c700000)]
  0x000001d76dd49f40 JavaThread "Signal Dispatcher" daemon [_thread_blocked, id=8404, stack(0x000000102c700000,0x000000102c800000)]
  0x000001d76dd4c820 JavaThread "Attach Listener" daemon [_thread_blocked, id=12484, stack(0x000000102c800000,0x000000102c900000)]
  0x000001d76dd4d0f0 JavaThread "Service Thread" daemon [_thread_blocked, id=15804, stack(0x000000102c900000,0x000000102ca00000)]
  0x000001d76dd4d9c0 JavaThread "Monitor Deflation Thread" daemon [_thread_blocked, id=22212, stack(0x000000102ca00000,0x000000102cb00000)]
  0x000001d76dd4e290 JavaThread "C1 CompilerThread0" daemon [_thread_blocked, id=9144, stack(0x000000102cb00000,0x000000102cc00000)]
  0x000001d772011930 JavaThread "Sweeper thread" daemon [_thread_blocked, id=9272, stack(0x000000102cc00000,0x000000102cd00000)]
  0x000001d7721fa440 JavaThread "Notification Thread" daemon [_thread_blocked, id=21460, stack(0x000000102cd00000,0x000000102ce00000)]
  0x000001d7721fed90 JavaThread "Common-Cleaner" daemon [_thread_blocked, id=21284, stack(0x000000102cf00000,0x000000102d000000)]
  0x000001d773825050 JavaThread "boundedElastic-evictor-1" daemon [_thread_blocked, id=22332, stack(0x000000102d400000,0x000000102d500000)]
  0x000001d7729dd2d0 JavaThread "pool-13-thread-1" [_thread_blocked, id=10432, stack(0x000000102d600000,0x000000102d700000)]
  0x000001d7739f2450 JavaThread "LanguageServerApp-lifecycle" [_thread_blocked, id=13668, stack(0x000000102d700000,0x000000102d800000)]
  0x000001d7637aae80 JavaThread "DestroyJavaVM" [_thread_blocked, id=2816, stack(0x000000102bd00000,0x000000102be00000)]
  0x000001d773a05810 JavaThread "pool-14-thread-1" [_thread_in_native, id=22784, stack(0x000000102d800000,0x000000102d900000)]
  0x000001d7739d80e0 JavaThread "Simple-Language-Server main thread" daemon [_thread_blocked, id=20864, stack(0x000000102d900000,0x000000102da00000)]
  0x000001d7734efd20 JavaThread "pool-8-thread-1" [_thread_blocked, id=6236, stack(0x000000102da00000,0x000000102db00000)]
  0x000001d7720e4740 JavaThread "parallel-1" daemon [_thread_blocked, id=23180, stack(0x000000102db00000,0x000000102dc00000)]
  0x000001d7720e4c50 JavaThread "parallel-2" daemon [_thread_blocked, id=17520, stack(0x000000102dc00000,0x000000102dd00000)]
  0x000001d7720e4230 JavaThread "pool-6-thread-1" [_thread_blocked, id=3020, stack(0x000000102e000000,0x000000102e100000)]
  0x000001d7720e3810 JavaThread "parallel-3" daemon [_thread_blocked, id=22692, stack(0x000000102e100000,0x000000102e200000)]
  0x000001d7720e3300 JavaThread "parallel-4" daemon [_thread_blocked, id=9396, stack(0x000000102e200000,0x000000102e300000)]
  0x000001d7720e3d20 JavaThread "Reconciler-1" daemon [_thread_blocked, id=1136, stack(0x000000102e400000,0x000000102e500000)]

Other Threads:
=>0x000001d76dd0ae30 VMThread "VM Thread" [stack: 0x000000102c400000,0x000000102c500000] [id=16488]
  0x000001d7721fc930 WatcherThread [stack: 0x000000102ce00000,0x000000102cf00000] [id=3536]
  0x000001d7637e7c30 GCTaskThread "GC Thread#0" [stack: 0x000000102bf00000,0x000000102c000000] [id=17296]
  0x000001d772805440 GCTaskThread "GC Thread#1" [stack: 0x000000102d100000,0x000000102d200000] [id=12316]
  0x000001d772805700 GCTaskThread "GC Thread#2" [stack: 0x000000102d200000,0x000000102d300000] [id=8336]
  0x000001d772ab3970 GCTaskThread "GC Thread#3" [stack: 0x000000102d300000,0x000000102d400000] [id=21328]
  0x000001d7637f0a90 ConcurrentGCThread "G1 Main Marker" [stack: 0x000000102c000000,0x000000102c100000] [id=5272]
  0x000001d7637f13c0 ConcurrentGCThread "G1 Conc#0" [stack: 0x000000102c100000,0x000000102c200000] [id=23540]
  0x000001d763856a70 ConcurrentGCThread "G1 Refine#0" [stack: 0x000000102c200000,0x000000102c300000] [id=14296]
  0x000001d7638573b0 ConcurrentGCThread "G1 Service" [stack: 0x000000102c300000,0x000000102c400000] [id=22968]

Threads with active compile tasks:

VM state: at safepoint (normal execution)

VM Mutex/Monitor currently owned by a thread:  ([mutex/lock_event])
[0x000001d7637a6530] Threads_lock - owner thread: 0x000001d76dd0ae30
[0x000001d7637a6c80] Heap_lock - owner thread: 0x000001d7729dd2d0

Heap address: 0x00000000c0000000, size: 1024 MB, Compressed Oops mode: 32-bit

CDS archive(s) not mapped
Compressed class space mapped at: 0x0000000100000000-0x0000000140000000, reserved size: 1073741824
Narrow klass base: 0x0000000000000000, Narrow klass shift: 3, Narrow klass range: 0x140000000

GC Precious Log:
 CPUs: 4 total, 4 available
 Memory: 8039M
 Large Page Support: Disabled
 NUMA Support: Disabled
 Compressed Oops: Enabled (32-bit)
 Heap Region Size: 1M
 Heap Min Capacity: 8M
 Heap Initial Capacity: 126M
 Heap Max Capacity: 1G
 Pre-touch: Disabled
 Parallel Workers: 4
 Concurrent Workers: 1
 Concurrent Refinement Workers: 4
 Periodic GC: Disabled

Heap:
 garbage-first heap   total 75776K, used 25216K [0x00000000c0000000, 0x0000000100000000)
  region size 1024K, 1 young (1024K), 0 survivors (0K)
 Metaspace       used 41007K, committed 41600K, reserved 1114112K
  class space    used 5243K, committed 5504K, reserved 1048576K

Heap Regions: E=young(eden), S=young(survivor), O=old, HS=humongous(starts), HC=humongous(continues), CS=collection set, F=free, OA=open archive, CA=closed archive, TAMS=top-at-mark-start (previous, next)
|   0|0x00000000c0000000, 0x00000000c0100000, 0x00000000c0100000|100%|HS|  |TAMS 0x00000000c0100000, 0x00000000c0000000| Untracked 
|   1|0x00000000c0100000, 0x00000000c0200000, 0x00000000c0200000|100%|HC|  |TAMS 0x00000000c0200000, 0x00000000c0100000| Untracked 
|   2|0x00000000c0200000, 0x00000000c0300000, 0x00000000c0300000|100%|HC|  |TAMS 0x00000000c0300000, 0x00000000c0200000| Untracked 
|   3|0x00000000c0300000, 0x00000000c0400000, 0x00000000c0400000|100%|HC|  |TAMS 0x00000000c0400000, 0x00000000c0300000| Untracked 
|   4|0x00000000c0400000, 0x00000000c04fffd0, 0x00000000c0500000| 99%| O|  |TAMS 0x00000000c04fffd0, 0x00000000c0400000| Untracked 
|   5|0x00000000c0500000, 0x00000000c0600000, 0x00000000c0600000|100%| O|  |TAMS 0x00000000c0600000, 0x00000000c0500000| Untracked 
|   6|0x00000000c0600000, 0x00000000c06fffb8, 0x00000000c0700000| 99%| O|  |TAMS 0x00000000c06fffb8, 0x00000000c0600000| Untracked 
|   7|0x00000000c0700000, 0x00000000c0800000, 0x00000000c0800000|100%| O|  |TAMS 0x00000000c0800000, 0x00000000c0700000| Untracked 
|   8|0x00000000c0800000, 0x00000000c0900000, 0x00000000c0900000|100%| O|  |TAMS 0x00000000c0900000, 0x00000000c0800000| Untracked 
|   9|0x00000000c0900000, 0x00000000c0a00000, 0x00000000c0a00000|100%| O|  |TAMS 0x00000000c0a00000, 0x00000000c0900000| Untracked 
|  10|0x00000000c0a00000, 0x00000000c0b00000, 0x00000000c0b00000|100%|HS|  |TAMS 0x00000000c0b00000, 0x00000000c0a00000| Untracked 
|  11|0x00000000c0b00000, 0x00000000c0c00000, 0x00000000c0c00000|100%|HC|  |TAMS 0x00000000c0c00000, 0x00000000c0b00000| Untracked 
|  12|0x00000000c0c00000, 0x00000000c0d00000, 0x00000000c0d00000|100%| O|  |TAMS 0x00000000c0d00000, 0x00000000c0c00000| Untracked 
|  13|0x00000000c0d00000, 0x00000000c0e00000, 0x00000000c0e00000|100%| O|  |TAMS 0x00000000c0e00000, 0x00000000c0d00000| Untracked 
|  14|0x00000000c0e00000, 0x00000000c0efffe8, 0x00000000c0f00000| 99%| O|  |TAMS 0x00000000c0efffe8, 0x00000000c0e00000| Untracked 
|  15|0x00000000c0f00000, 0x00000000c1000000, 0x00000000c1000000|100%| O|  |TAMS 0x00000000c1000000, 0x00000000c0f00000| Untracked 
|  16|0x00000000c1000000, 0x00000000c10ffff8, 0x00000000c1100000| 99%| O|  |TAMS 0x00000000c10ffff8, 0x00000000c1000000| Untracked 
|  17|0x00000000c1100000, 0x00000000c11ffff0, 0x00000000c1200000| 99%| O|  |TAMS 0x00000000c11ffff0, 0x00000000c1100000| Untracked 
|  18|0x00000000c1200000, 0x00000000c12ffb70, 0x00000000c1300000| 99%| O|  |TAMS 0x00000000c12ffb70, 0x00000000c1200000| Untracked 
|  19|0x00000000c1300000, 0x00000000c13ffff0, 0x00000000c1400000| 99%| O|  |TAMS 0x00000000c13ffff0, 0x00000000c1300000| Untracked 
|  20|0x00000000c1400000, 0x00000000c14fffd0, 0x00000000c1500000| 99%| O|  |TAMS 0x00000000c14fffd0, 0x00000000c1400000| Untracked 
|  21|0x00000000c1500000, 0x00000000c15ffff8, 0x00000000c1600000| 99%| O|  |TAMS 0x00000000c15ffff8, 0x00000000c1500000| Untracked 
|  22|0x00000000c1600000, 0x00000000c16fd740, 0x00000000c1700000| 99%| O|  |TAMS 0x00000000c16fd740, 0x00000000c1600000| Untracked 
|  23|0x00000000c1700000, 0x00000000c17f74d8, 0x00000000c1800000| 96%| O|  |TAMS 0x00000000c17f74d8, 0x00000000c1700000| Untracked 
|  24|0x00000000c1800000, 0x00000000c18abcc0, 0x00000000c1900000| 67%| O|  |TAMS 0x00000000c1800000, 0x00000000c1800000| Untracked 
|  25|0x00000000c1900000, 0x00000000c1900000, 0x00000000c1a00000|  0%| F|  |TAMS 0x00000000c1900000, 0x00000000c1900000| Untracked 
|  26|0x00000000c1a00000, 0x00000000c1a00000, 0x00000000c1b00000|  0%| F|  |TAMS 0x00000000c1a00000, 0x00000000c1a00000| Untracked 
|  27|0x00000000c1b00000, 0x00000000c1b00000, 0x00000000c1c00000|  0%| F|  |TAMS 0x00000000c1b00000, 0x00000000c1b00000| Untracked 
|  28|0x00000000c1c00000, 0x00000000c1c00000, 0x00000000c1d00000|  0%| F|  |TAMS 0x00000000c1c00000, 0x00000000c1c00000| Untracked 
|  29|0x00000000c1d00000, 0x00000000c1d00000, 0x00000000c1e00000|  0%| F|  |TAMS 0x00000000c1d00000, 0x00000000c1d00000| Untracked 
|  30|0x00000000c1e00000, 0x00000000c1e00000, 0x00000000c1f00000|  0%| F|  |TAMS 0x00000000c1e00000, 0x00000000c1e00000| Untracked 
|  31|0x00000000c1f00000, 0x00000000c1f00000, 0x00000000c2000000|  0%| F|  |TAMS 0x00000000c1f00000, 0x00000000c1f00000| Untracked 
|  32|0x00000000c2000000, 0x00000000c2000000, 0x00000000c2100000|  0%| F|  |TAMS 0x00000000c2000000, 0x00000000c2000000| Untracked 
|  33|0x00000000c2100000, 0x00000000c2100000, 0x00000000c2200000|  0%| F|  |TAMS 0x00000000c2100000, 0x00000000c2100000| Untracked 
|  34|0x00000000c2200000, 0x00000000c2200000, 0x00000000c2300000|  0%| F|  |TAMS 0x00000000c2200000, 0x00000000c2200000| Untracked 
|  35|0x00000000c2300000, 0x00000000c2300000, 0x00000000c2400000|  0%| F|  |TAMS 0x00000000c2300000, 0x00000000c2300000| Untracked 
|  36|0x00000000c2400000, 0x00000000c2400000, 0x00000000c2500000|  0%| F|  |TAMS 0x00000000c2400000, 0x00000000c2400000| Untracked 
|  37|0x00000000c2500000, 0x00000000c2500000, 0x00000000c2600000|  0%| F|  |TAMS 0x00000000c2500000, 0x00000000c2500000| Untracked 
|  38|0x00000000c2600000, 0x00000000c2600000, 0x00000000c2700000|  0%| F|  |TAMS 0x00000000c2600000, 0x00000000c2600000| Untracked 
|  39|0x00000000c2700000, 0x00000000c2700000, 0x00000000c2800000|  0%| F|  |TAMS 0x00000000c2700000, 0x00000000c2700000| Untracked 
|  40|0x00000000c2800000, 0x00000000c2800000, 0x00000000c2900000|  0%| F|  |TAMS 0x00000000c2800000, 0x00000000c2800000| Untracked 
|  41|0x00000000c2900000, 0x00000000c2900000, 0x00000000c2a00000|  0%| F|  |TAMS 0x00000000c2900000, 0x00000000c2900000| Untracked 
|  42|0x00000000c2a00000, 0x00000000c2a00000, 0x00000000c2b00000|  0%| F|  |TAMS 0x00000000c2a00000, 0x00000000c2a00000| Untracked 
|  43|0x00000000c2b00000, 0x00000000c2b00000, 0x00000000c2c00000|  0%| F|  |TAMS 0x00000000c2b00000, 0x00000000c2b00000| Untracked 
|  44|0x00000000c2c00000, 0x00000000c2c00000, 0x00000000c2d00000|  0%| F|  |TAMS 0x00000000c2c00000, 0x00000000c2c00000| Untracked 
|  45|0x00000000c2d00000, 0x00000000c2d00000, 0x00000000c2e00000|  0%| F|  |TAMS 0x00000000c2d00000, 0x00000000c2d00000| Untracked 
|  46|0x00000000c2e00000, 0x00000000c2e00000, 0x00000000c2f00000|  0%| F|  |TAMS 0x00000000c2e00000, 0x00000000c2e00000| Untracked 
|  47|0x00000000c2f00000, 0x00000000c2f00000, 0x00000000c3000000|  0%| F|  |TAMS 0x00000000c2f00000, 0x00000000c2f00000| Untracked 
|  48|0x00000000c3000000, 0x00000000c3000000, 0x00000000c3100000|  0%| F|  |TAMS 0x00000000c3000000, 0x00000000c3000000| Untracked 
|  49|0x00000000c3100000, 0x00000000c3100000, 0x00000000c3200000|  0%| F|  |TAMS 0x00000000c3100000, 0x00000000c3100000| Untracked 
|  50|0x00000000c3200000, 0x00000000c3200000, 0x00000000c3300000|  0%| F|  |TAMS 0x00000000c3200000, 0x00000000c3200000| Untracked 
|  51|0x00000000c3300000, 0x00000000c3300000, 0x00000000c3400000|  0%| F|  |TAMS 0x00000000c3300000, 0x00000000c3300000| Untracked 
|  52|0x00000000c3400000, 0x00000000c3400000, 0x00000000c3500000|  0%| F|  |TAMS 0x00000000c3400000, 0x00000000c3400000| Untracked 
|  53|0x00000000c3500000, 0x00000000c3500000, 0x00000000c3600000|  0%| F|  |TAMS 0x00000000c3500000, 0x00000000c3500000| Untracked 
|  54|0x00000000c3600000, 0x00000000c3600000, 0x00000000c3700000|  0%| F|  |TAMS 0x00000000c3600000, 0x00000000c3600000| Untracked 
|  55|0x00000000c3700000, 0x00000000c3700000, 0x00000000c3800000|  0%| F|  |TAMS 0x00000000c3700000, 0x00000000c3700000| Untracked 
|  56|0x00000000c3800000, 0x00000000c3800000, 0x00000000c3900000|  0%| F|  |TAMS 0x00000000c3800000, 0x00000000c3800000| Untracked 
|  57|0x00000000c3900000, 0x00000000c3900000, 0x00000000c3a00000|  0%| F|  |TAMS 0x00000000c3900000, 0x00000000c3900000| Untracked 
|  58|0x00000000c3a00000, 0x00000000c3a00000, 0x00000000c3b00000|  0%| F|  |TAMS 0x00000000c3a00000, 0x00000000c3a00000| Untracked 
|  59|0x00000000c3b00000, 0x00000000c3b00000, 0x00000000c3c00000|  0%| F|  |TAMS 0x00000000c3b00000, 0x00000000c3b00000| Untracked 
|  60|0x00000000c3c00000, 0x00000000c3c00000, 0x00000000c3d00000|  0%| F|  |TAMS 0x00000000c3c00000, 0x00000000c3c00000| Untracked 
|  61|0x00000000c3d00000, 0x00000000c3d00000, 0x00000000c3e00000|  0%| F|  |TAMS 0x00000000c3d00000, 0x00000000c3d00000| Untracked 
|  62|0x00000000c3e00000, 0x00000000c3e00000, 0x00000000c3f00000|  0%| F|  |TAMS 0x00000000c3e00000, 0x00000000c3e00000| Untracked 
|  63|0x00000000c3f00000, 0x00000000c3f00000, 0x00000000c4000000|  0%| F|  |TAMS 0x00000000c3f00000, 0x00000000c3f00000| Untracked 
|  64|0x00000000c4000000, 0x00000000c4000000, 0x00000000c4100000|  0%| F|  |TAMS 0x00000000c4000000, 0x00000000c4000000| Untracked 
|  65|0x00000000c4100000, 0x00000000c4100000, 0x00000000c4200000|  0%| F|  |TAMS 0x00000000c4100000, 0x00000000c4100000| Untracked 
|  66|0x00000000c4200000, 0x00000000c4200000, 0x00000000c4300000|  0%| F|  |TAMS 0x00000000c4200000, 0x00000000c4200000| Untracked 
|  67|0x00000000c4300000, 0x00000000c4300000, 0x00000000c4400000|  0%| F|  |TAMS 0x00000000c4300000, 0x00000000c4300000| Untracked 
|  79|0x00000000c4f00000, 0x00000000c4f00000, 0x00000000c5000000|  0%| F|  |TAMS 0x00000000c4f00000, 0x00000000c4f00000| Untracked 
|  80|0x00000000c5000000, 0x00000000c5000000, 0x00000000c5100000|  0%| F|  |TAMS 0x00000000c5000000, 0x00000000c5000000| Untracked 
|  81|0x00000000c5100000, 0x00000000c5100000, 0x00000000c5200000|  0%| F|  |TAMS 0x00000000c5100000, 0x00000000c5100000| Untracked 
|  82|0x00000000c5200000, 0x00000000c5200000, 0x00000000c5300000|  0%| F|  |TAMS 0x00000000c5200000, 0x00000000c5200000| Untracked 
|  83|0x00000000c5300000, 0x00000000c5300000, 0x00000000c5400000|  0%| F|  |TAMS 0x00000000c5300000, 0x00000000c5300000| Untracked 
| 125|0x00000000c7d00000, 0x00000000c7d26698, 0x00000000c7e00000| 15%| E|  |TAMS 0x00000000c7d00000, 0x00000000c7d00000| Complete 

Card table byte_map: [0x000001d769440000,0x000001d769640000] _byte_map_base: 0x000001d768e40000

Marking Bits (Prev, Next): (CMBitMap*) 0x000001d7637e81a0, (CMBitMap*) 0x000001d7637e8160
 Prev Bits: [0x000001d76a840000, 0x000001d76b840000)
 Next Bits: [0x000001d769840000, 0x000001d76a840000)

Polling page: 0x000001d762f60000

Metaspace:

Usage:
  Non-class:     34.92 MB used.
      Class:      5.12 MB used.
       Both:     40.05 MB used.

Virtual space:
  Non-class space:       64.00 MB reserved,      35.25 MB ( 55%) committed,  1 nodes.
      Class space:        1.00 GB reserved,       5.38 MB ( <1%) committed,  1 nodes.
             Both:        1.06 GB reserved,      40.62 MB (  4%) committed. 

Chunk freelists:
   Non-Class:  12.28 MB
       Class:  10.69 MB
        Both:  22.97 MB

MaxMetaspaceSize: unlimited
CompressedClassSpaceSize: 1.00 GB
Initial GC threshold: 21.00 MB
Current GC threshold: 67.62 MB
CDS: off
MetaspaceReclaimPolicy: balanced
 - commit_granule_bytes: 65536.
 - commit_granule_words: 8192.
 - virtual_space_node_default_size: 8388608.
 - enlarge_chunks_in_place: 1.
 - new_chunks_are_fully_committed: 0.
 - uncommit_free_chunks: 1.
 - use_allocation_guard: 0.
 - handle_deallocations: 1.


Internal statistics:

num_allocs_failed_limit: 6.
num_arena_births: 506.
num_arena_deaths: 152.
num_vsnodes_births: 2.
num_vsnodes_deaths: 0.
num_space_committed: 649.
num_space_uncommitted: 0.
num_chunks_returned_to_freelist: 176.
num_chunks_taken_from_freelist: 1738.
num_chunk_merges: 54.
num_chunk_splits: 1207.
num_chunks_enlarged: 912.
num_inconsistent_stats: 0.

CodeCache: size=49152Kb used=7037Kb max_used=7862Kb free=42114Kb
 bounds [0x000001d766440000, 0x000001d766bf0000, 0x000001d769440000]
 total_blobs=4324 nmethods=3776 adapters=475
 compilation: enabled
              stopped_count=0, restarted_count=0
 full_count=0

Compilation events (20 events):
Event: 2748.022 Thread 0x000001d76dd4e290 3764       1       java.lang.ProcessImpl$2::run (5 bytes)
Event: 2748.022 Thread 0x000001d76dd4e290 nmethod 3764 0x000001d766902b90 code [0x000001d766902d20, 0x000001d766902e08]
Event: 2748.023 Thread 0x000001d76dd4e290 3765       1       java.lang.ProcessImpl$2::run (242 bytes)
Event: 2748.024 Thread 0x000001d76dd4e290 nmethod 3765 0x000001d766901510 code [0x000001d7669017c0, 0x000001d766902558]
Event: 2748.465 Thread 0x000001d76dd4e290 3766   !   1       java.io.FilterOutputStream::close (183 bytes)
Event: 2748.466 Thread 0x000001d76dd4e290 nmethod 3766 0x000001d766900b90 code [0x000001d766900da0, 0x000001d766901278]
Event: 2748.466 Thread 0x000001d76dd4e290 3767   !   1       java.io.FileOutputStream::close (69 bytes)
Event: 2748.501 Thread 0x000001d76dd4e290 nmethod 3767 0x000001d7668ffd10 code [0x000001d7668ffee0, 0x000001d766900258]
Event: 2748.501 Thread 0x000001d76dd4e290 3771       1       java.lang.ProcessImpl$$Lambda$820/0x00000001003e4ec8::run (8 bytes)
Event: 2748.501 Thread 0x000001d76dd4e290 nmethod 3771 0x000001d7668ffa10 code [0x000001d7668ffba0, 0x000001d7668ffc88]
Event: 2748.501 Thread 0x000001d76dd4e290 3772       1       java.lang.ProcessImpl::lambda$new$0 (6 bytes)
Event: 2748.501 Thread 0x000001d76dd4e290 nmethod 3772 0x000001d7668ff710 code [0x000001d7668ff8a0, 0x000001d7668ff968]
Event: 2748.501 Thread 0x000001d76dd4e290 3768       1       java.io.FileOutputStream$1::<init> (10 bytes)
Event: 2748.501 Thread 0x000001d76dd4e290 nmethod 3768 0x000001d7668ff410 code [0x000001d7668ff5a0, 0x000001d7668ff6b8]
Event: 2748.501 Thread 0x000001d76dd4e290 3769       1       java.io.FileOutputStream$1::close (11 bytes)
Event: 2748.502 Thread 0x000001d76dd4e290 nmethod 3769 0x000001d7668fed90 code [0x000001d7668fef40, 0x000001d7668ff258]
Event: 3853.319 Thread 0x000001d76dd4e290 3774       1       java.util.concurrent.ConcurrentLinkedDeque::toArrayInternal (141 bytes)
Event: 3853.349 Thread 0x000001d76dd4e290 nmethod 3774 0x000001d7668fe210 code [0x000001d7668fe400, 0x000001d7668fead8]
Event: 4078.241 Thread 0x000001d76dd4e290 3775       1       java.lang.ProcessImpl::waitFor (136 bytes)
Event: 4078.257 Thread 0x000001d76dd4e290 nmethod 3775 0x000001d7668fd590 code [0x000001d7668fd7a0, 0x000001d7668fdbd8]

GC Heap History (20 events):
Event: 5229.006 GC heap before
{Heap before GC invocations=501 (full 491):
 garbage-first heap   total 75776K, used 25216K [0x00000000c0000000, 0x0000000100000000)
  region size 1024K, 1 young (1024K), 0 survivors (0K)
 Metaspace       used 41007K, committed 41600K, reserved 1114112K
  class space    used 5243K, committed 5504K, reserved 1048576K
}
Event: 5229.030 GC heap after
{Heap after GC invocations=502 (full 492):
 garbage-first heap   total 75776K, used 25216K [0x00000000c0000000, 0x0000000100000000)
  region size 1024K, 0 young (0K), 0 survivors (0K)
 Metaspace       used 41007K, committed 41600K, reserved 1114112K
  class space    used 5243K, committed 5504K, reserved 1048576K
}
Event: 5239.255 GC heap before
{Heap before GC invocations=502 (full 492):
 garbage-first heap   total 75776K, used 25216K [0x00000000c0000000, 0x0000000100000000)
  region size 1024K, 1 young (1024K), 0 survivors (0K)
 Metaspace       used 41007K, committed 41600K, reserved 1114112K
  class space    used 5243K, committed 5504K, reserved 1048576K
}
Event: 5239.288 GC heap after
{Heap after GC invocations=503 (full 493):
 garbage-first heap   total 75776K, used 25216K [0x00000000c0000000, 0x0000000100000000)
  region size 1024K, 0 young (0K), 0 survivors (0K)
 Metaspace       used 41007K, committed 41600K, reserved 1114112K
  class space    used 5243K, committed 5504K, reserved 1048576K
}
Event: 5249.510 GC heap before
{Heap before GC invocations=503 (full 493):
 garbage-first heap   total 75776K, used 25216K [0x00000000c0000000, 0x0000000100000000)
  region size 1024K, 1 young (1024K), 0 survivors (0K)
 Metaspace       used 41007K, committed 41600K, reserved 1114112K
  class space    used 5243K, committed 5504K, reserved 1048576K
}
Event: 5249.532 GC heap after
{Heap after GC invocations=504 (full 494):
 garbage-first heap   total 75776K, used 25216K [0x00000000c0000000, 0x0000000100000000)
  region size 1024K, 0 young (0K), 0 survivors (0K)
 Metaspace       used 41007K, committed 41600K, reserved 1114112K
  class space    used 5243K, committed 5504K, reserved 1048576K
}
Event: 5259.750 GC heap before
{Heap before GC invocations=504 (full 494):
 garbage-first heap   total 75776K, used 25216K [0x00000000c0000000, 0x0000000100000000)
  region size 1024K, 1 young (1024K), 0 survivors (0K)
 Metaspace       used 41007K, committed 41600K, reserved 1114112K
  class space    used 5243K, committed 5504K, reserved 1048576K
}
Event: 5259.771 GC heap after
{Heap after GC invocations=505 (full 495):
 garbage-first heap   total 75776K, used 25216K [0x00000000c0000000, 0x0000000100000000)
  region size 1024K, 0 young (0K), 0 survivors (0K)
 Metaspace       used 41007K, committed 41600K, reserved 1114112K
  class space    used 5243K, committed 5504K, reserved 1048576K
}
Event: 5269.951 GC heap before
{Heap before GC invocations=505 (full 495):
 garbage-first heap   total 75776K, used 25216K [0x00000000c0000000, 0x0000000100000000)
  region size 1024K, 1 young (1024K), 0 survivors (0K)
 Metaspace       used 41007K, committed 41600K, reserved 1114112K
  class space    used 5243K, committed 5504K, reserved 1048576K
}
Event: 5269.980 GC heap after
{Heap after GC invocations=506 (full 496):
 garbage-first heap   total 75776K, used 25216K [0x00000000c0000000, 0x0000000100000000)
  region size 1024K, 0 young (0K), 0 survivors (0K)
 Metaspace       used 41007K, committed 41600K, reserved 1114112K
  class space    used 5243K, committed 5504K, reserved 1048576K
}
Event: 5280.147 GC heap before
{Heap before GC invocations=506 (full 496):
 garbage-first heap   total 75776K, used 25216K [0x00000000c0000000, 0x0000000100000000)
  region size 1024K, 1 young (1024K), 0 survivors (0K)
 Metaspace       used 41007K, committed 41600K, reserved 1114112K
  class space    used 5243K, committed 5504K, reserved 1048576K
}
Event: 5280.175 GC heap after
{Heap after GC invocations=507 (full 497):
 garbage-first heap   total 75776K, used 25216K [0x00000000c0000000, 0x0000000100000000)
  region size 1024K, 0 young (0K), 0 survivors (0K)
 Metaspace       used 41007K, committed 41600K, reserved 1114112K
  class space    used 5243K, committed 5504K, reserved 1048576K
}
Event: 5290.400 GC heap before
{Heap before GC invocations=507 (full 497):
 garbage-first heap   total 75776K, used 25216K [0x00000000c0000000, 0x0000000100000000)
  region size 1024K, 1 young (1024K), 0 survivors (0K)
 Metaspace       used 41007K, committed 41600K, reserved 1114112K
  class space    used 5243K, committed 5504K, reserved 1048576K
}
Event: 5290.432 GC heap after
{Heap after GC invocations=508 (full 498):
 garbage-first heap   total 75776K, used 25216K [0x00000000c0000000, 0x0000000100000000)
  region size 1024K, 0 young (0K), 0 survivors (0K)
 Metaspace       used 41007K, committed 41600K, reserved 1114112K
  class space    used 5243K, committed 5504K, reserved 1048576K
}
Event: 5301.854 GC heap before
{Heap before GC invocations=508 (full 498):
 garbage-first heap   total 75776K, used 25216K [0x00000000c0000000, 0x0000000100000000)
  region size 1024K, 1 young (1024K), 0 survivors (0K)
 Metaspace       used 41007K, committed 41600K, reserved 1114112K
  class space    used 5243K, committed 5504K, reserved 1048576K
}
Event: 5301.892 GC heap after
{Heap after GC invocations=509 (full 499):
 garbage-first heap   total 75776K, used 25216K [0x00000000c0000000, 0x0000000100000000)
  region size 1024K, 0 young (0K), 0 survivors (0K)
 Metaspace       used 41007K, committed 41600K, reserved 1114112K
  class space    used 5243K, committed 5504K, reserved 1048576K
}
Event: 5312.077 GC heap before
{Heap before GC invocations=509 (full 499):
 garbage-first heap   total 75776K, used 25216K [0x00000000c0000000, 0x0000000100000000)
  region size 1024K, 1 young (1024K), 0 survivors (0K)
 Metaspace       used 41007K, committed 41600K, reserved 1114112K
  class space    used 5243K, committed 5504K, reserved 1048576K
}
Event: 5312.099 GC heap after
{Heap after GC invocations=510 (full 500):
 garbage-first heap   total 75776K, used 25216K [0x00000000c0000000, 0x0000000100000000)
  region size 1024K, 0 young (0K), 0 survivors (0K)
 Metaspace       used 41007K, committed 41600K, reserved 1114112K
  class space    used 5243K, committed 5504K, reserved 1048576K
}
Event: 5322.788 GC heap before
{Heap before GC invocations=510 (full 500):
 garbage-first heap   total 75776K, used 25216K [0x00000000c0000000, 0x0000000100000000)
  region size 1024K, 1 young (1024K), 0 survivors (0K)
 Metaspace       used 41007K, committed 41600K, reserved 1114112K
  class space    used 5243K, committed 5504K, reserved 1048576K
}
Event: 5322.823 GC heap after
{Heap after GC invocations=511 (full 501):
 garbage-first heap   total 75776K, used 25216K [0x00000000c0000000, 0x0000000100000000)
  region size 1024K, 0 young (0K), 0 survivors (0K)
 Metaspace       used 41007K, committed 41600K, reserved 1114112K
  class space    used 5243K, committed 5504K, reserved 1048576K
}

Dll operation events (8 events):
Event: 0.032 Loaded shared library c:\Users\hp\.vscode\extensions\redhat.java-1.33.0-win32-x64\jre\17.0.11-win32-x86_64\bin\java.dll
Event: 1.512 Loaded shared library C:\Users\hp\.vscode\extensions\redhat.java-1.33.0-win32-x64\jre\17.0.11-win32-x86_64\bin\net.dll
Event: 1.516 Loaded shared library C:\Users\hp\.vscode\extensions\redhat.java-1.33.0-win32-x64\jre\17.0.11-win32-x86_64\bin\nio.dll
Event: 1.533 Loaded shared library C:\Users\hp\.vscode\extensions\redhat.java-1.33.0-win32-x64\jre\17.0.11-win32-x86_64\bin\zip.dll
Event: 2.400 Loaded shared library C:\Users\hp\.vscode\extensions\redhat.java-1.33.0-win32-x64\jre\17.0.11-win32-x86_64\bin\jimage.dll
Event: 7.643 Loaded shared library c:\Users\hp\.vscode\extensions\redhat.java-1.33.0-win32-x64\jre\17.0.11-win32-x86_64\bin\verify.dll
Event: 13.545 Loaded shared library C:\Users\hp\.vscode\extensions\redhat.java-1.33.0-win32-x64\jre\17.0.11-win32-x86_64\bin\management.dll
Event: 13.549 Loaded shared library C:\Users\hp\.vscode\extensions\redhat.java-1.33.0-win32-x64\jre\17.0.11-win32-x86_64\bin\management_ext.dll

Deoptimization events (4 events):
Event: 1341.160 Thread 0x000001d773a05810 DEOPT PACKING pc=0x000001d766a55b54 sp=0x000000102d8fef00
Event: 1341.163 Thread 0x000001d773a05810 DEOPT UNPACKING pc=0x000001d766497143 sp=0x000000102d8fe3a8 mode 0
Event: 1341.253 Thread 0x000001d773a05810 DEOPT PACKING pc=0x000001d76697d001 sp=0x000000102d8fdd20
Event: 1341.254 Thread 0x000001d773a05810 DEOPT UNPACKING pc=0x000001d766497143 sp=0x000000102d8fd1b0 mode 3

Classes unloaded (20 events):
Event: 76.687 Thread 0x000001d76dd0ae30 Unloading class 0x00000001003b1400 'java/lang/invoke/LambdaForm$MH+0x00000001003b1400'
Event: 76.687 Thread 0x000001d76dd0ae30 Unloading class 0x00000001003b1000 'java/lang/invoke/LambdaForm$MH+0x00000001003b1000'
Event: 76.687 Thread 0x000001d76dd0ae30 Unloading class 0x0000000100096000 'java/lang/invoke/LambdaForm$MH+0x0000000100096000'
Event: 76.687 Thread 0x000001d76dd0ae30 Unloading class 0x0000000100095c00 'java/lang/invoke/LambdaForm$MH+0x0000000100095c00'
Event: 76.687 Thread 0x000001d76dd0ae30 Unloading class 0x0000000100095800 'java/lang/invoke/LambdaForm$MH+0x0000000100095800'
Event: 76.687 Thread 0x000001d76dd0ae30 Unloading class 0x0000000100095400 'java/lang/invoke/LambdaForm$MH+0x0000000100095400'
Event: 76.687 Thread 0x000001d76dd0ae30 Unloading class 0x0000000100095000 'java/lang/invoke/LambdaForm$MH+0x0000000100095000'
Event: 76.687 Thread 0x000001d76dd0ae30 Unloading class 0x0000000100094c00 'java/lang/invoke/LambdaForm$MH+0x0000000100094c00'
Event: 76.687 Thread 0x000001d76dd0ae30 Unloading class 0x0000000100094800 'java/lang/invoke/LambdaForm$MH+0x0000000100094800'
Event: 76.687 Thread 0x000001d76dd0ae30 Unloading class 0x0000000100094400 'java/lang/invoke/LambdaForm$MH+0x0000000100094400'
Event: 76.687 Thread 0x000001d76dd0ae30 Unloading class 0x000000010008e800 'java/lang/invoke/LambdaForm$MH+0x000000010008e800'
Event: 76.687 Thread 0x000001d76dd0ae30 Unloading class 0x000000010008e400 'java/lang/invoke/LambdaForm$MH+0x000000010008e400'
Event: 76.687 Thread 0x000001d76dd0ae30 Unloading class 0x000000010008e000 'java/lang/invoke/LambdaForm$MH+0x000000010008e000'
Event: 76.687 Thread 0x000001d76dd0ae30 Unloading class 0x000000010008dc00 'java/lang/invoke/LambdaForm$MH+0x000000010008dc00'
Event: 76.687 Thread 0x000001d76dd0ae30 Unloading class 0x000000010008d800 'java/lang/invoke/LambdaForm$MH+0x000000010008d800'
Event: 76.687 Thread 0x000001d76dd0ae30 Unloading class 0x000000010008d400 'java/lang/invoke/LambdaForm$MH+0x000000010008d400'
Event: 76.687 Thread 0x000001d76dd0ae30 Unloading class 0x000000010008cc00 'java/lang/invoke/LambdaForm$MH+0x000000010008cc00'
Event: 76.687 Thread 0x000001d76dd0ae30 Unloading class 0x000000010008c800 'java/lang/invoke/LambdaForm$MH+0x000000010008c800'
Event: 76.687 Thread 0x000001d76dd0ae30 Unloading class 0x000000010008c000 'java/lang/invoke/LambdaForm$MH+0x000000010008c000'
Event: 76.687 Thread 0x000001d76dd0ae30 Unloading class 0x000000010008bc00 'java/lang/invoke/LambdaForm$MH+0x000000010008bc00'

Classes redefined (0 events):
No events

Internal exceptions (20 events):
Event: 10.554 Thread 0x000001d7637aae80 Exception <a 'java/lang/NoSuchMethodError'{0x00000000c3e2c038}: 'java.lang.Object java.lang.invoke.Invokers$Holder.invoke_MT(java.lang.Object, java.lang.Object, java.lang.Object, java.lang.Object, java.lang.Object, java.lang.Object, java.lang.Object, java.lang.Object, java.lang.Object, java.lang.Object)'> (0x00000000c3e2c038) 
thrown [s\src\hotspot\share\interpreter\linkResolver.cpp, line 759]
Event: 10.567 Thread 0x000001d7637aae80 Exception <a 'java/lang/NoSuchMethodError'{0x00000000c3e741c8}: 'java.lang.Object java.lang.invoke.DirectMethodHandle$Holder.invokeSpecial(java.lang.Object, java.lang.Object, int, java.lang.Object, java.lang.Object)'> (0x00000000c3e741c8) 
thrown [s\src\hotspot\share\interpreter\linkResolver.cpp, line 759]
Event: 10.567 Thread 0x000001d7637aae80 Exception <a 'java/lang/NoSuchMethodError'{0x00000000c3e77e70}: 'java.lang.Object java.lang.invoke.DelegatingMethodHandle$Holder.delegate(java.lang.Object, int, java.lang.Object, java.lang.Object)'> (0x00000000c3e77e70) 
thrown [s\src\hotspot\share\interpreter\linkResolver.cpp, line 759]
Event: 10.569 Thread 0x000001d7637aae80 Exception <a 'java/lang/NoSuchMethodError'{0x00000000c3e88cf8}: 'int java.lang.invoke.Invokers$Holder.linkToTargetMethod(java.lang.Object, java.lang.Object, java.lang.Object)'> (0x00000000c3e88cf8) 
thrown [s\src\hotspot\share\interpreter\linkResolver.cpp, line 759]
Event: 10.883 Thread 0x000001d7637aae80 Exception <a 'java/lang/NoSuchMethodError'{0x00000000c392dea8}: 'java.lang.Object java.lang.invoke.DirectMethodHandle$Holder.invokeStaticInit(java.lang.Object, int, int, int, int)'> (0x00000000c392dea8) 
thrown [s\src\hotspot\share\interpreter\linkResolver.cpp, line 759]
Event: 11.061 Thread 0x000001d7637aae80 Exception <a 'java/lang/NoSuchMethodError'{0x00000000c396df10}: 'java.lang.Object java.lang.invoke.DirectMethodHandle$Holder.invokeStaticInit(java.lang.Object, java.lang.Object, int, int, int, int)'> (0x00000000c396df10) 
thrown [s\src\hotspot\share\interpreter\linkResolver.cpp, line 759]
Event: 11.582 Thread 0x000001d7637aae80 Exception <a 'java/lang/NoSuchMethodError'{0x00000000c31e8178}: 'void java.lang.invoke.DirectMethodHandle$Holder.invokeSpecialIFC(java.lang.Object, java.lang.Object, java.lang.Object)'> (0x00000000c31e8178) 
thrown [s\src\hotspot\share\interpreter\linkResolver.cpp, line 759]
Event: 12.375 Thread 0x000001d7637aae80 Exception <a 'java/lang/NoSuchMethodError'{0x00000000c3301c70}: 'int java.lang.invoke.DirectMethodHandle$Holder.invokeStaticInit(java.lang.Object, java.lang.Object, int, java.lang.Object)'> (0x00000000c3301c70) 
thrown [s\src\hotspot\share\interpreter\linkResolver.cpp, line 759]
Event: 12.505 Thread 0x000001d7637aae80 Exception <a 'java/lang/NoSuchMethodError'{0x00000000c7ddcdd0}: 'void java.lang.invoke.DirectMethodHandle$Holder.invokeSpecial(java.lang.Object, java.lang.Object, java.lang.Object, java.lang.Object, java.lang.Object, java.lang.Object, java.lang.Object)'> (0x00000000c7ddcdd0) 
thrown [s\src\hotspot\share\interpreter\linkResolver.cpp, line 759]
Event: 13.068 Thread 0x000001d7637aae80 Exception <a 'java/lang/NoSuchMethodError'{0x00000000c432f7b0}: 'java.lang.Object java.lang.invoke.DirectMethodHandle$Holder.invokeInterface(java.lang.Object, java.lang.Object, int)'> (0x00000000c432f7b0) 
thrown [s\src\hotspot\share\interpreter\linkResolver.cpp, line 759]
Event: 13.072 Thread 0x000001d7637aae80 Exception <a 'java/lang/IncompatibleClassChangeError'{0x00000000c43464c8}: Found class java.lang.Object, but interface was expected> (0x00000000c43464c8) 
thrown [s\src\hotspot\share\interpreter\linkResolver.cpp, line 826]
Event: 13.510 Thread 0x000001d7637aae80 Exception <a 'java/lang/NoSuchMethodError'{0x00000000c3d34b80}: 'java.lang.Object java.lang.invoke.DirectMethodHandle$Holder.newInvokeSpecial(java.lang.Object, java.lang.Object, int, java.lang.Object, java.lang.Object)'> (0x00000000c3d34b80) 
thrown [s\src\hotspot\share\interpreter\linkResolver.cpp, line 759]
Event: 13.521 Thread 0x000001d7637aae80 Exception <a 'java/lang/NoSuchMethodError'{0x00000000c3d4bb48}: 'java.lang.Object java.lang.invoke.DirectMethodHandle$Holder.newInvokeSpecial(java.lang.Object, java.lang.Object, java.lang.Object, int)'> (0x00000000c3d4bb48) 
thrown [s\src\hotspot\share\interpreter\linkResolver.cpp, line 759]
Event: 13.521 Thread 0x000001d7637aae80 Exception <a 'java/lang/NoSuchMethodError'{0x00000000c3d4fe30}: 'java.lang.Object java.lang.invoke.DirectMethodHandle$Holder.invokeSpecial(java.lang.Object, java.lang.Object, java.lang.Object, java.lang.Object, int)'> (0x00000000c3d4fe30) 
thrown [s\src\hotspot\share\interpreter\linkResolver.cpp, line 759]
Event: 13.522 Thread 0x000001d7637aae80 Exception <a 'java/lang/NoSuchMethodError'{0x00000000c3d539f8}: 'java.lang.Object java.lang.invoke.Invokers$Holder.linkToTargetMethod(java.lang.Object, java.lang.Object, int, java.lang.Object)'> (0x00000000c3d539f8) 
thrown [s\src\hotspot\share\interpreter\linkResolver.cpp, line 759]
Event: 15.031 Thread 0x000001d773a05810 Exception <a 'java/lang/NoSuchMethodError'{0x00000000c33928b8}: 'java.lang.Object java.lang.invoke.DirectMethodHandle$Holder.invokeStatic(java.lang.Object, java.lang.Object, java.lang.Object, int, java.lang.Object, java.lang.Object)'> (0x00000000c33928b8) 
thrown [s\src\hotspot\share\interpreter\linkResolver.cpp, line 759]
Event: 16.411 Thread 0x000001d7720e3d20 Exception <a 'java/lang/NoSuchMethodError'{0x00000000c50d1220}: 'int java.lang.invoke.DirectMethodHandle$Holder.invokeStatic(java.lang.Object)'> (0x00000000c50d1220) 
thrown [s\src\hotspot\share\interpreter\linkResolver.cpp, line 759]
Event: 16.412 Thread 0x000001d7720e3d20 Exception <a 'java/lang/NoSuchMethodError'{0x00000000c50d4620}: 'int java.lang.invoke.DirectMethodHandle$Holder.invokeStaticInit(java.lang.Object)'> (0x00000000c50d4620) 
thrown [s\src\hotspot\share\interpreter\linkResolver.cpp, line 759]
Event: 54.181 Thread 0x000001d7729dd2d0 Exception <a 'java/lang/NoSuchMethodError'{0x00000000c4f347c8}: 'void java.lang.invoke.DirectMethodHandle$Holder.invokeStatic(java.lang.Object, long)'> (0x00000000c4f347c8) 
thrown [s\src\hotspot\share\interpreter\linkResolver.cpp, line 759]
Event: 54.182 Thread 0x000001d7729dd2d0 Exception <a 'java/lang/NoSuchMethodError'{0x00000000c4f39b70}: 'java.lang.Object java.lang.invoke.DirectMethodHandle$Holder.newInvokeSpecial(java.lang.Object, long)'> (0x00000000c4f39b70) 
thrown [s\src\hotspot\share\interpreter\linkResolver.cpp, line 759]

VM Operations (20 events):
Event: 5229.030 Executing VM operation: G1CollectFull done
Event: 5239.255 Executing VM operation: G1CollectFull
Event: 5239.288 Executing VM operation: G1CollectFull done
Event: 5249.509 Executing VM operation: G1CollectFull
Event: 5249.532 Executing VM operation: G1CollectFull done
Event: 5259.750 Executing VM operation: G1CollectFull
Event: 5259.771 Executing VM operation: G1CollectFull done
Event: 5269.951 Executing VM operation: G1CollectFull
Event: 5269.980 Executing VM operation: G1CollectFull done
Event: 5280.147 Executing VM operation: G1CollectFull
Event: 5280.175 Executing VM operation: G1CollectFull done
Event: 5290.400 Executing VM operation: G1CollectFull
Event: 5290.432 Executing VM operation: G1CollectFull done
Event: 5301.854 Executing VM operation: G1CollectFull
Event: 5301.892 Executing VM operation: G1CollectFull done
Event: 5312.077 Executing VM operation: G1CollectFull
Event: 5312.099 Executing VM operation: G1CollectFull done
Event: 5322.788 Executing VM operation: G1CollectFull
Event: 5322.824 Executing VM operation: G1CollectFull done
Event: 5333.108 Executing VM operation: G1CollectFull

Events (20 events):
Event: 54.184 loading class jdk/internal/event/ProcessStartEvent done
Event: 55.761 loading class java/io/FileOutputStream$1
Event: 55.761 loading class java/io/FileOutputStream$1 done
Event: 75.915 Thread 0x000001d7720e6ab0 Thread exited: 0x000001d7720e6ab0
Event: 75.915 Thread 0x000001d7720e6090 Thread exited: 0x000001d7720e6090
Event: 75.915 Thread 0x000001d7720e5160 Thread exited: 0x000001d7720e5160
Event: 75.916 Thread 0x000001d7720e5b80 Thread exited: 0x000001d7720e5b80
Event: 77.737 Thread 0x000001d7720e5670 Thread exited: 0x000001d7720e5670
Event: 1341.243 loading class java/util/concurrent/locks/AbstractQueuedSynchronizer$ExclusiveNode
Event: 1341.252 loading class java/util/concurrent/locks/AbstractQueuedSynchronizer$ExclusiveNode done
Event: 1341.384 Thread 0x000001d7720e5160 Thread added: 0x000001d7720e5160
Event: 1341.390 Thread 0x000001d7720e6ab0 Thread added: 0x000001d7720e6ab0
Event: 1341.390 Thread 0x000001d7720e5670 Thread added: 0x000001d7720e5670
Event: 1341.395 Thread 0x000001d7720e5b80 Thread added: 0x000001d7720e5b80
Event: 1347.378 loading class java/util/logging/LogRecord
Event: 1347.411 loading class java/util/logging/LogRecord done
Event: 1401.440 Thread 0x000001d7720e5160 Thread exited: 0x000001d7720e5160
Event: 1407.421 Thread 0x000001d7720e5670 Thread exited: 0x000001d7720e5670
Event: 1409.318 Thread 0x000001d7720e6ab0 Thread exited: 0x000001d7720e6ab0
Event: 1426.400 Thread 0x000001d7720e5b80 Thread exited: 0x000001d7720e5b80


Dynamic libraries:
0x00007ff76b260000 - 0x00007ff76b26e000 	c:\Users\hp\.vscode\extensions\redhat.java-1.33.0-win32-x64\jre\17.0.11-win32-x86_64\bin\java.exe
0x00007ffba9f10000 - 0x00007ffbaa108000 	C:\WINDOWS\SYSTEM32\ntdll.dll
0x00007ffba9930000 - 0x00007ffba99f1000 	C:\WINDOWS\System32\KERNEL32.DLL
0x00007ffba77b0000 - 0x00007ffba7aa6000 	C:\WINDOWS\System32\KERNELBASE.dll
0x00007ffba7610000 - 0x00007ffba7710000 	C:\WINDOWS\System32\ucrtbase.dll
0x00007ffb4a730000 - 0x00007ffb4a747000 	c:\Users\hp\.vscode\extensions\redhat.java-1.33.0-win32-x64\jre\17.0.11-win32-x86_64\bin\jli.dll
0x00007ffba91e0000 - 0x00007ffba937f000 	C:\WINDOWS\System32\USER32.dll
0x00007ffba7ca0000 - 0x00007ffba7cc2000 	C:\WINDOWS\System32\win32u.dll
0x00007ffba8470000 - 0x00007ffba849b000 	C:\WINDOWS\System32\GDI32.dll
0x00007ffba7db0000 - 0x00007ffba7ec7000 	C:\WINDOWS\System32\gdi32full.dll
0x00007ffba7710000 - 0x00007ffba77ad000 	C:\WINDOWS\System32\msvcp_win.dll
0x00007ffb4a710000 - 0x00007ffb4a72b000 	c:\Users\hp\.vscode\extensions\redhat.java-1.33.0-win32-x64\jre\17.0.11-win32-x86_64\bin\VCRUNTIME140.dll
0x00007ffb895e0000 - 0x00007ffb8987a000 	C:\WINDOWS\WinSxS\amd64_microsoft.windows.common-controls_6595b64144ccf1df_6.0.19041.4355_none_60b8b9eb71f62e16\COMCTL32.dll
0x00007ffba8050000 - 0x00007ffba80ee000 	C:\WINDOWS\System32\msvcrt.dll
0x00007ffba82d0000 - 0x00007ffba82ff000 	C:\WINDOWS\System32\IMM32.DLL
0x00007ffba55f0000 - 0x00007ffba55fc000 	c:\Users\hp\.vscode\extensions\redhat.java-1.33.0-win32-x64\jre\17.0.11-win32-x86_64\bin\vcruntime140_1.dll
0x00007ffb4a8e0000 - 0x00007ffb4a96d000 	c:\Users\hp\.vscode\extensions\redhat.java-1.33.0-win32-x64\jre\17.0.11-win32-x86_64\bin\msvcp140.dll
0x00007ffb49aa0000 - 0x00007ffb4a702000 	c:\Users\hp\.vscode\extensions\redhat.java-1.33.0-win32-x64\jre\17.0.11-win32-x86_64\bin\server\jvm.dll
0x00007ffba9670000 - 0x00007ffba9720000 	C:\WINDOWS\System32\ADVAPI32.dll
0x00007ffba83d0000 - 0x00007ffba8470000 	C:\WINDOWS\System32\sechost.dll
0x00007ffba84a0000 - 0x00007ffba85c3000 	C:\WINDOWS\System32\RPCRT4.dll
0x00007ffba7d80000 - 0x00007ffba7da7000 	C:\WINDOWS\System32\bcrypt.dll
0x00007ffba7410000 - 0x00007ffba745b000 	C:\WINDOWS\SYSTEM32\POWRPROF.dll
0x00007ffb8ddf0000 - 0x00007ffb8ddf9000 	C:\WINDOWS\SYSTEM32\WSOCK32.dll
0x00007ffba8200000 - 0x00007ffba826b000 	C:\WINDOWS\System32\WS2_32.dll
0x00007ffb89f30000 - 0x00007ffb89f57000 	C:\WINDOWS\SYSTEM32\WINMM.dll
0x00007ffb9d7f0000 - 0x00007ffb9d7fa000 	C:\WINDOWS\SYSTEM32\VERSION.dll
0x00007ffba73f0000 - 0x00007ffba7402000 	C:\WINDOWS\SYSTEM32\UMPDC.dll
0x00007ffba5dd0000 - 0x00007ffba5de2000 	C:\WINDOWS\SYSTEM32\kernel.appcore.dll
0x00007ffb96f80000 - 0x00007ffb96f8a000 	c:\Users\hp\.vscode\extensions\redhat.java-1.33.0-win32-x64\jre\17.0.11-win32-x86_64\bin\jimage.dll
0x00007ffb9d510000 - 0x00007ffb9d6f4000 	C:\WINDOWS\SYSTEM32\DBGHELP.DLL
0x00007ffb76270000 - 0x00007ffb762a4000 	C:\WINDOWS\SYSTEM32\dbgcore.DLL
0x00007ffba7ab0000 - 0x00007ffba7b32000 	C:\WINDOWS\System32\bcryptPrimitives.dll
0x00007ffb499c0000 - 0x00007ffb499e5000 	c:\Users\hp\.vscode\extensions\redhat.java-1.33.0-win32-x64\jre\17.0.11-win32-x86_64\bin\java.dll
0x00007ffb97710000 - 0x00007ffb97728000 	c:\Users\hp\.vscode\extensions\redhat.java-1.33.0-win32-x64\jre\17.0.11-win32-x86_64\bin\zip.dll
0x00007ffba8a60000 - 0x00007ffba91cc000 	C:\WINDOWS\System32\SHELL32.dll
0x00007ffba5620000 - 0x00007ffba5dbe000 	C:\WINDOWS\SYSTEM32\windows.storage.dll
0x00007ffba8700000 - 0x00007ffba8a53000 	C:\WINDOWS\System32\combase.dll
0x00007ffba6f10000 - 0x00007ffba6f3e000 	C:\WINDOWS\SYSTEM32\Wldp.dll
0x00007ffba8300000 - 0x00007ffba83cd000 	C:\WINDOWS\System32\OLEAUT32.dll
0x00007ffba9880000 - 0x00007ffba992d000 	C:\WINDOWS\System32\SHCORE.dll
0x00007ffba9610000 - 0x00007ffba9665000 	C:\WINDOWS\System32\shlwapi.dll
0x00007ffba74f0000 - 0x00007ffba7514000 	C:\WINDOWS\SYSTEM32\profapi.dll
0x00007ffb4a8c0000 - 0x00007ffb4a8d9000 	C:\Users\hp\.vscode\extensions\redhat.java-1.33.0-win32-x64\jre\17.0.11-win32-x86_64\bin\net.dll
0x00007ffba44c0000 - 0x00007ffba45ca000 	C:\WINDOWS\SYSTEM32\WINHTTP.dll
0x00007ffba6c70000 - 0x00007ffba6cda000 	C:\WINDOWS\system32\mswsock.dll
0x00007ffb4a8a0000 - 0x00007ffb4a8b6000 	C:\Users\hp\.vscode\extensions\redhat.java-1.33.0-win32-x64\jre\17.0.11-win32-x86_64\bin\nio.dll
0x00007ffb97700000 - 0x00007ffb97710000 	c:\Users\hp\.vscode\extensions\redhat.java-1.33.0-win32-x64\jre\17.0.11-win32-x86_64\bin\verify.dll
0x00007ffba6e60000 - 0x00007ffba6e78000 	C:\WINDOWS\SYSTEM32\CRYPTSP.dll
0x00007ffba6590000 - 0x00007ffba65c4000 	C:\WINDOWS\system32\rsaenh.dll
0x00007ffba7460000 - 0x00007ffba748e000 	C:\WINDOWS\SYSTEM32\USERENV.dll
0x00007ffba6e80000 - 0x00007ffba6e8c000 	C:\WINDOWS\SYSTEM32\CRYPTBASE.dll
0x00007ffba6950000 - 0x00007ffba698b000 	C:\WINDOWS\SYSTEM32\IPHLPAPI.DLL
0x00007ffba85d0000 - 0x00007ffba85d8000 	C:\WINDOWS\System32\NSI.dll
0x00007ffb9bb10000 - 0x00007ffb9bb27000 	C:\WINDOWS\SYSTEM32\dhcpcsvc6.DLL
0x00007ffb9c5d0000 - 0x00007ffb9c5ed000 	C:\WINDOWS\SYSTEM32\dhcpcsvc.DLL
0x00007ffba6990000 - 0x00007ffba6a5a000 	C:\WINDOWS\SYSTEM32\DNSAPI.dll
0x00007ffba55e0000 - 0x00007ffba55e9000 	C:\Users\hp\.vscode\extensions\redhat.java-1.33.0-win32-x64\jre\17.0.11-win32-x86_64\bin\management.dll
0x00007ffb9fc20000 - 0x00007ffb9fc2b000 	C:\Users\hp\.vscode\extensions\redhat.java-1.33.0-win32-x64\jre\17.0.11-win32-x86_64\bin\management_ext.dll
0x00007ffba9870000 - 0x00007ffba9878000 	C:\WINDOWS\System32\PSAPI.DLL

dbghelp: loaded successfully - version: 4.0.5 - missing functions: none
symbol engine: initialized successfully - sym options: 0x614 - pdb path: .;c:\Users\hp\.vscode\extensions\redhat.java-1.33.0-win32-x64\jre\17.0.11-win32-x86_64\bin;C:\WINDOWS\SYSTEM32;C:\WINDOWS\WinSxS\amd64_microsoft.windows.common-controls_6595b64144ccf1df_6.0.19041.4355_none_60b8b9eb71f62e16;c:\Users\hp\.vscode\extensions\redhat.java-1.33.0-win32-x64\jre\17.0.11-win32-x86_64\bin\server

VM Arguments:
jvm_args: -Xmx1024m -Dsts.lsp.client=vscode -Dsts.log.file=/dev/null -XX:TieredStopAtLevel=1 -Xlog:jni+resolve=off -Dspring.config.location=file:c:\Users\hp\.vscode\extensions\vmware.vscode-spring-boot-1.56.0\language-server\BOOT-INF\classes\application.properties 
java_command: org.springframework.ide.vscode.boot.app.BootLanguageServerBootApp
java_class_path (initial): c:\Users\hp\.vscode\extensions\vmware.vscode-spring-boot-1.56.0\language-server\BOOT-INF\classes;c:\Users\hp\.vscode\extensions\vmware.vscode-spring-boot-1.56.0\language-server\BOOT-INF\lib\annotations-24.1.0.jar;c:\Users\hp\.vscode\extensions\vmware.vscode-spring-boot-1.56.0\language-server\BOOT-INF\lib\antlr4-runtime-4.13.1.jar;c:\Users\hp\.vscode\extensions\vmware.vscode-spring-boot-1.56.0\language-server\BOOT-INF\lib\asm-9.7.jar;c:\Users\hp\.vscode\extensions\vmware.vscode-spring-boot-1.56.0\language-server\BOOT-INF\lib\asm-analysis-9.7.jar;c:\Users\hp\.vscode\extensions\vmware.vscode-spring-boot-1.56.0\language-server\BOOT-INF\lib\asm-tree-9.7.jar;c:\Users\hp\.vscode\extensions\vmware.vscode-spring-boot-1.56.0\language-server\BOOT-INF\lib\asm-util-9.7.jar;c:\Users\hp\.vscode\extensions\vmware.vscode-spring-boot-1.56.0\language-server\BOOT-INF\lib\caffeine-3.1.8.jar;c:\Users\hp\.vscode\extensions\vmware.vscode-spring-boot-1.56.0\language-server\BOOT-INF\lib\checker-qual-3.12.0.jar;c:\Users\hp\.vscode\extensions\vmware.vscode-spring-boot-1.56.0\language-server\BOOT-INF\lib\classgraph-4.8.149.jar;c:\Users\hp\.vscode\extensions\vmware.vscode-spring-boot-1.56.0\language-server\BOOT-INF\lib\commons-codec-1.16.1.jar;c:\Users\hp\.vscode\extensions\vmware.vscode-spring-boot-1.56.0\language-server\BOOT-INF\lib\commons-compress-1.26.2.jar;c:\Users\hp\.vscode\extensions\vmware.vscode-spring-boot-1.56.0\language-server\BOOT-INF\lib\commons-io-2.16.1.jar;c:\Users\hp\.vscode\extensions\vmware.vscode-spring-boot-1.56.0\language-server\BOOT-INF\lib\commons-java-1.56.0-SNAPSHOT.jar;c:\Users\hp\.vscode\extensions\vmware.vscode-spring-boot-1.56.0\language-server\BOOT-INF\lib\commons-lang3-3.14.0.jar;c:\Users\hp\.vscode\extensions\vmware.vscode-spring-boot-1.56.0\language-server\BOOT-INF\lib\commons-language-server-1.56.0-SNAPSHOT.jar;c:\Users\hp\.vscode\extensions\vmware.vscode-spring-boot-1.56.0\language-server\BOOT-INF\lib\commons-lsp-extensions-1.56
Launcher Type: SUN_STANDARD

[Global flags]
     intx CICompilerCount                          = 3                                         {product} {ergonomic}
     uint ConcGCThreads                            = 1                                         {product} {ergonomic}
     uint G1ConcRefinementThreads                  = 4                                         {product} {ergonomic}
   size_t G1HeapRegionSize                         = 1048576                                   {product} {ergonomic}
    uintx GCDrainStackTargetSize                   = 64                                        {product} {ergonomic}
   size_t InitialHeapSize                          = 132120576                                 {product} {ergonomic}
   size_t MarkStackSize                            = 4194304                                   {product} {ergonomic}
   size_t MaxHeapSize                              = 1073741824                                {product} {command line}
   size_t MaxNewSize                               = 643825664                                 {product} {ergonomic}
   size_t MinHeapDeltaBytes                        = 1048576                                   {product} {ergonomic}
   size_t MinHeapSize                              = 8388608                                   {product} {ergonomic}
    uintx NonProfiledCodeHeapSize                  = 0                                      {pd product} {ergonomic}
     bool ProfileInterpreter                       = false                                  {pd product} {command line}
    uintx ProfiledCodeHeapSize                     = 0                                      {pd product} {ergonomic}
   size_t SoftMaxHeapSize                          = 1073741824                             {manageable} {ergonomic}
     intx TieredStopAtLevel                        = 1                                         {product} {command line}
     bool UseCompressedClassPointers               = true                           {product lp64_product} {ergonomic}
     bool UseCompressedOops                        = true                           {product lp64_product} {ergonomic}
     bool UseG1GC                                  = true                                      {product} {ergonomic}
     bool UseLargePagesIndividualAllocation        = false                                  {pd product} {ergonomic}

Logging:
Log output configuration:
 #0: stdout all=warning,jni+resolve=off uptime,level,tags
 #1: stderr all=off uptime,level,tags

Environment Variables:
JAVA_HOME=C:\Program Files\Java\jdk-19
PATH=C:\Program Files\Common Files\Oracle\Java\javapath;C:\Program Files (x86)\Common Files\Oracle\Java\javapath;C:\WINDOWS\system32;C:\WINDOWS;C:\WINDOWS\System32\Wbem;C:\WINDOWS\System32\WindowsPowerShell\v1.0\;C:\WINDOWS\System32\OpenSSH\;C:\Program Files\Microsoft SQL Server\150\Tools\Binn\;C:\Program Files (x86)\dotnet\;C:\Program Files\Microsoft SQL Server\Client SDK\ODBC\170\Tools\Binn\;C:\Program Files (x86)\Microsoft SQL Server\150\Tools\Binn\;C:\Program Files\Microsoft SQL Server\150\DTS\Binn\;C:\Program Files\nodejs\;C:\Program Files\Git\cmd;C:\Program Files\MongoDB\mongosh-2.1.1-win32-x64\mongosh-2.1.1-win32-x64\bin;C:\Program Files\MongoDB\Tools\100\bin;C:\Hdo\elasticsearch-8.11.3-windows-x86_64\elasticsearch-8.11.3\bin;C:\Hdo\kibana-8.11.3-windows-x86_64\kibana-8.11.3\bin;C:\Hdo\logstash-8.11.3-windows-x86_64\logstash-8.11.3\bin;C:\Users\hp\Downloads\apache-maven-3.9.5-bin\apache-maven-3.9.5\bin;C:\Users\hp\AppData\Local\Microsoft\WindowsApps;C:\Users\hp\AppData\Local\Programs\Microsoft VS Code\bin;C:\MAMP\bin\mysql\bin;C:\Program Files\Azure Data Studio\bin;C:\Users\hp\AppData\Roaming\npm;C:\Program Files\Java\jdk-19\bin;C:\Program Files\JetBrains\IntelliJ IDEA 2023.2.4\bin;;C:\flutter\flutter_windows_3.19.5-stable\flutter\bin;C:\Users\hp\Downloads\apache-maven-3.9.7-bin\apache-maven-3.9.7\bin;
USERNAME=hp
OS=Windows_NT
PROCESSOR_IDENTIFIER=Intel64 Family 6 Model 78 Stepping 3, GenuineIntel
TMP=C:\Users\hp\AppData\Local\Temp
TEMP=C:\Users\hp\AppData\Local\Temp



Periodic native trim disabled


---------------  S Y S T E M  ---------------

OS:
 Windows 10 , 64 bit Build 19041 (10.0.19041.4597)
OS uptime: 1 days 0:29 hours

CPU: total 4 (initial active 4) (2 cores per cpu, 2 threads per core) family 6 model 78 stepping 3 microcode 0xcc, cx8, cmov, fxsr, ht, mmx, 3dnowpref, sse, sse2, sse3, ssse3, sse4.1, sse4.2, popcnt, lzcnt, tsc, tscinvbit, avx, avx2, aes, erms, clmul, bmi1, bmi2, rtm, adx, fma, vzeroupper, clflush, clflushopt
Processor Information for all 4 processors :
  Max Mhz: 2496, Current Mhz: 2396, Mhz Limit: 2396

Memory: 4k page, system-wide physical 8039M (694M free)
TotalPageFile size 17431M (AvailPageFile size 307M)
current process WorkingSet (physical memory assigned to process): 47M, peak: 170M
current process commit charge ("private bytes"): 201M, peak: 222M

vm_info: OpenJDK 64-Bit Server VM (17.0.11+9) for windows-amd64 JRE (17.0.11+9), built on Apr 17 2024 06:07:48 by "admin" with MS VC++ 16.10 / 16.11 (VS2019)

END.
