#
# There is insufficient memory for the Java Runtime Environment to continue.
# Native memory allocation (malloc) failed to allocate 363216 bytes. Error detail: Chunk::new
# Possible reasons:
#   The system is out of physical RAM or swap space
#   This process is running with CompressedOops enabled, and the Java Heap may be blocking the growth of the native heap
# Possible solutions:
#   Reduce memory load on the system
#   Increase physical memory or swap space
#   Check if swap backing store is full
#   Decrease Java heap size (-Xmx/-Xms)
#   Decrease number of Java threads
#   Decrease Java thread stack sizes (-Xss)
#   Set larger code cache with -XX:ReservedCodeCacheSize=
#   JVM is running with Unscaled Compressed Oops mode in which the Java heap is
#     placed in the first 4GB address space. The Java Heap base address is the
#     maximum limit for the native heap growth. Please use -XX:HeapBaseMinAddress
#     to set the Java Heap base and to place the Java Heap above 4GB virtual address.
# This output file may be truncated or incomplete.
#
#  Out of Memory Error (arena.cpp:191), pid=15116, tid=12324
#
# JRE version: OpenJDK Runtime Environment Temurin-17.0.11+9 (17.0.11+9) (build 17.0.11+9)
# Java VM: OpenJDK 64-Bit Server VM Temurin-17.0.11+9 (17.0.11+9, mixed mode, tiered, compressed oops, compressed class ptrs, parallel gc, windows-amd64)
# No core dump will be written. Minidumps are not enabled by default on client versions of Windows
#

---------------  S U M M A R Y ------------

Command Line: --add-modules=ALL-SYSTEM --add-opens=java.base/java.util=ALL-UNNAMED --add-opens=java.base/java.lang=ALL-UNNAMED --add-opens=java.base/sun.nio.fs=ALL-UNNAMED -Declipse.application=org.eclipse.jdt.ls.core.id1 -Dosgi.bundles.defaultStartLevel=4 -Declipse.product=org.eclipse.jdt.ls.core.product -Djava.import.generatesMetadataFilesAtProjectRoot=false -DDetectVMInstallationsJob.disabled=true -Dfile.encoding=utf8 -XX:+UseParallelGC -XX:GCTimeRatio=4 -XX:AdaptiveSizePolicyWeight=90 -Dsun.zip.disableMemoryMapping=true -Xmx1G -Xms100m -Xlog:disable -javaagent:c:\Users\hp\.vscode\extensions\redhat.java-1.33.0-win32-x64\lombok\lombok-1.18.33.jar -XX:+HeapDumpOnOutOfMemoryError -XX:HeapDumpPath=c:\Users\hp\AppData\Roaming\Code\User\workspaceStorage\957d33e6aa10f20311ffc09783cdaabf\redhat.java -Daether.dependencyCollector.impl=bf c:\Users\hp\.vscode\extensions\redhat.java-1.33.0-win32-x64\server\plugins\org.eclipse.equinox.launcher_1.6.900.v20240613-2009.jar -configuration c:\Users\hp\AppData\Roaming\Code\User\globalStorage\redhat.java\1.33.0\config_win -data c:\Users\hp\AppData\Roaming\Code\User\workspaceStorage\957d33e6aa10f20311ffc09783cdaabf\redhat.java\jdt_ws --pipe=\\.\pipe\lsp-735306d3041ebe34b26bbbb710386567-sock

Host: Intel(R) Core(TM) i5-6300U CPU @ 2.40GHz, 4 cores, 7G,  Windows 10 , 64 bit Build 19041 (10.0.19041.4597)
Time: Thu Aug 15 13:39:16 2024 Paris, Madrid (heure duild 19041 (10.0.19041.4597) elapsed time: 26.954163 seconds (0d 0h 0m 26s)

---------------  T H R E A D  ---------------

Current thread (0x000002814b60f2c0):  JavaThread "C2 CompilerThread0" daemon [_thread_in_native, id=12324, stack(0x000000fb2f200000,0x000000fb2f300000)]


Current CompileTask:
C2:  26954 3966       4       java.lang.invoke.MethodType::makeImpl (109 bytes)

Stack: [0x000000fb2f200000,0x000000fb2f300000]
Native frames: (J=compiled Java code, j=interpreted, Vv=VM code, C=native code)
V  [jvm.dll+0x67d429]
V  [jvm.dll+0x834b7a]
V  [jvm.dll+0x83663e]
V  [jvm.dll+0x836ca3]
V  [jvm.dll+0x247dbf]
V  [jvm.dll+0xac534]
V  [jvm.dll+0xacb7c]
V  [jvm.dll+0x11f347]
V  [jvm.dll+0x60f335]
V  [jvm.dll+0x60d9da]
V  [jvm.dll+0x21a2e8]
V  [jvm.dll+0x2198b1]
V  [jvm.dll+0x1a534d]
V  [jvm.dll+0x2295cd]
V  [jvm.dll+0x22779c]
V  [jvm.dll+0x7e9d07]
V  [jvm.dll+0x7e410a]
V  [jvm.dll+0x67c315]
C  [ucrtbase.dll+0x21bb2]
C  [KERNEL32.DLL+0x17374]
C  [ntdll.dll+0x4cc91]


---------------  P R O C E S S  ---------------

Threads class SMR info:
_java_thread_list=0x0000028150ecdf40, length=23, elements={
0x0000028135859210, 0x000002814b5e0740, 0x000002814b5e3180, 0x000002814b609150,
0x000002814b609ee0, 0x000002814b60ac70, 0x000002814b60e6c0, 0x000002814b60f2c0,
0x00000281507f4000, 0x00000281507f90e0, 0x00000281508bb390, 0x0000028150b42c20,
0x0000028150fba860, 0x000002815153b5b0, 0x0000028150a52010, 0x00000281511acbe0,
0x0000028150afbcd0, 0x00000281513be1e0, 0x0000028150da1a60, 0x0000028150d9fc00,
0x0000028150da0110, 0x0000028150d9f1e0, 0x0000028151614b10
}

Java Threads: ( => current thread )
  0x0000028135859210 JavaThread "main" [_thread_blocked, id=12184, stack(0x000000fb2e900000,0x000000fb2ea00000)]
  0x000002814b5e0740 JavaThread "Reference Handler" daemon [_thread_blocked, id=9040, stack(0x000000fb2ec00000,0x000000fb2ed00000)]
  0x000002814b5e3180 JavaThread "Finalizer" daemon [_thread_blocked, id=10388, stack(0x000000fb2ed00000,0x000000fb2ee00000)]
  0x000002814b609150 JavaThread "Signal Dispatcher" daemon [_thread_blocked, id=4388, stack(0x000000fb2ee00000,0x000000fb2ef00000)]
  0x000002814b609ee0 JavaThread "Attach Listener" daemon [_thread_blocked, id=10028, stack(0x000000fb2ef00000,0x000000fb2f000000)]
  0x000002814b60ac70 JavaThread "Service Thread" daemon [_thread_blocked, id=16464, stack(0x000000fb2f000000,0x000000fb2f100000)]
  0x000002814b60e6c0 JavaThread "Monitor Deflation Thread" daemon [_thread_blocked, id=10544, stack(0x000000fb2f100000,0x000000fb2f200000)]
=>0x000002814b60f2c0 JavaThread "C2 CompilerThread0" daemon [_thread_in_native, id=12324, stack(0x000000fb2f200000,0x000000fb2f300000)]
  0x00000281507f4000 JavaThread "C1 CompilerThread0" daemon [_thread_blocked, id=10808, stack(0x000000fb2f300000,0x000000fb2f400000)]
  0x00000281507f90e0 JavaThread "Sweeper thread" daemon [_thread_blocked, id=14592, stack(0x000000fb2f400000,0x000000fb2f500000)]
  0x00000281508bb390 JavaThread "Common-Cleaner" daemon [_thread_blocked, id=10008, stack(0x000000fb2f500000,0x000000fb2f600000)]
  0x0000028150b42c20 JavaThread "Notification Thread" daemon [_thread_blocked, id=5008, stack(0x000000fb2f600000,0x000000fb2f700000)]
  0x0000028150fba860 JavaThread "Active Thread: Equinox Container: 00efe7f5-8758-4099-8428-101fa6c4e0b3" [_thread_blocked, id=14608, stack(0x000000fb2fb00000,0x000000fb2fc00000)]
  0x000002815153b5b0 JavaThread "Framework Event Dispatcher: Equinox Container: 00efe7f5-8758-4099-8428-101fa6c4e0b3" daemon [_thread_blocked, id=12476, stack(0x000000fb2fd00000,0x000000fb2fe00000)]
  0x0000028150a52010 JavaThread "Start Level: Equinox Container: 00efe7f5-8758-4099-8428-101fa6c4e0b3" daemon [_thread_in_Java, id=13556, stack(0x000000fb2fe00000,0x000000fb2ff00000)]
  0x00000281511acbe0 JavaThread "Bundle File Closer" daemon [_thread_blocked, id=13184, stack(0x000000fb2ff00000,0x000000fb30000000)]
  0x0000028150afbcd0 JavaThread "SCR Component Actor" daemon [_thread_blocked, id=5776, stack(0x000000fb2fc00000,0x000000fb2fd00000)]
  0x00000281513be1e0 JavaThread "SCR Component Registry" daemon [_thread_blocked, id=8764, stack(0x000000fb30000000,0x000000fb30100000)]
  0x0000028150da1a60 JavaThread "Worker-JM" [_thread_blocked, id=8104, stack(0x000000fb30100000,0x000000fb30200000)]
  0x0000028150d9fc00 JavaThread "JNA Cleaner" daemon [_thread_blocked, id=2180, stack(0x000000fb30300000,0x000000fb30400000)]
  0x0000028150da0110 JavaThread "Worker-0" [_thread_blocked, id=15908, stack(0x000000fb30400000,0x000000fb30500000)]
  0x0000028150d9f1e0 JavaThread "Worker-1" [_thread_blocked, id=11296, stack(0x000000fb30200000,0x000000fb30300000)]
  0x0000028151614b10 JavaThread "C2 CompilerThread1" daemon [_thread_in_native, id=12848, stack(0x000000fb30500000,0x000000fb30600000)]

Other Threads:
  0x000002814b5cb7f0 VMThread "VM Thread" [stack: 0x000000fb2eb00000,0x000000fb2ec00000] [id=16744]
  0x0000028150a69660 WatcherThread [stack: 0x000000fb2f700000,0x000000fb2f800000] [id=2960]
  0x0000028135866cc0 GCTaskThread "GC Thread#0" [stack: 0x000000fb2ea00000,0x000000fb2eb00000] [id=11916]
  0x00000281511589a0 GCTaskThread "GC Thread#1" [stack: 0x000000fb2f800000,0x000000fb2f900000] [id=11324]
  0x0000028151135490 GCTaskThread "GC Thread#2" [stack: 0x000000fb2f900000,0x000000fb2fa00000] [id=9688]
  0x0000028151135750 GCTaskThread "GC Thread#3" [stack: 0x000000fb2fa00000,0x000000fb2fb00000] [id=16024]

Threads with active compile tasks:
C2 CompilerThread0    27032 3966       4       java.lang.invoke.MethodType::makeImpl (109 bytes)
C2 CompilerThread1    27032 3951       4       org.lombokweb.asm.ClassReader::readMethod (1066 bytes)

VM state: not at safepoint (normal execution)

VM Mutex/Monitor currently owned by a thread: None

Heap address: 0x00000000c0000000, size: 1024 MB, Compressed Oops mode: 32-bit

CDS archive(s) not mapped
Compressed class space mapped at: 0x0000000100000000-0x0000000140000000, reserved size: 1073741824
Narrow klass base: 0x0000000000000000, Narrow klass shift: 3, Narrow klass range: 0x140000000

GC Precious Log:
 CPUs: 4 total, 4 available
 Memory: 8039M
 Large Page Support: Disabled
 NUMA Support: Disabled
 Compressed Oops: Enabled (32-bit)
 Alignments: Space 512K, Generation 512K, Heap 2M
 Heap Min Capacity: 100M
 Heap Initial Capacity: 100M
 Heap Max Capacity: 1G
 Pre-touch: Disabled
 Parallel Workers: 4

Heap:
 PSYoungGen      total 25600K, used 16869K [0x00000000eab00000, 0x00000000ece80000, 0x0000000100000000)
  eden space 23552K, 63% used [0x00000000eab00000,0x00000000eb9800b0,0x00000000ec200000)
  from space 2048K, 98% used [0x00000000ec800000,0x00000000ec9f9620,0x00000000eca00000)
  to   space 6144K, 0% used [0x00000000ec200000,0x00000000ec200000,0x00000000ec800000)
 ParOldGen       total 68608K, used 14214K [0x00000000c0000000, 0x00000000c4300000, 0x00000000eab00000)
  object space 68608K, 20% used [0x00000000c0000000,0x00000000c0de1828,0x00000000c4300000)
 Metaspace       used 32043K, committed 32960K, reserved 1114112K
  class space    used 3196K, committed 3584K, reserved 1048576K

Card table byte_map: [0x0000028148eb0000,0x00000281490c0000] _byte_map_base: 0x00000281488b0000

Marking Bits: (ParMarkBitMap*) 0x00007ffd6844d820
 Begin Bits: [0x0000028149220000, 0x000002814a220000)
 End Bits:   [0x000002814a220000, 0x000002814b220000)

Polling page: 0x0000028139ca0000

Metaspace:

Usage:
  Non-class:     28.17 MB used.
      Class:      3.12 MB used.
       Both:     31.29 MB used.

Virtual space:
  Non-class space:       64.00 MB reserved,      28.69 MB ( 45%) committed,  1 nodes.
      Class space:        1.00 GB reserved,       3.50 MB ( <1%) committed,  1 nodes.
             Both:        1.06 GB reserved,      32.19 MB (  3%) committed. 

Chunk freelists:
   Non-Class:  2.42 MB
       Class:  12.55 MB
        Both:  14.97 MB

MaxMetaspaceSize: unlimited
CompressedClassSpaceSize: 1.00 GB
Initial GC threshold: 21.00 MB
Current GC threshold: 35.00 MB
CDS: off
MetaspaceReclaimPolicy: balanced
 - commit_granule_bytes: 65536.
 - commit_granule_words: 8192.
 - virtual_space_node_default_size: 8388608.
 - enlarge_chunks_in_place: 1.
 - new_chunks_are_fully_committed: 0.
 - uncommit_free_chunks: 1.
 - use_allocation_guard: 0.
 - handle_deallocations: 1.


Internal statistics:

num_allocs_failed_limit: 3.
num_arena_births: 574.
num_arena_deaths: 0.
num_vsnodes_births: 2.
num_vsnodes_deaths: 0.
num_space_committed: 515.
num_space_uncommitted: 0.
num_chunks_returned_to_freelist: 3.
num_chunks_taken_from_freelist: 1581.
num_chunk_merges: 3.
num_chunk_splits: 989.
num_chunks_enlarged: 593.
num_inconsistent_stats: 0.

CodeHeap 'non-profiled nmethods': size=120000Kb used=1718Kb max_used=1718Kb free=118281Kb
 bounds [0x0000028141790000, 0x0000028141a00000, 0x0000028148cc0000]
CodeHeap 'profiled nmethods': size=120000Kb used=8352Kb max_used=8352Kb free=111647Kb
 bounds [0x0000028139cc0000, 0x000002813a4f0000, 0x00000281411f0000]
CodeHeap 'non-nmethods': size=5760Kb used=1246Kb max_used=1268Kb free=4513Kb
 bounds [0x00000281411f0000, 0x0000028141460000, 0x0000028141790000]
 total_blobs=4533 nmethods=3969 adapters=477
 compilation: enabled
              stopped_count=0, restarted_count=0
 full_count=0

Compilation events (20 events):
Event: 26.401 Thread 0x00000281507f4000 nmethod 3961 0x000002813a4df110 code [0x000002813a4df460, 0x000002813a4e0d08]
Event: 26.401 Thread 0x00000281507f4000 3962       3       org.lombokweb.asm.MethodWriter::putFrameType (84 bytes)
Event: 26.401 Thread 0x000002814b60f2c0 3964   !   4       java.util.zip.ZipFile::getEntry (59 bytes)
Event: 26.402 Thread 0x00000281507f4000 nmethod 3962 0x000002813a4e1590 code [0x000002813a4e1800, 0x000002813a4e21e8]
Event: 26.402 Thread 0x00000281507f4000 3963       3       org.lombokweb.asm.MethodWriter::visitMethodInsn (191 bytes)
Event: 26.403 Thread 0x00000281507f4000 nmethod 3963 0x000002813a4e2510 code [0x000002813a4e2740, 0x000002813a4e2f48]
Event: 26.403 Thread 0x00000281507f4000 3965       3       org.lombokweb.asm.ClassReader::readLong (29 bytes)
Event: 26.403 Thread 0x00000281507f4000 nmethod 3965 0x000002813a4e3290 code [0x000002813a4e3440, 0x000002813a4e35f8]
Event: 26.405 Thread 0x000002814b60f2c0 nmethod 3964 0x000002814193d290 code [0x000002814193d420, 0x000002814193d778]
Event: 26.739 Thread 0x000002814b60f2c0 3966       4       java.lang.invoke.MethodType::makeImpl (109 bytes)
Event: 26.885 Thread 0x00000281507f4000 3968       3       org.lombokweb.asm.SymbolTable::addConstantIntegerOrFloat (100 bytes)
Event: 26.886 Thread 0x00000281507f4000 nmethod 3968 0x000002813a4e3710 code [0x000002813a4e3920, 0x000002813a4e3e78]
Event: 26.887 Thread 0x00000281507f4000 3969       3       lombok.patcher.scripts.AddFieldScript$1::visitField (35 bytes)
Event: 26.888 Thread 0x00000281507f4000 nmethod 3969 0x000002813a4e4110 code [0x000002813a4e42c0, 0x000002813a4e4538]
Event: 26.890 Thread 0x00000281507f4000 3970 %     3       org.lombokweb.asm.ClassReader::<init> @ 110 (371 bytes)
Event: 26.892 Thread 0x00000281507f4000 nmethod 3970% 0x000002813a4e4690 code [0x000002813a4e4980, 0x000002813a4e5cd8]
Event: 26.897 Thread 0x00000281507f4000 3971   !   3       java.util.regex.Pattern::matcher (44 bytes)
Event: 26.898 Thread 0x00000281507f4000 nmethod 3971 0x000002813a4e6290 code [0x000002813a4e6440, 0x000002813a4e6798]
Event: 26.899 Thread 0x00000281507f4000 3972       3       org.lombokweb.asm.ClassReader::<init> (371 bytes)
Event: 26.902 Thread 0x00000281507f4000 nmethod 3972 0x000002813a4e6910 code [0x000002813a4e6be0, 0x000002813a4e7d98]

GC Heap History (18 events):
Event: 3.015 GC heap before
{Heap before GC invocations=1 (full 0):
 PSYoungGen      total 29696K, used 25600K [0x00000000eab00000, 0x00000000ecc00000, 0x0000000100000000)
  eden space 25600K, 100% used [0x00000000eab00000,0x00000000ec400000,0x00000000ec400000)
  from space 4096K, 0% used [0x00000000ec800000,0x00000000ec800000,0x00000000ecc00000)
  to   space 4096K, 0% used [0x00000000ec400000,0x00000000ec400000,0x00000000ec800000)
 ParOldGen       total 68608K, used 0K [0x00000000c0000000, 0x00000000c4300000, 0x00000000eab00000)
  object space 68608K, 0% used [0x00000000c0000000,0x00000000c0000000,0x00000000c4300000)
 Metaspace       used 10983K, committed 11200K, reserved 1114112K
  class space    used 1093K, committed 1216K, reserved 1048576K
}
Event: 3.031 GC heap after
{Heap after GC invocations=1 (full 0):
 PSYoungGen      total 29696K, used 3172K [0x00000000eab00000, 0x00000000ecc00000, 0x0000000100000000)
  eden space 25600K, 0% used [0x00000000eab00000,0x00000000eab00000,0x00000000ec400000)
  from space 4096K, 77% used [0x00000000ec400000,0x00000000ec7192e0,0x00000000ec800000)
  to   space 4096K, 0% used [0x00000000ec800000,0x00000000ec800000,0x00000000ecc00000)
 ParOldGen       total 68608K, used 0K [0x00000000c0000000, 0x00000000c4300000, 0x00000000eab00000)
  object space 68608K, 0% used [0x00000000c0000000,0x00000000c0000000,0x00000000c4300000)
 Metaspace       used 10983K, committed 11200K, reserved 1114112K
  class space    used 1093K, committed 1216K, reserved 1048576K
}
Event: 10.305 GC heap before
{Heap before GC invocations=2 (full 0):
 PSYoungGen      total 29696K, used 28772K [0x00000000eab00000, 0x00000000ecc00000, 0x0000000100000000)
  eden space 25600K, 100% used [0x00000000eab00000,0x00000000ec400000,0x00000000ec400000)
  from space 4096K, 77% used [0x00000000ec400000,0x00000000ec7192e0,0x00000000ec800000)
  to   space 4096K, 0% used [0x00000000ec800000,0x00000000ec800000,0x00000000ecc00000)
 ParOldGen       total 68608K, used 0K [0x00000000c0000000, 0x00000000c4300000, 0x00000000eab00000)
  object space 68608K, 0% used [0x00000000c0000000,0x00000000c0000000,0x00000000c4300000)
 Metaspace       used 14566K, committed 14848K, reserved 1114112K
  class space    used 1455K, committed 1600K, reserved 1048576K
}
Event: 10.313 GC heap after
{Heap after GC invocations=2 (full 0):
 PSYoungGen      total 29696K, used 4083K [0x00000000eab00000, 0x00000000ecc00000, 0x0000000100000000)
  eden space 25600K, 0% used [0x00000000eab00000,0x00000000eab00000,0x00000000ec400000)
  from space 4096K, 99% used [0x00000000ec800000,0x00000000ecbfcfa0,0x00000000ecc00000)
  to   space 4096K, 0% used [0x00000000ec400000,0x00000000ec400000,0x00000000ec800000)
 ParOldGen       total 68608K, used 1550K [0x00000000c0000000, 0x00000000c4300000, 0x00000000eab00000)
  object space 68608K, 2% used [0x00000000c0000000,0x00000000c0183b70,0x00000000c4300000)
 Metaspace       used 14566K, committed 14848K, reserved 1114112K
  class space    used 1455K, committed 1600K, reserved 1048576K
}
Event: 21.673 GC heap before
{Heap before GC invocations=3 (full 0):
 PSYoungGen      total 29696K, used 29683K [0x00000000eab00000, 0x00000000ecc00000, 0x0000000100000000)
  eden space 25600K, 100% used [0x00000000eab00000,0x00000000ec400000,0x00000000ec400000)
  from space 4096K, 99% used [0x00000000ec800000,0x00000000ecbfcfa0,0x00000000ecc00000)
  to   space 4096K, 0% used [0x00000000ec400000,0x00000000ec400000,0x00000000ec800000)
 ParOldGen       total 68608K, used 1550K [0x00000000c0000000, 0x00000000c4300000, 0x00000000eab00000)
  object space 68608K, 2% used [0x00000000c0000000,0x00000000c0183b70,0x00000000c4300000)
 Metaspace       used 16040K, committed 16320K, reserved 1114112K
  class space    used 1607K, committed 1728K, reserved 1048576K
}
Event: 21.682 GC heap after
{Heap after GC invocations=3 (full 0):
 PSYoungGen      total 29696K, used 4094K [0x00000000eab00000, 0x00000000ecc00000, 0x0000000100000000)
  eden space 25600K, 0% used [0x00000000eab00000,0x00000000eab00000,0x00000000ec400000)
  from space 4096K, 99% used [0x00000000ec400000,0x00000000ec7ffa88,0x00000000ec800000)
  to   space 4096K, 0% used [0x00000000ec800000,0x00000000ec800000,0x00000000ecc00000)
 ParOldGen       total 68608K, used 5464K [0x00000000c0000000, 0x00000000c4300000, 0x00000000eab00000)
  object space 68608K, 7% used [0x00000000c0000000,0x00000000c0556180,0x00000000c4300000)
 Metaspace       used 16040K, committed 16320K, reserved 1114112K
  class space    used 1607K, committed 1728K, reserved 1048576K
}
Event: 23.482 GC heap before
{Heap before GC invocations=4 (full 0):
 PSYoungGen      total 29696K, used 29694K [0x00000000eab00000, 0x00000000ecc00000, 0x0000000100000000)
  eden space 25600K, 100% used [0x00000000eab00000,0x00000000ec400000,0x00000000ec400000)
  from space 4096K, 99% used [0x00000000ec400000,0x00000000ec7ffa88,0x00000000ec800000)
  to   space 4096K, 0% used [0x00000000ec800000,0x00000000ec800000,0x00000000ecc00000)
 ParOldGen       total 68608K, used 5464K [0x00000000c0000000, 0x00000000c4300000, 0x00000000eab00000)
  object space 68608K, 7% used [0x00000000c0000000,0x00000000c0556180,0x00000000c4300000)
 Metaspace       used 19506K, committed 19840K, reserved 1114112K
  class space    used 1964K, committed 2112K, reserved 1048576K
}
Event: 23.489 GC heap after
{Heap after GC invocations=4 (full 0):
 PSYoungGen      total 29696K, used 4091K [0x00000000eab00000, 0x00000000ecc00000, 0x0000000100000000)
  eden space 25600K, 0% used [0x00000000eab00000,0x00000000eab00000,0x00000000ec400000)
  from space 4096K, 99% used [0x00000000ec800000,0x00000000ecbfec78,0x00000000ecc00000)
  to   space 4096K, 0% used [0x00000000ec400000,0x00000000ec400000,0x00000000ec800000)
 ParOldGen       total 68608K, used 6607K [0x00000000c0000000, 0x00000000c4300000, 0x00000000eab00000)
  object space 68608K, 9% used [0x00000000c0000000,0x00000000c0673c88,0x00000000c4300000)
 Metaspace       used 19506K, committed 19840K, reserved 1114112K
  class space    used 1964K, committed 2112K, reserved 1048576K
}
Event: 23.710 GC heap before
{Heap before GC invocations=5 (full 0):
 PSYoungGen      total 29696K, used 12924K [0x00000000eab00000, 0x00000000ecc00000, 0x0000000100000000)
  eden space 25600K, 34% used [0x00000000eab00000,0x00000000eb3a03b8,0x00000000ec400000)
  from space 4096K, 99% used [0x00000000ec800000,0x00000000ecbfec78,0x00000000ecc00000)
  to   space 4096K, 0% used [0x00000000ec400000,0x00000000ec400000,0x00000000ec800000)
 ParOldGen       total 68608K, used 6607K [0x00000000c0000000, 0x00000000c4300000, 0x00000000eab00000)
  object space 68608K, 9% used [0x00000000c0000000,0x00000000c0673c88,0x00000000c4300000)
 Metaspace       used 21107K, committed 21504K, reserved 1114112K
  class space    used 2118K, committed 2304K, reserved 1048576K
}
Event: 23.716 GC heap after
{Heap after GC invocations=5 (full 0):
 PSYoungGen      total 29696K, used 4078K [0x00000000eab00000, 0x00000000ece00000, 0x0000000100000000)
  eden space 25600K, 0% used [0x00000000eab00000,0x00000000eab00000,0x00000000ec400000)
  from space 4096K, 99% used [0x00000000ec400000,0x00000000ec7fb928,0x00000000ec800000)
  to   space 5120K, 0% used [0x00000000ec900000,0x00000000ec900000,0x00000000ece00000)
 ParOldGen       total 68608K, used 7006K [0x00000000c0000000, 0x00000000c4300000, 0x00000000eab00000)
  object space 68608K, 10% used [0x00000000c0000000,0x00000000c06d78a8,0x00000000c4300000)
 Metaspace       used 21107K, committed 21504K, reserved 1114112K
  class space    used 2118K, committed 2304K, reserved 1048576K
}
Event: 23.716 GC heap before
{Heap before GC invocations=6 (full 1):
 PSYoungGen      total 29696K, used 4078K [0x00000000eab00000, 0x00000000ece00000, 0x0000000100000000)
  eden space 25600K, 0% used [0x00000000eab00000,0x00000000eab00000,0x00000000ec400000)
  from space 4096K, 99% used [0x00000000ec400000,0x00000000ec7fb928,0x00000000ec800000)
  to   space 5120K, 0% used [0x00000000ec900000,0x00000000ec900000,0x00000000ece00000)
 ParOldGen       total 68608K, used 7006K [0x00000000c0000000, 0x00000000c4300000, 0x00000000eab00000)
  object space 68608K, 10% used [0x00000000c0000000,0x00000000c06d78a8,0x00000000c4300000)
 Metaspace       used 21107K, committed 21504K, reserved 1114112K
  class space    used 2118K, committed 2304K, reserved 1048576K
}
Event: 23.756 GC heap after
{Heap after GC invocations=6 (full 1):
 PSYoungGen      total 29696K, used 0K [0x00000000eab00000, 0x00000000ece00000, 0x0000000100000000)
  eden space 25600K, 0% used [0x00000000eab00000,0x00000000eab00000,0x00000000ec400000)
  from space 4096K, 0% used [0x00000000ec400000,0x00000000ec400000,0x00000000ec800000)
  to   space 5120K, 0% used [0x00000000ec900000,0x00000000ec900000,0x00000000ece00000)
 ParOldGen       total 68608K, used 10753K [0x00000000c0000000, 0x00000000c4300000, 0x00000000eab00000)
  object space 68608K, 15% used [0x00000000c0000000,0x00000000c0a80790,0x00000000c4300000)
 Metaspace       used 21107K, committed 21504K, reserved 1114112K
  class space    used 2118K, committed 2304K, reserved 1048576K
}
Event: 25.035 GC heap before
{Heap before GC invocations=7 (full 1):
 PSYoungGen      total 29696K, used 25600K [0x00000000eab00000, 0x00000000ece00000, 0x0000000100000000)
  eden space 25600K, 100% used [0x00000000eab00000,0x00000000ec400000,0x00000000ec400000)
  from space 4096K, 0% used [0x00000000ec400000,0x00000000ec400000,0x00000000ec800000)
  to   space 5120K, 0% used [0x00000000ec900000,0x00000000ec900000,0x00000000ece00000)
 ParOldGen       total 68608K, used 10753K [0x00000000c0000000, 0x00000000c4300000, 0x00000000eab00000)
  object space 68608K, 15% used [0x00000000c0000000,0x00000000c0a80790,0x00000000c4300000)
 Metaspace       used 24846K, committed 25408K, reserved 1114112K
  class space    used 2521K, committed 2752K, reserved 1048576K
}
Event: 25.039 GC heap after
{Heap after GC invocations=7 (full 1):
 PSYoungGen      total 27136K, used 1539K [0x00000000eab00000, 0x00000000ecb00000, 0x0000000100000000)
  eden space 25088K, 0% used [0x00000000eab00000,0x00000000eab00000,0x00000000ec380000)
  from space 2048K, 75% used [0x00000000ec900000,0x00000000eca80ec8,0x00000000ecb00000)
  to   space 3072K, 0% used [0x00000000ec500000,0x00000000ec500000,0x00000000ec800000)
 ParOldGen       total 68608K, used 10761K [0x00000000c0000000, 0x00000000c4300000, 0x00000000eab00000)
  object space 68608K, 15% used [0x00000000c0000000,0x00000000c0a82790,0x00000000c4300000)
 Metaspace       used 24846K, committed 25408K, reserved 1114112K
  class space    used 2521K, committed 2752K, reserved 1048576K
}
Event: 25.785 GC heap before
{Heap before GC invocations=8 (full 1):
 PSYoungGen      total 27136K, used 26627K [0x00000000eab00000, 0x00000000ecb00000, 0x0000000100000000)
  eden space 25088K, 100% used [0x00000000eab00000,0x00000000ec380000,0x00000000ec380000)
  from space 2048K, 75% used [0x00000000ec900000,0x00000000eca80ec8,0x00000000ecb00000)
  to   space 3072K, 0% used [0x00000000ec500000,0x00000000ec500000,0x00000000ec800000)
 ParOldGen       total 68608K, used 10761K [0x00000000c0000000, 0x00000000c4300000, 0x00000000eab00000)
  object space 68608K, 15% used [0x00000000c0000000,0x00000000c0a82790,0x00000000c4300000)
 Metaspace       used 27577K, committed 28288K, reserved 1114112K
  class space    used 2852K, committed 3136K, reserved 1048576K
}
Event: 25.790 GC heap after
{Heap after GC invocations=8 (full 1):
 PSYoungGen      total 27648K, used 2973K [0x00000000eab00000, 0x00000000eca00000, 0x0000000100000000)
  eden space 24576K, 0% used [0x00000000eab00000,0x00000000eab00000,0x00000000ec300000)
  from space 3072K, 96% used [0x00000000ec500000,0x00000000ec7e74e0,0x00000000ec800000)
  to   space 2048K, 0% used [0x00000000ec800000,0x00000000ec800000,0x00000000eca00000)
 ParOldGen       total 68608K, used 10769K [0x00000000c0000000, 0x00000000c4300000, 0x00000000eab00000)
  object space 68608K, 15% used [0x00000000c0000000,0x00000000c0a84790,0x00000000c4300000)
 Metaspace       used 27577K, committed 28288K, reserved 1114112K
  class space    used 2852K, committed 3136K, reserved 1048576K
}
Event: 26.264 GC heap before
{Heap before GC invocations=9 (full 1):
 PSYoungGen      total 27648K, used 27549K [0x00000000eab00000, 0x00000000eca00000, 0x0000000100000000)
  eden space 24576K, 100% used [0x00000000eab00000,0x00000000ec300000,0x00000000ec300000)
  from space 3072K, 96% used [0x00000000ec500000,0x00000000ec7e74e0,0x00000000ec800000)
  to   space 2048K, 0% used [0x00000000ec800000,0x00000000ec800000,0x00000000eca00000)
 ParOldGen       total 68608K, used 10769K [0x00000000c0000000, 0x00000000c4300000, 0x00000000eab00000)
  object space 68608K, 15% used [0x00000000c0000000,0x00000000c0a84790,0x00000000c4300000)
 Metaspace       used 29508K, committed 30400K, reserved 1114112K
  class space    used 3022K, committed 3392K, reserved 1048576K
}
Event: 26.268 GC heap after
{Heap after GC invocations=9 (full 1):
 PSYoungGen      total 25600K, used 2021K [0x00000000eab00000, 0x00000000ece80000, 0x0000000100000000)
  eden space 23552K, 0% used [0x00000000eab00000,0x00000000eab00000,0x00000000ec200000)
  from space 2048K, 98% used [0x00000000ec800000,0x00000000ec9f9620,0x00000000eca00000)
  to   space 6144K, 0% used [0x00000000ec200000,0x00000000ec200000,0x00000000ec800000)
 ParOldGen       total 68608K, used 14214K [0x00000000c0000000, 0x00000000c4300000, 0x00000000eab00000)
  object space 68608K, 20% used [0x00000000c0000000,0x00000000c0de1828,0x00000000c4300000)
 Metaspace       used 29508K, committed 30400K, reserved 1114112K
  class space    used 3022K, committed 3392K, reserved 1048576K
}

Dll operation events (10 events):
Event: 0.020 Loaded shared library c:\Users\hp\.vscode\extensions\redhat.java-1.33.0-win32-x64\jre\17.0.11-win32-x86_64\bin\java.dll
Event: 0.493 Loaded shared library c:\Users\hp\.vscode\extensions\redhat.java-1.33.0-win32-x64\jre\17.0.11-win32-x86_64\bin\zip.dll
Event: 0.499 Loaded shared library C:\Users\hp\.vscode\extensions\redhat.java-1.33.0-win32-x64\jre\17.0.11-win32-x86_64\bin\instrument.dll
Event: 0.542 Loaded shared library C:\Users\hp\.vscode\extensions\redhat.java-1.33.0-win32-x64\jre\17.0.11-win32-x86_64\bin\net.dll
Event: 0.546 Loaded shared library C:\Users\hp\.vscode\extensions\redhat.java-1.33.0-win32-x64\jre\17.0.11-win32-x86_64\bin\nio.dll
Event: 0.558 Loaded shared library C:\Users\hp\.vscode\extensions\redhat.java-1.33.0-win32-x64\jre\17.0.11-win32-x86_64\bin\zip.dll
Event: 0.594 Loaded shared library C:\Users\hp\.vscode\extensions\redhat.java-1.33.0-win32-x64\jre\17.0.11-win32-x86_64\bin\jimage.dll
Event: 0.823 Loaded shared library c:\Users\hp\.vscode\extensions\redhat.java-1.33.0-win32-x64\jre\17.0.11-win32-x86_64\bin\verify.dll
Event: 10.189 Loaded shared library C:\Users\hp\AppData\Roaming\Code\User\globalStorage\redhat.java\1.33.0\config_win\org.eclipse.equinox.launcher\org.eclipse.equinox.launcher.win32.win32.x86_64_1.2.1100.v20240722-2106\eclipse_11904.dll
Event: 24.477 Loaded shared library C:\Users\hp\AppData\Local\Temp\jna-3336\jna8120166152087865532.dll

Deoptimization events (20 events):
Event: 25.439 Thread 0x0000028150a52010 DEOPT PACKING pc=0x00000281417d2c08 sp=0x000000fb2fef2a10
Event: 25.439 Thread 0x0000028150a52010 DEOPT UNPACKING pc=0x00000281412466a3 sp=0x000000fb2fef29f0 mode 2
Event: 25.446 Thread 0x0000028150a52010 Uncommon trap: trap_request=0xffffff45 fr.pc=0x00000281417b44b8 relative=0x0000000000000038
Event: 25.446 Thread 0x0000028150a52010 Uncommon trap: reason=unstable_if action=reinterpret pc=0x00000281417b44b8 method=java.lang.StringLatin1.canEncode(I)Z @ 4 c2
Event: 25.446 Thread 0x0000028150a52010 DEOPT PACKING pc=0x00000281417b44b8 sp=0x000000fb2fef29a0
Event: 25.446 Thread 0x0000028150a52010 DEOPT UNPACKING pc=0x00000281412466a3 sp=0x000000fb2fef2930 mode 2
Event: 25.938 Thread 0x0000028150a52010 DEOPT PACKING pc=0x000002813a2e0d5e sp=0x000000fb2fef2e00
Event: 25.938 Thread 0x0000028150a52010 DEOPT UNPACKING pc=0x0000028141246e43 sp=0x000000fb2fef2278 mode 0
Event: 25.953 Thread 0x0000028150a52010 Uncommon trap: trap_request=0xffffffc6 fr.pc=0x0000028141870508 relative=0x00000000000010c8
Event: 25.953 Thread 0x0000028150a52010 Uncommon trap: reason=bimorphic_or_optimized_type_check action=maybe_recompile pc=0x0000028141870508 method=java.util.Properties$LineReader.readLine()I @ 479 c2
Event: 25.953 Thread 0x0000028150a52010 DEOPT PACKING pc=0x0000028141870508 sp=0x000000fb2fef4460
Event: 25.953 Thread 0x0000028150a52010 DEOPT UNPACKING pc=0x00000281412466a3 sp=0x000000fb2fef43f0 mode 2
Event: 26.017 Thread 0x0000028150a52010 Uncommon trap: trap_request=0xffffff45 fr.pc=0x00000281418b87b8 relative=0x0000000000000038
Event: 26.017 Thread 0x0000028150a52010 Uncommon trap: reason=unstable_if action=reinterpret pc=0x00000281418b87b8 method=java.util.concurrent.locks.AbstractQueuedSynchronizer.signalNext(Ljava/util/concurrent/locks/AbstractQueuedSynchronizer$Node;)V @ 10 c2
Event: 26.017 Thread 0x0000028150a52010 DEOPT PACKING pc=0x00000281418b87b8 sp=0x000000fb2fefa440
Event: 26.017 Thread 0x0000028150a52010 DEOPT UNPACKING pc=0x00000281412466a3 sp=0x000000fb2fefa3c0 mode 2
Event: 26.172 Thread 0x0000028150a52010 Uncommon trap: trap_request=0xffffff45 fr.pc=0x0000028141932784 relative=0x0000000000000844
Event: 26.172 Thread 0x0000028150a52010 Uncommon trap: reason=unstable_if action=reinterpret pc=0x0000028141932784 method=org.lombokweb.asm.ClassReader.readUTF8(I[C)Ljava/lang/String; @ 11 c2
Event: 26.172 Thread 0x0000028150a52010 DEOPT PACKING pc=0x0000028141932784 sp=0x000000fb2feef6b0
Event: 26.172 Thread 0x0000028150a52010 DEOPT UNPACKING pc=0x00000281412466a3 sp=0x000000fb2feef6a8 mode 2

Classes unloaded (0 events):
No events

Classes redefined (0 events):
No events

Internal exceptions (20 events):
Event: 25.715 Thread 0x0000028150a52010 Exception <a 'java/lang/NoSuchMethodError'{0x00000000ec297eb0}: 'int java.lang.invoke.DirectMethodHandle$Holder.invokeStaticInit(java.lang.Object, int, int)'> (0x00000000ec297eb0) 
thrown [s\src\hotspot\share\interpreter\linkResolver.cpp, line 759]
Event: 25.717 Thread 0x0000028150a52010 Exception <a 'java/lang/NoSuchMethodError'{0x00000000ec2a0690}: 'int java.lang.invoke.DirectMethodHandle$Holder.invokeStaticInit(java.lang.Object, long, long)'> (0x00000000ec2a0690) 
thrown [s\src\hotspot\share\interpreter\linkResolver.cpp, line 759]
Event: 25.720 Thread 0x0000028150a52010 Exception <a 'java/lang/NoSuchMethodError'{0x00000000ec2a8710}: 'int java.lang.invoke.DirectMethodHandle$Holder.invokeStaticInit(java.lang.Object, float, float)'> (0x00000000ec2a8710) 
thrown [s\src\hotspot\share\interpreter\linkResolver.cpp, line 759]
Event: 25.722 Thread 0x0000028150a52010 Exception <a 'java/lang/NoSuchMethodError'{0x00000000ec2b0558}: 'int java.lang.invoke.DirectMethodHandle$Holder.invokeStaticInit(java.lang.Object, double, double)'> (0x00000000ec2b0558) 
thrown [s\src\hotspot\share\interpreter\linkResolver.cpp, line 759]
Event: 25.723 Thread 0x0000028150a52010 Exception <a 'java/lang/NoSuchMethodError'{0x00000000ec2b5b50}: 'int java.lang.invoke.DirectMethodHandle$Holder.invokeStatic(java.lang.Object, long)'> (0x00000000ec2b5b50) 
thrown [s\src\hotspot\share\interpreter\linkResolver.cpp, line 759]
Event: 25.734 Thread 0x0000028150a52010 Exception <a 'java/lang/NoSuchMethodError'{0x00000000ec2de0a0}: 'int java.lang.invoke.Invokers$Holder.linkToTargetMethod(java.lang.Object, java.lang.Object)'> (0x00000000ec2de0a0) 
thrown [s\src\hotspot\share\interpreter\linkResolver.cpp, line 759]
Event: 25.819 Thread 0x0000028150a52010 Exception <a 'java/lang/NoSuchMethodError'{0x00000000eab52718}: 'java.lang.Object java.lang.invoke.DirectMethodHandle$Holder.invokeSpecial(java.lang.Object, java.lang.Object, java.lang.Object, java.lang.Object, java.lang.Object, java.lang.Object, java.lang.Object, java.lang.Object, java.lang.Object, java.lang.Object, java.lang.Object)'> (0x00000000eab52718) 
thrown [s\src\hotspot\share\interpreter\linkResolver.cpp, line 759]
Event: 25.819 Thread 0x0000028150a52010 Exception <a 'java/lang/NoSuchMethodError'{0x00000000eab57c30}: 'java.lang.Object java.lang.invoke.Invokers$Holder.invoke_MT(java.lang.Object, java.lang.Object, java.lang.Object, java.lang.Object, java.lang.Object, java.lang.Object, java.lang.Object, java.lang.Object, java.lang.Object, java.lang.Object, java.lang.Object)'> (0x00000000eab57c30) 
thrown [s\src\hotspot\share\interpreter\linkResolver.cpp, line 759]
Event: 25.846 Thread 0x0000028150a52010 Exception <a 'java/lang/NoSuchMethodError'{0x00000000eac02708}: 'java.lang.Object java.lang.invoke.DirectMethodHandle$Holder.invokeSpecial(java.lang.Object, java.lang.Object, java.lang.Object, java.lang.Object, java.lang.Object, java.lang.Object, java.lang.Object, java.lang.Object, java.lang.Object, java.lang.Object)'> (0x00000000eac02708) 
thrown [s\src\hotspot\share\interpreter\linkResolver.cpp, line 759]
Event: 25.848 Thread 0x0000028150a52010 Exception <a 'java/lang/NoSuchMethodError'{0x00000000eac07958}: 'java.lang.Object java.lang.invoke.Invokers$Holder.invoke_MT(java.lang.Object, java.lang.Object, java.lang.Object, java.lang.Object, java.lang.Object, java.lang.Object, java.lang.Object, java.lang.Object, java.lang.Object, java.lang.Object)'> (0x00000000eac07958) 
thrown [s\src\hotspot\share\interpreter\linkResolver.cpp, line 759]
Event: 25.885 Thread 0x0000028150a52010 Exception <a 'java/lang/NoSuchMethodError'{0x00000000eacb0f68}: 'java.lang.Object java.lang.invoke.DirectMethodHandle$Holder.newInvokeSpecial(java.lang.Object, java.lang.Object, java.lang.Object, java.lang.Object, java.lang.Object, java.lang.Object, java.lang.Object)'> (0x00000000eacb0f68) 
thrown [s\src\hotspot\share\interpreter\linkResolver.cpp, line 759]
Event: 25.906 Thread 0x0000028150a52010 Exception <a 'java/lang/NoSuchMethodError'{0x00000000ead1eb80}: 'java.lang.Object java.lang.invoke.DirectMethodHandle$Holder.invokeSpecial(java.lang.Object, java.lang.Object, java.lang.Object, java.lang.Object, java.lang.Object, java.lang.Object, java.lang.Object, java.lang.Object, java.lang.Object, java.lang.Object, java.lang.Object, java.lang.Object, java.lang.Object)'> (0x00000000ead1eb80) 
thrown [s\src\hotspot\share\interpreter\linkResolver.cpp, line 759]
Event: 25.911 Thread 0x0000028150a52010 Exception <a 'java/lang/NoSuchMethodError'{0x00000000ead246b0}: 'java.lang.Object java.lang.invoke.Invokers$Holder.invoker(java.lang.Object, java.lang.Object, java.lang.Object, java.lang.Object, java.lang.Object, java.lang.Object, java.lang.Object, java.lang.Object, java.lang.Object, java.lang.Object, java.lang.Object, java.lang.Object, java.lang.Object)'> (0x00000000ead246b0) 
thrown [s\src\hotspot\share\interpreter\linkResolver.cpp, line 759]
Event: 25.912 Thread 0x0000028150a52010 Exception <a 'java/lang/NoSuchMethodError'{0x00000000ead2b8c0}: 'java.lang.Object java.lang.invoke.DirectMethodHandle$Holder.invokeSpecial(java.lang.Object, java.lang.Object, java.lang.Object, java.lang.Object, java.lang.Object, java.lang.Object, java.lang.Object, java.lang.Object, java.lang.Object, java.lang.Object, java.lang.Object, java.lang.Object, java.lang.Object, java.lang.Object)'> (0x00000000ead2b8c0) 
thrown [s\src\hotspot\share\interpreter\linkResolver.cpp, line 759]
Event: 25.920 Thread 0x0000028150a52010 Exception <a 'java/lang/NoSuchMethodError'{0x00000000ead95e90}: static Lorg/eclipse/m2e/core/internal/lifecyclemapping/model/PluginExecutionMetadata;.<clinit>()V> (0x00000000ead95e90) 
thrown [s\src\hotspot\share\prims\jni.cpp, line 1112]
Event: 25.931 Thread 0x0000028150a52010 Exception <a 'java/lang/NoSuchMethodError'{0x00000000eadf1110}: static Lorg/eclipse/m2e/core/internal/lifecyclemapping/model/PluginExecutionFilter;.<clinit>()V> (0x00000000eadf1110) 
thrown [s\src\hotspot\share\prims\jni.cpp, line 1112]
Event: 25.937 Thread 0x0000028150a52010 Exception <a 'java/lang/NoSuchMethodError'{0x00000000eae26618}: static Lorg/eclipse/m2e/core/internal/project/registry/MavenProjectFacade$MavenProjectConfiguration;.<clinit>()V> (0x00000000eae26618) 
thrown [s\src\hotspot\share\prims\jni.cpp, line 1112]
Event: 26.287 Thread 0x0000028150a52010 Exception <a 'java/io/FileNotFoundException'{0x00000000eac31818}> (0x00000000eac31818) 
thrown [s\src\hotspot\share\prims\jni.cpp, line 516]
Event: 26.287 Thread 0x0000028150a52010 Exception <a 'java/io/FileNotFoundException'{0x00000000eac325f8}> (0x00000000eac325f8) 
thrown [s\src\hotspot\share\prims\jni.cpp, line 516]
Event: 26.288 Thread 0x0000028150a52010 Exception <a 'java/io/FileNotFoundException'{0x00000000eac33528}> (0x00000000eac33528) 
thrown [s\src\hotspot\share\prims\jni.cpp, line 516]

VM Operations (20 events):
Event: 24.487 Executing VM operation: HandshakeAllThreads
Event: 24.488 Executing VM operation: HandshakeAllThreads done
Event: 24.952 Executing VM operation: HandshakeAllThreads
Event: 24.952 Executing VM operation: HandshakeAllThreads done
Event: 24.952 Executing VM operation: Cleanup
Event: 24.953 Executing VM operation: Cleanup done
Event: 25.015 Executing VM operation: HandshakeAllThreads
Event: 25.015 Executing VM operation: HandshakeAllThreads done
Event: 25.024 Executing VM operation: HandshakeAllThreads
Event: 25.024 Executing VM operation: HandshakeAllThreads done
Event: 25.024 Executing VM operation: HandshakeAllThreads
Event: 25.024 Executing VM operation: HandshakeAllThreads done
Event: 25.035 Executing VM operation: ParallelGCFailedAllocation
Event: 25.039 Executing VM operation: ParallelGCFailedAllocation done
Event: 25.685 Executing VM operation: HandshakeAllThreads
Event: 25.685 Executing VM operation: HandshakeAllThreads done
Event: 25.785 Executing VM operation: ParallelGCFailedAllocation
Event: 25.790 Executing VM operation: ParallelGCFailedAllocation done
Event: 26.264 Executing VM operation: ParallelGCFailedAllocation
Event: 26.268 Executing VM operation: ParallelGCFailedAllocation done

Events (20 events):
Event: 26.088 loading class java/util/zip/GZIPOutputStream
Event: 26.088 loading class java/util/zip/GZIPOutputStream done
Event: 26.126 loading class java/io/StringReader
Event: 26.126 loading class java/io/StringReader done
Event: 26.136 loading class java/net/SocketTimeoutException
Event: 26.136 loading class java/io/InterruptedIOException
Event: 26.136 loading class java/io/InterruptedIOException done
Event: 26.136 loading class java/net/SocketTimeoutException done
Event: 26.137 loading class java/net/SocketException
Event: 26.137 loading class java/net/SocketException done
Event: 26.137 loading class java/net/UnknownHostException
Event: 26.137 loading class java/net/UnknownHostException done
Event: 26.137 loading class java/net/ProtocolException
Event: 26.137 loading class java/net/ProtocolException done
Event: 26.155 loading class java/lang/ThreadLocal$SuppliedThreadLocal
Event: 26.155 loading class java/lang/ThreadLocal$SuppliedThreadLocal done
Event: 26.164 loading class java/io/FileWriter
Event: 26.164 loading class java/io/FileWriter done
Event: 26.282 loading class java/lang/NegativeArraySizeException
Event: 26.283 loading class java/lang/NegativeArraySizeException done


Dynamic libraries:
0x00007ff6f8fd0000 - 0x00007ff6f8fde000 	c:\Users\hp\.vscode\extensions\redhat.java-1.33.0-win32-x64\jre\17.0.11-win32-x86_64\bin\java.exe
0x00007ffdd0bb0000 - 0x00007ffdd0da8000 	C:\WINDOWS\SYSTEM32\ntdll.dll
0x00007ffdcfea0000 - 0x00007ffdcff61000 	C:\WINDOWS\System32\KERNEL32.DLL
0x00007ffdce2d0000 - 0x00007ffdce5c6000 	C:\WINDOWS\System32\KERNELBASE.dll
0x00007ffdce680000 - 0x00007ffdce780000 	C:\WINDOWS\System32\ucrtbase.dll
0x00007ffd82a60000 - 0x00007ffd82a77000 	c:\Users\hp\.vscode\extensions\redhat.java-1.33.0-win32-x64\jre\17.0.11-win32-x86_64\bin\jli.dll
0x00007ffdcfcd0000 - 0x00007ffdcfe6f000 	C:\WINDOWS\System32\USER32.dll
0x00007ffdcea00000 - 0x00007ffdcea22000 	C:\WINDOWS\System32\win32u.dll
0x00007ffdd0a30000 - 0x00007ffdd0a5b000 	C:\WINDOWS\System32\GDI32.dll
0x00007ffdcea30000 - 0x00007ffdceb47000 	C:\WINDOWS\System32\gdi32full.dll
0x00007ffdce780000 - 0x00007ffdce81d000 	C:\WINDOWS\System32\msvcp_win.dll
0x00007ffd692d0000 - 0x00007ffd692eb000 	c:\Users\hp\.vscode\extensions\redhat.java-1.33.0-win32-x64\jre\17.0.11-win32-x86_64\bin\VCRUNTIME140.dll
0x00007ffda9500000 - 0x00007ffda979a000 	C:\WINDOWS\WinSxS\amd64_microsoft.windows.common-controls_6595b64144ccf1df_6.0.19041.4355_none_60b8b9eb71f62e16\COMCTL32.dll
0x00007ffdcf380000 - 0x00007ffdcf41e000 	C:\WINDOWS\System32\msvcrt.dll
0x00007ffdcfe70000 - 0x00007ffdcfe9f000 	C:\WINDOWS\System32\IMM32.DLL
0x00007ffd84190000 - 0x00007ffd8419c000 	c:\Users\hp\.vscode\extensions\redhat.java-1.33.0-win32-x64\jre\17.0.11-win32-x86_64\bin\vcruntime140_1.dll
0x00007ffd68520000 - 0x00007ffd685ad000 	c:\Users\hp\.vscode\extensions\redhat.java-1.33.0-win32-x64\jre\17.0.11-win32-x86_64\bin\msvcp140.dll
0x00007ffd678b0000 - 0x00007ffd68512000 	c:\Users\hp\.vscode\extensions\redhat.java-1.33.0-win32-x64\jre\17.0.11-win32-x86_64\bin\server\jvm.dll
0x00007ffdd0a60000 - 0x00007ffdd0b10000 	C:\WINDOWS\System32\ADVAPI32.dll
0x00007ffdd06e0000 - 0x00007ffdd0780000 	C:\WINDOWS\System32\sechost.dll
0x00007ffdcf0a0000 - 0x00007ffdcf1c3000 	C:\WINDOWS\System32\RPCRT4.dll
0x00007ffdce9d0000 - 0x00007ffdce9f7000 	C:\WINDOWS\System32\bcrypt.dll
0x00007ffdce0b0000 - 0x00007ffdce0fb000 	C:\WINDOWS\SYSTEM32\POWRPROF.dll
0x00007ffdb42c0000 - 0x00007ffdb42c9000 	C:\WINDOWS\SYSTEM32\WSOCK32.dll
0x00007ffdcf780000 - 0x00007ffdcf7eb000 	C:\WINDOWS\System32\WS2_32.dll
0x00007ffda9a90000 - 0x00007ffda9ab7000 	C:\WINDOWS\SYSTEM32\WINMM.dll
0x00007ffdc9340000 - 0x00007ffdc934a000 	C:\WINDOWS\SYSTEM32\VERSION.dll
0x00007ffdce090000 - 0x00007ffdce0a2000 	C:\WINDOWS\SYSTEM32\UMPDC.dll
0x00007ffdcc0e0000 - 0x00007ffdcc0f2000 	C:\WINDOWS\SYSTEM32\kernel.appcore.dll
0x00007ffd678a0000 - 0x00007ffd678aa000 	c:\Users\hp\.vscode\extensions\redhat.java-1.33.0-win32-x64\jre\17.0.11-win32-x86_64\bin\jimage.dll
0x00007ffdc7fa0000 - 0x00007ffdc8184000 	C:\WINDOWS\SYSTEM32\DBGHELP.DLL
0x00007ffdc8440000 - 0x00007ffdc8474000 	C:\WINDOWS\SYSTEM32\dbgcore.DLL
0x00007ffdceb50000 - 0x00007ffdcebd2000 	C:\WINDOWS\System32\bcryptPrimitives.dll
0x00007ffd677f0000 - 0x00007ffd677fe000 	c:\Users\hp\.vscode\extensions\redhat.java-1.33.0-win32-x64\jre\17.0.11-win32-x86_64\bin\instrument.dll
0x00007ffd67820000 - 0x00007ffd67845000 	c:\Users\hp\.vscode\extensions\redhat.java-1.33.0-win32-x64\jre\17.0.11-win32-x86_64\bin\java.dll
0x00007ffd67800000 - 0x00007ffd67818000 	c:\Users\hp\.vscode\extensions\redhat.java-1.33.0-win32-x64\jre\17.0.11-win32-x86_64\bin\zip.dll
0x00007ffdcff70000 - 0x00007ffdd06dc000 	C:\WINDOWS\System32\SHELL32.dll
0x00007ffdcc2e0000 - 0x00007ffdcca7e000 	C:\WINDOWS\SYSTEM32\windows.storage.dll
0x00007ffdcf420000 - 0x00007ffdcf773000 	C:\WINDOWS\System32\combase.dll
0x00007ffdcdc10000 - 0x00007ffdcdc3e000 	C:\WINDOWS\SYSTEM32\Wldp.dll
0x00007ffdd08b0000 - 0x00007ffdd097d000 	C:\WINDOWS\System32\OLEAUT32.dll
0x00007ffdd0980000 - 0x00007ffdd0a2d000 	C:\WINDOWS\System32\SHCORE.dll
0x00007ffdcf7f0000 - 0x00007ffdcf845000 	C:\WINDOWS\System32\shlwapi.dll
0x00007ffdce190000 - 0x00007ffdce1b4000 	C:\WINDOWS\SYSTEM32\profapi.dll
0x00007ffd69080000 - 0x00007ffd69099000 	C:\Users\hp\.vscode\extensions\redhat.java-1.33.0-win32-x64\jre\17.0.11-win32-x86_64\bin\net.dll
0x00007ffdc72c0000 - 0x00007ffdc73ca000 	C:\WINDOWS\SYSTEM32\WINHTTP.dll
0x00007ffdcd970000 - 0x00007ffdcd9da000 	C:\WINDOWS\system32\mswsock.dll
0x00007ffd69060000 - 0x00007ffd69076000 	C:\Users\hp\.vscode\extensions\redhat.java-1.33.0-win32-x64\jre\17.0.11-win32-x86_64\bin\nio.dll
0x00007ffd89840000 - 0x00007ffd89850000 	c:\Users\hp\.vscode\extensions\redhat.java-1.33.0-win32-x64\jre\17.0.11-win32-x86_64\bin\verify.dll
0x00007ffd6d3c0000 - 0x00007ffd6d405000 	C:\Users\hp\AppData\Roaming\Code\User\globalStorage\redhat.java\1.33.0\config_win\org.eclipse.equinox.launcher\org.eclipse.equinox.launcher.win32.win32.x86_64_1.2.1100.v20240722-2106\eclipse_11904.dll
0x00007ffdcf230000 - 0x00007ffdcf35b000 	C:\WINDOWS\System32\ole32.dll
0x00007ffdcdb60000 - 0x00007ffdcdb78000 	C:\WINDOWS\SYSTEM32\CRYPTSP.dll
0x00007ffdcd290000 - 0x00007ffdcd2c4000 	C:\WINDOWS\system32\rsaenh.dll
0x00007ffdce100000 - 0x00007ffdce12e000 	C:\WINDOWS\SYSTEM32\USERENV.dll
0x00007ffdcdb80000 - 0x00007ffdcdb8c000 	C:\WINDOWS\SYSTEM32\CRYPTBASE.dll
0x00007ffdcd650000 - 0x00007ffdcd68b000 	C:\WINDOWS\SYSTEM32\IPHLPAPI.DLL
0x00007ffdced20000 - 0x00007ffdced28000 	C:\WINDOWS\System32\NSI.dll
0x00007ffdc8480000 - 0x00007ffdc8497000 	C:\WINDOWS\SYSTEM32\dhcpcsvc6.DLL
0x00007ffdc8940000 - 0x00007ffdc895d000 	C:\WINDOWS\SYSTEM32\dhcpcsvc.DLL
0x00007ffdcd690000 - 0x00007ffdcd75a000 	C:\WINDOWS\SYSTEM32\DNSAPI.dll
0x00007ffd65400000 - 0x00007ffd65445000 	C:\Users\hp\AppData\Local\Temp\jna-3336\jna8120166152087865532.dll
0x00007ffdcfcc0000 - 0x00007ffdcfcc8000 	C:\WINDOWS\System32\PSAPI.DLL

dbghelp: loaded successfully - version: 4.0.5 - missing functions: none
symbol engine: initialized successfully - sym options: 0x614 - pdb path: .;c:\Users\hp\.vscode\extensions\redhat.java-1.33.0-win32-x64\jre\17.0.11-win32-x86_64\bin;C:\WINDOWS\SYSTEM32;C:\WINDOWS\WinSxS\amd64_microsoft.windows.common-controls_6595b64144ccf1df_6.0.19041.4355_none_60b8b9eb71f62e16;c:\Users\hp\.vscode\extensions\redhat.java-1.33.0-win32-x64\jre\17.0.11-win32-x86_64\bin\server;C:\Users\hp\AppData\Roaming\Code\User\globalStorage\redhat.java\1.33.0\config_win\org.eclipse.equinox.launcher\org.eclipse.equinox.launcher.win32.win32.x86_64_1.2.1100.v20240722-2106;C:\Users\hp\AppData\Local\Temp\jna-3336

VM Arguments:
jvm_args: --add-modules=ALL-SYSTEM --add-opens=java.base/java.util=ALL-UNNAMED --add-opens=java.base/java.lang=ALL-UNNAMED --add-opens=java.base/sun.nio.fs=ALL-UNNAMED -Declipse.application=org.eclipse.jdt.ls.core.id1 -Dosgi.bundles.defaultStartLevel=4 -Declipse.product=org.eclipse.jdt.ls.core.product -Djava.import.generatesMetadataFilesAtProjectRoot=false -DDetectVMInstallationsJob.disabled=true -Dfile.encoding=utf8 -XX:+UseParallelGC -XX:GCTimeRatio=4 -XX:AdaptiveSizePolicyWeight=90 -Dsun.zip.disableMemoryMapping=true -Xmx1G -Xms100m -Xlog:disable -javaagent:c:\Users\hp\.vscode\extensions\redhat.java-1.33.0-win32-x64\lombok\lombok-1.18.33.jar -XX:+HeapDumpOnOutOfMemoryError -XX:HeapDumpPath=c:\Users\hp\AppData\Roaming\Code\User\workspaceStorage\957d33e6aa10f20311ffc09783cdaabf\redhat.java -Daether.dependencyCollector.impl=bf 
java_command: c:\Users\hp\.vscode\extensions\redhat.java-1.33.0-win32-x64\server\plugins\org.eclipse.equinox.launcher_1.6.900.v20240613-2009.jar -configuration c:\Users\hp\AppData\Roaming\Code\User\globalStorage\redhat.java\1.33.0\config_win -data c:\Users\hp\AppData\Roaming\Code\User\workspaceStorage\957d33e6aa10f20311ffc09783cdaabf\redhat.java\jdt_ws --pipe=\\.\pipe\lsp-735306d3041ebe34b26bbbb710386567-sock
java_class_path (initial): c:\Users\hp\.vscode\extensions\redhat.java-1.33.0-win32-x64\server\plugins\org.eclipse.equinox.launcher_1.6.900.v20240613-2009.jar
Launcher Type: SUN_STANDARD

[Global flags]
    uintx AdaptiveSizePolicyWeight                 = 90                                        {product} {command line}
     intx CICompilerCount                          = 3                                         {product} {ergonomic}
    uintx GCTimeRatio                              = 4                                         {product} {command line}
     bool HeapDumpOnOutOfMemoryError               = true                                   {manageable} {command line}
    ccstr HeapDumpPath                             = c:\Users\hp\AppData\Roaming\Code\User\workspaceStorage\957d33e6aa10f20311ffc09783cdaabf\redhat.java         {manageable} {command line}
   size_t InitialHeapSize                          = 104857600                                 {product} {command line}
   size_t MaxHeapSize                              = 1073741824                                {product} {command line}
   size_t MaxNewSize                               = 357564416                                 {product} {ergonomic}
   size_t MinHeapDeltaBytes                        = 524288                                    {product} {ergonomic}
   size_t MinHeapSize                              = 104857600                                 {product} {command line}
   size_t NewSize                                  = 34603008                                  {product} {ergonomic}
    uintx NonNMethodCodeHeapSize                   = 5832780                                {pd product} {ergonomic}
    uintx NonProfiledCodeHeapSize                  = 122912730                              {pd product} {ergonomic}
   size_t OldSize                                  = 70254592                                  {product} {ergonomic}
    uintx ProfiledCodeHeapSize                     = 122912730                              {pd product} {ergonomic}
    uintx ReservedCodeCacheSize                    = 251658240                              {pd product} {ergonomic}
     bool SegmentedCodeCache                       = true                                      {product} {ergonomic}
   size_t SoftMaxHeapSize                          = 1073741824                             {manageable} {ergonomic}
     bool UseCompressedClassPointers               = true                           {product lp64_product} {ergonomic}
     bool UseCompressedOops                        = true                           {product lp64_product} {ergonomic}
     bool UseLargePagesIndividualAllocation        = false                                  {pd product} {ergonomic}
     bool UseParallelGC                            = true                                      {product} {command line}

Logging:
Log output configuration:
 #0: stdout all=off uptime,level,tags
 #1: stderr all=off uptime,level,tags

Environment Variables:
JAVA_HOME=C:\Program Files\Java\jdk-19
PATH=C:\Program Files\Common Files\Oracle\Java\javapath;C:\Program Files (x86)\Common Files\Oracle\Java\javapath;C:\WINDOWS\system32;C:\WINDOWS;C:\WINDOWS\System32\Wbem;C:\WINDOWS\System32\WindowsPowerShell\v1.0\;C:\WINDOWS\System32\OpenSSH\;C:\Program Files\Microsoft SQL Server\150\Tools\Binn\;C:\Program Files (x86)\dotnet\;C:\Program Files\Microsoft SQL Server\Client SDK\ODBC\170\Tools\Binn\;C:\Program Files (x86)\Microsoft SQL Server\150\Tools\Binn\;C:\Program Files\Microsoft SQL Server\150\DTS\Binn\;C:\Program Files\nodejs\;C:\Program Files\Git\cmd;C:\Program Files\MongoDB\mongosh-2.1.1-win32-x64\mongosh-2.1.1-win32-x64\bin;C:\Program Files\MongoDB\Tools\100\bin;C:\Hdo\elasticsearch-8.11.3-windows-x86_64\elasticsearch-8.11.3\bin;C:\Hdo\kibana-8.11.3-windows-x86_64\kibana-8.11.3\bin;C:\Hdo\logstash-8.11.3-windows-x86_64\logstash-8.11.3\bin;C:\Users\hp\Downloads\apache-maven-3.9.5-bin\apache-maven-3.9.5\bin;C:\Users\hp\AppData\Local\Microsoft\WindowsApps;C:\Users\hp\AppData\Local\Programs\Microsoft VS Code\bin;C:\MAMP\bin\mysql\bin;C:\Program Files\Azure Data Studio\bin;C:\Users\hp\AppData\Roaming\npm;C:\Program Files\Java\jdk-19\bin;C:\Program Files\JetBrains\IntelliJ IDEA 2023.2.4\bin;;C:\flutter\flutter_windows_3.19.5-stable\flutter\bin;C:\Users\hp\Downloads\apache-maven-3.9.7-bin\apache-maven-3.9.7\bin;
USERNAME=hp
OS=Windows_NT
PROCESSOR_IDENTIFIER=Intel64 Family 6 Model 78 Stepping 3, GenuineIntel
TMP=C:\Users\hp\AppData\Local\Temp
TEMP=C:\Users\hp\AppData\Local\Temp



Periodic native trim disabled


---------------  S Y S T E M  ---------------

OS:
 Windows 10 , 64 bit Build 19041 (10.0.19041.4597)
OS uptime: 0 days 2:04 hours

CPU: total 4 (initial active 4) (2 cores per cpu, 2 threads per core) family 6 model 78 stepping 3 microcode 0xcc, cx8, cmov, fxsr, ht, mmx, 3dnowpref, sse, sse2, sse3, ssse3, sse4.1, sse4.2, popcnt, lzcnt, tsc, tscinvbit, avx, avx2, aes, erms, clmul, bmi1, bmi2, rtm, adx, fma, vzeroupper, clflush, clflushopt
Processor Information for all 4 processors :
  Max Mhz: 2496, Current Mhz: 2396, Mhz Limit: 2396

Memory: 4k page, system-wide physical 8039M (672M free)
TotalPageFile size 15669M (AvailPageFile size 0M)
current process WorkingSet (physical memory assigned to process): 159M, peak: 159M
current process commit charge ("private bytes"): 250M, peak: 250M

vm_info: OpenJDK 64-Bit Server VM (17.0.11+9) for windows-amd64 JRE (17.0.11+9), built on Apr 17 2024 06:07:48 by "admin" with MS VC++ 16.10 / 16.11 (VS2019)

END.
